

<!DOCTYPE html>
<html>
<head>
<meta charset="utf-8">
<meta name="viewport" content="width=device-width, initial-scale=1, shrink-to-fit=no">
<title>QA-Automation Reports</title>
<link rel="apple-touch-icon" href="https://cdn.jsdelivr.net/gh/extent-framework/extent-github-cdn@b00a2d0486596e73dd7326beacf352c639623a0e/commons/img/logo.png">
<link rel="shortcut icon" href="https://cdn.jsdelivr.net/gh/extent-framework/extent-github-cdn@b00a2d0486596e73dd7326beacf352c639623a0e/commons/img/logo.png">
<link href="https://cdn.jsdelivr.net/gh/extent-framework/extent-github-cdn@c952cc003431b643d7a73337421ff42b75bac784/spark/css/spark-style.css" rel="stylesheet" />
<link href="https://stackpath.bootstrapcdn.com/font-awesome/4.7.0/css/font-awesome.min.css" rel="stylesheet">
<script src="https://cdn.rawgit.com/extent-framework/extent-github-cdn/7cc78ce/spark/js/jsontree.js"></script>
<style type="text/css"></style></head><body class="spa bdd-report standard">
  <div class="app">
    <div class="layout">
<div class="header navbar">
<div class="vheader">
<div class="nav-logo">
<a href="#">
<div class="logo" style="background-image: url('https://cdn.jsdelivr.net/gh/extent-framework/extent-github-cdn@b00a2d0486596e73dd7326beacf352c639623a0e/commons/img/logo.png')"></div>
</a>
</div>
<ul class="nav-left">
<li class="search-box">
<a class="search-toggle" href="#">
<i class="search-icon fa fa-search"></i>
<i class="search-icon-close fa fa-close"></i>
</a>
</li>
<li class="search-input"><input id="search-tests" class="form-control" type="text" placeholder="Search..."></li>
</ul>
<ul class="nav-right">
<li class="m-r-10">
<a href="#"><span class="badge badge-primary">QA Automation Report</span></a>
</li>
<li class="m-r-10">
<a href="#"><span class="badge badge-primary">Apr 16, 2025 12:58:56 PM</span></a>
</li>
</ul>
</div>
</div><div class="side-nav">
<div class="side-nav-inner">
<ul class="side-nav-menu">
<li class="nav-item dropdown" onclick="toggleView('dashboard-view')">
<a id="nav-dashboard" class="dropdown-toggle" href="#">
<span class="ico"><i class="fa fa-bar-chart"></i></span>
</a>
</li>
<li class="nav-item dropdown" onclick="toggleView('test-view')">
<a id="nav-test" class="dropdown-toggle" href="#">
<span class="ico"><i class="fa fa-list"></i></span>
</a>
</li>
<li class="nav-item dropdown" onclick="toggleView('category-view')">
<a id="nav-category" class="dropdown-toggle" href="#">
<span class="ico"><i class="fa fa-tag"></i></span>
</a>
</li>
<li class="nav-item dropdown" onclick="toggleView('exception-view')">
<a id="nav-exception" class="dropdown-toggle" href="#">
<span class="ico"><i class="fa fa-bug"></i></span>
</a>
</li>
</ul>
</div>
</div>      <div class="vcontainer">
        <div class="main-content">
<div class="container-fluid p-4 view dashboard-view">
<div class="row">
<div class="col-md-3">
<div class="card"><div class="card-body">
<p class="m-b-0">Started</p>
<h3>Apr 16, 2025 12:58:56 PM</h3>
</div></div>
</div>
<div class="col-md-3">
<div class="card"><div class="card-body">
<p class="m-b-0">Ended</p>
<h3>Apr 16, 2025 12:59:26 PM</h3>
</div></div>
</div>
<div class="col-md-3">
<div class="card"><div class="card-body">
<p class="m-b-0 text-pass">Features Passed</p>
<h3>0</h3>
</div></div>
</div>
<div class="col-md-3">
<div class="card"><div class="card-body">
<p class="m-b-0 text-fail">Features Failed</p>
<h3>1</h3>
</div></div>
</div>
</div>
<div class="row">
<div class="col-md-4">
<div class="card">
<div class="card-header">
<h6 class="card-title">Features</h6>
</div>
<div class="card-body">
<div class="">
<canvas id='parent-analysis' width='115' height='90'></canvas>
</div>
</div>
<div class="card-footer">
<div><small data-tooltip='0%'>
<b>0</b> features passed
</small>
</div>
<div>
<small data-tooltip='100%'><b>1</b> features failed,
<b>0</b> skipped, <b data-tooltip='0%'>0</b> others
</small>
</div>
</div>
</div>
</div>
<div class="col-md-4">
<div class="card">
<div class="card-header">
<h6 class="card-title">Scenarios</h6>
</div>
<div class="card-body">
<div class="">
<canvas id='child-analysis' width='115' height='90'></canvas>
</div>
</div>
<div class="card-footer">
<div><small data-tooltip='3%'><b>1</b> scenarios passed</small></div>
<div>
<small data-tooltip='96%'><b>27</b> scenarios failed,
<b>0</b> skipped, <b data-tooltip='%'>0</b> others
</small>
</div>
</div>
</div>
</div>
<div class="col-md-4">
<div class="card">
<div class="card-header">
<h6 class="card-title">Steps</h6>
</div>
<div class="card-body">
<div class="">
<canvas id='grandchild-analysis' width='115' height='90'></canvas>
</div>
</div>
<div class="card-footer">
<div><small data-tooltip='1%'><b>3</b> steps passed</small></div>
<div>
<small data-tooltip='34%'><b>54</b> steps failed,
<b>98</b> skipped, <b data-tooltip='%'>0</b> others
</small>
</div>
</div>
</div>
</div>
</div>
<div class="row"><div class="col-md-12">
<div class="card"><div class="card-header"><p>Timeline</p></div>
<div class="card-body pt-0"><div>
<canvas id="timeline" height="120"></canvas>
</div></div>
</div>
</div></div>
<script>
var timeline = {
"BestBuy Purchase":28.589
};
</script>
<div class="row">
<div class="col-lg-6 col-md-12 category-container">
<div class="card">
<div class="card-header"><p>Tags</p></div>
<div class="card-body pb-0 pt-0"><table class="table table-sm table-bordered">
<thead><tr class="bg-gray"><th>Name</th><th>Passed</th><th>Failed</th><th>Skipped</th><th>Others</th><th>Passed %</th></tr></thead><tbody>
<tr>
<td>@TC_ID_1014</td>
<td>0</td>
<td>1</td>
<td>0</td>
<td>0</td>
<td>0%</td>
</tr>
<tr>
<td>@TC_ID_1030</td>
<td>0</td>
<td>1</td>
<td>0</td>
<td>0</td>
<td>0%</td>
</tr>
<tr>
<td>@TC_ID_1017</td>
<td>0</td>
<td>1</td>
<td>0</td>
<td>0</td>
<td>0%</td>
</tr>
<tr>
<td>@TC_ID_1010</td>
<td>0</td>
<td>1</td>
<td>0</td>
<td>0</td>
<td>0%</td>
</tr>
<tr>
<td>@TC_ID_1019</td>
<td>0</td>
<td>1</td>
<td>0</td>
<td>0</td>
<td>0%</td>
</tr>
<tr>
<td>@TC_ID_1012</td>
<td>0</td>
<td>1</td>
<td>0</td>
<td>0</td>
<td>0%</td>
</tr>
<tr>
<td>@TC_ID_1022</td>
<td>0</td>
<td>1</td>
<td>0</td>
<td>0</td>
<td>0%</td>
</tr>
<tr>
<td>@TC_ID_1009</td>
<td>0</td>
<td>1</td>
<td>0</td>
<td>0</td>
<td>0%</td>
</tr>
<tr>
<td>@TC_ID_1023</td>
<td>0</td>
<td>1</td>
<td>0</td>
<td>0</td>
<td>0%</td>
</tr>
<tr>
<td>@TC_ID_1007</td>
<td>0</td>
<td>1</td>
<td>0</td>
<td>0</td>
<td>0%</td>
</tr>
<tr>
<td>@TC_ID_1004</td>
<td>0</td>
<td>1</td>
<td>0</td>
<td>0</td>
<td>0%</td>
</tr>
<tr>
<td>@TC_ID_1006</td>
<td>0</td>
<td>1</td>
<td>0</td>
<td>0</td>
<td>0%</td>
</tr>
<tr>
<td>@TC_ID_1025</td>
<td>0</td>
<td>1</td>
<td>0</td>
<td>0</td>
<td>0%</td>
</tr>
<tr>
<td>@WEB</td>
<td>1</td>
<td>27</td>
<td>0</td>
<td>0</td>
<td>3.571%</td>
</tr>
<tr>
<td>@TC_ID_1005</td>
<td>0</td>
<td>1</td>
<td>0</td>
<td>0</td>
<td>0%</td>
</tr>
<tr>
<td>@TC_ID_1001</td>
<td>1</td>
<td>0</td>
<td>0</td>
<td>0</td>
<td>100%</td>
</tr>
<tr>
<td>@TC_ID_1011</td>
<td>0</td>
<td>1</td>
<td>0</td>
<td>0</td>
<td>0%</td>
</tr>
<tr>
<td>@TEST1</td>
<td>1</td>
<td>27</td>
<td>0</td>
<td>0</td>
<td>3.571%</td>
</tr>
<tr>
<td>@TC_ID_1021</td>
<td>0</td>
<td>1</td>
<td>0</td>
<td>0</td>
<td>0%</td>
</tr>
<tr>
<td>@TC_ID_1020</td>
<td>0</td>
<td>1</td>
<td>0</td>
<td>0</td>
<td>0%</td>
</tr>
<tr>
<td>@TC_ID_1013</td>
<td>0</td>
<td>1</td>
<td>0</td>
<td>0</td>
<td>0%</td>
</tr>
<tr>
<td>@TC_ID_1015</td>
<td>0</td>
<td>1</td>
<td>0</td>
<td>0</td>
<td>0%</td>
</tr>
<tr>
<td>@TC_ID_1003</td>
<td>0</td>
<td>1</td>
<td>0</td>
<td>0</td>
<td>0%</td>
</tr>
<tr>
<td>@TC_ID_1024</td>
<td>0</td>
<td>1</td>
<td>0</td>
<td>0</td>
<td>0%</td>
</tr>
<tr>
<td>@TC_ID_1027</td>
<td>0</td>
<td>1</td>
<td>0</td>
<td>0</td>
<td>0%</td>
</tr>
<tr>
<td>@TC_ID_1031</td>
<td>0</td>
<td>1</td>
<td>0</td>
<td>0</td>
<td>0%</td>
</tr>
<tr>
<td>@TC_ID_1028</td>
<td>0</td>
<td>1</td>
<td>0</td>
<td>0</td>
<td>0%</td>
</tr>
<tr>
<td>@TC_ID_1032</td>
<td>0</td>
<td>1</td>
<td>0</td>
<td>0</td>
<td>0%</td>
</tr>
<tr>
<td>@TC_ID_1016</td>
<td>0</td>
<td>1</td>
<td>0</td>
<td>0</td>
<td>0%</td>
</tr>
<tr>
<td>@TC_ID_1029</td>
<td>0</td>
<td>1</td>
<td>0</td>
<td>0</td>
<td>0%</td>
</tr>
<tr>
<td>@TC_ID_1018</td>
<td>0</td>
<td>1</td>
<td>0</td>
<td>0</td>
<td>0%</td>
</tr>
<tr>
<td>@TC_ID_1002</td>
<td>1</td>
<td>0</td>
<td>0</td>
<td>0</td>
<td>100%</td>
</tr>
<tr>
<td>@TC_ID_1008</td>
<td>0</td>
<td>1</td>
<td>0</td>
<td>0</td>
<td>0%</td>
</tr>
<tr>
<td>@TC_ID_1026</td>
<td>0</td>
<td>1</td>
<td>0</td>
<td>0</td>
<td>0%</td>
</tr>
</tbody>
</table></div>
</div>
</div>
<div class="col-lg-6 col-md-12 sysenv-container">
<div class="card">
<div class="card-header"><p>System/Environment</p></div>
<div class="card-body pb-0 pt-0"><table class="table table-sm table-bordered">
<thead><tr class="bg-gray"><th>Name</th><th>Value</th></tr></thead>
<tbody>
<tr>
<td>AppName</td>
<td>BestBuy-Website</td>
</tr>
<tr>
<td>Application Name</td>
<td>BestBuy E-Commerce Website</td>
</tr>
<tr>
<td>Application URL</td>
<td>https://www.bestbuy.com/</td>
</tr>
<tr>
<td>Operating System</td>
<td>Windows 11</td>
</tr>
<tr>
<td>Execution Browser</td>
<td>chrome</td>
</tr>
<tr>
<td>Browser Version</td>
<td>135.0.7049.85</td>
</tr>
<tr>
<td>Execution Machine</td>
<td>LAPTOP-G0UQGSFP</td>
</tr>
<tr>
<td>Automation QA</td>
<td>Bhaanureaka K</td>
</tr>
</tbody>
</table></div>
</div>
</div>
</div>
</div>
<script>
var statusGroup = {
parentCount: 5,
passParent: 0,
failParent: 1,
warningParent: 0,
skipParent: 0,
childCount: 5,
passChild: 1,
failChild: 27,
warningChild: 0,
skipChild: 0,
infoChild: 0,
grandChildCount: 5,
passGrandChild: 3,
failGrandChild: 54,
warningGrandChild: 0,
skipGrandChild: 98,
infoGrandChild: 0,
eventsCount: 5,
};
</script><div class="test-wrapper row view test-view">
  <div class="test-list">
    <div class="test-list-tools">
<ul class="tools pull-left">
<li><a href="#"><span class="font-size-14">Tests</span></a></li>
</ul>
<ul class="tools text-right">
<li class="dropdown">
<a href="#" class="dropdown-toggle" data-toggle="dropdown"><i class="fa fa-exclamation-circle"></i></a>
<ul id="status-toggle" class="dropdown-menu dropdown-md p-v-0">
<a class="dropdown-item" status="fail" href="#"><span>Fail</span><span class="status danger"></span></a>
<div class="dropdown-divider"></div>
<a status="clear" class="dropdown-item" href="#"><span>Clear</span><span class="pull-right"><i class="fa fa-close"></i></span></a>
</ul>
</li>
<li class="dropdown">
<a href="#" class="dropdown-toggle" data-toggle="dropdown"><i class="fa fa-tag"></i></a>
<ul id="tag-toggle" class="dropdown-menu dropdown-md p-v-0">
<a class="dropdown-item" href="#">@TC_ID_1014</a><a class="dropdown-item" href="#">@TC_ID_1030</a><a class="dropdown-item" href="#">@TC_ID_1017</a><a class="dropdown-item" href="#">@TC_ID_1010</a><a class="dropdown-item" href="#">@TC_ID_1019</a><a class="dropdown-item" href="#">@TC_ID_1012</a><a class="dropdown-item" href="#">@TC_ID_1022</a><a class="dropdown-item" href="#">@TC_ID_1009</a><a class="dropdown-item" href="#">@TC_ID_1023</a><a class="dropdown-item" href="#">@TC_ID_1007</a><a class="dropdown-item" href="#">@TC_ID_1004</a><a class="dropdown-item" href="#">@TC_ID_1006</a><a class="dropdown-item" href="#">@TC_ID_1025</a><a class="dropdown-item" href="#">@WEB</a><a class="dropdown-item" href="#">@TC_ID_1005</a><a class="dropdown-item" href="#">@TC_ID_1001</a><a class="dropdown-item" href="#">@TC_ID_1011</a><a class="dropdown-item" href="#">@TEST1</a><a class="dropdown-item" href="#">@TC_ID_1021</a><a class="dropdown-item" href="#">@TC_ID_1020</a><a class="dropdown-item" href="#">@TC_ID_1013</a><a class="dropdown-item" href="#">@TC_ID_1015</a><a class="dropdown-item" href="#">@TC_ID_1003</a><a class="dropdown-item" href="#">@TC_ID_1024</a><a class="dropdown-item" href="#">@TC_ID_1027</a><a class="dropdown-item" href="#">@TC_ID_1031</a><a class="dropdown-item" href="#">@TC_ID_1028</a><a class="dropdown-item" href="#">@TC_ID_1032</a><a class="dropdown-item" href="#">@TC_ID_1016</a><a class="dropdown-item" href="#">@TC_ID_1029</a><a class="dropdown-item" href="#">@TC_ID_1018</a><a class="dropdown-item" href="#">@TC_ID_1002</a><a class="dropdown-item" href="#">@TC_ID_1008</a><a class="dropdown-item" href="#">@TC_ID_1026</a>
</ul>
</li>
</ul>
</div>    <div class="test-list-wrapper scrollable">
      <ul class="test-list-item">
        <li class="test-item"  status="fail" test-id="1"
          author=""
          tag=""
          device="">
          <div class="test-detail">
            <p class="name">BestBuy Purchase</p>
            <p class="text-sm">
              <span>12:58:57 PM</span> / <span>00:00:28:589</span>
              <span class="badge fail-bg log float-right">Fail</span>
            </p>
          </div>
          <div class="test-contents d-none">
<div class="detail-head">
<div class="p-v-10">
<div class="info">
<h5 class="test-status text-fail">BestBuy Purchase</h5>
<span class='badge badge-success'>04.16.2025 12:58:57</span>
<span class='badge badge-danger'>04.16.2025 12:59:26</span>
<span class='badge badge-default'>00:00:28:589</span>
&middot; <span class='uri-anchor badge badge-default'>#test-id=1</span>
</div>
<div class="m-t-10 m-l-5"></div>
</div>
</div>
<div class="accordion mt-4">
  <div class="card">
    <div class="card-header" role="tab">
      <div class="card-title">
        <div class="node" id="2"><span class="badge log pass-bg mr-2">Pass</span>Launch BestBuy Website, Select a Country and Validate URL is valid</div>
      </div>
    </div>
        <div class="collapse">
          <div class="card-body">
              <div class="step pass-bg" title="Happy_Path_Patient_Web_and_MR.stepDefinitions.BestBuySteps.as_a_user_i_should_launch_best_buy_website()">
                <span>Given As a user i should launch BestBuy Website</span>
      <div>
      </div>
              </div>
              <div class="step pass-bg" title="Happy_Path_Patient_Web_and_MR.stepDefinitions.BestBuySteps.i_should_select_country(java.lang.String)">
                <span>And I should "&COUNTRY NAME&" select Country</span>
      <div>
      </div>
              </div>
              <div class="step pass-bg" title="Happy_Path_Patient_Web_and_MR.stepDefinitions.BestBuySteps.iShouldValidateURLIsValid(java.lang.String)">
                <span>Then I should validate URL "&CURRENT URL&" is valid</span>
      <div>
      </div>
              </div>
          </div>
        </div>
  </div>
  <div class="card">
    <div class="card-header" role="tab">
      <div class="card-title">
        <div class="node" id="8"><span class="badge log fail-bg mr-2">Fail</span>Create Account with No Test Data and Invalid Data</div>
      </div>
    </div>
        <div class="">
          <div class="card-body">
              <div class="step fail-bg" title="Happy_Path_Patient_Web_and_MR.stepDefinitions.BestBuySteps.asAUserIShouldNavigateToCreateAccountPage()">
                <span>Given As a user i should navigate to Create Account page</span>
      <div>
        <textarea disabled class="code-block">java.lang.AssertionError: expected [true] but found [false]
	at org.testng.Assert.fail(Assert.java:99)
	at org.testng.Assert.failNotEquals(Assert.java:1037)
	at org.testng.Assert.assertTrue(Assert.java:45)
	at org.testng.Assert.assertTrue(Assert.java:55)
	at Happy_Path_Patient_Web_and_MR.stepDefinitions.BestBuySteps.asAUserIShouldNavigateToCreateAccountPage(BestBuySteps.java:42)
	at ?.As a user i should navigate to Create Account page(file:///E:/ShareWebCopy_Guvi_BestBuy/src/test/resources/features/BestBuyPurchase/1_GUVI_BestBuyPurchase.feature:15)
</textarea>
      
      </div>
              </div>
              <div class="step skip-bg" title="Happy_Path_Patient_Web_and_MR.stepDefinitions.BestBuySteps.iShouldNotEnterAnyDataInInputFieldsAndClickOnCreateAnAccountButton()">
                <span>And I should not enter any data in input fields and Click on Create an Account button</span>
      <div>Step skipped
      </div>
              </div>
              <div class="step skip-bg" title="Happy_Path_Patient_Web_and_MR.stepDefinitions.BestBuySteps.iShouldCheckTheMandatoryFieldsValidationMessages(java.lang.String)">
                <span>Then I should check the mandatory fields "&VALIDATION MESSAGES&" validation messages</span>
      <div>Step skipped
      </div>
              </div>
              <div class="step skip-bg" title="Happy_Path_Patient_Web_and_MR.stepDefinitions.BestBuySteps.iShouldEnterInvalidDataInInputFieldsAndClickOnCreateAnAccountButton(java.lang.String)">
                <span>And I should enter invalid data "&INVALID DATA&" in input fields and Click on Create an Account button</span>
      <div>Step skipped
      </div>
              </div>
              <div class="step skip-bg" title="Happy_Path_Patient_Web_and_MR.stepDefinitions.BestBuySteps.iShouldCheckAllInvalidMessagesAreDisplayed(java.lang.String)">
                <span>Then I should check all invalid messages "&INVALID VALIDATION MESSAGES&" are displayed</span>
      <div>Step skipped
      </div>
              </div>
              <div class="step skip-bg" title="Happy_Path_Patient_Web_and_MR.stepDefinitions.BestBuySteps.iShouldEnterValidDataInInputFieldsAndClickOnCreateAnAccountButton(java.lang.String)">
                <span>And I should enter valid data "&VALID DATA&" in input fields and Click on Create an Account button</span>
      <div>Step skipped
      </div>
              </div>
              <div class="step skip-bg" title="Happy_Path_Patient_Web_and_MR.stepDefinitions.BestBuySteps.iShouldCheckAccountIsCreatedSuccessfully()">
                <span>Then I should check account is created successfully</span>
      <div>Step skipped
      </div>
              </div>
              <div class="step fail-bg" title="AFTER">
                <span>Happy_Path_Patient_Web_and_MR.DemoPageContainer.afterScenario(io.cucumber.java.Scenario)</span>
      <div>
        <textarea disabled class="code-block">org.openqa.selenium.NoSuchSessionException: invalid session id
Build info: version: '3.141.59', revision: 'e82be7d358', time: '2018-11-14T08:17:03'
System info: host: 'LAPTOP-G0UQGSFP', ip: '192.168.199.43', os.name: 'Windows 11', os.arch: 'amd64', os.version: '10.0', java.version: '1.8.0_351'
Driver info: org.openqa.selenium.chrome.ChromeDriver
Capabilities {acceptInsecureCerts: false, browserName: chrome, browserVersion: 135.0.7049.85, chrome: {chromedriverVersion: 135.0.7049.84 (6c019e560019..., userDataDir: C:\Users\BHAANU~1\AppData\L...}, fedcm:accounts: true, goog:chromeOptions: {debuggerAddress: localhost:56801}, javascriptEnabled: true, networkConnectionEnabled: false, pageLoadStrategy: normal, platform: WINDOWS, platformName: WINDOWS, proxy: Proxy(), setWindowRect: true, strictFileInteractability: false, timeouts: {implicit: 0, pageLoad: 300000, script: 30000}, unhandledPromptBehavior: dismiss and notify, webauthn:extension:credBlob: true, webauthn:extension:largeBlob: true, webauthn:extension:minPinLength: true, webauthn:extension:prf: true, webauthn:virtualAuthenticators: true}
Session ID: cfaceeb228dae2bfffd3eb7a2c48880e
	at sun.reflect.NativeConstructorAccessorImpl.newInstance0(Native Method)
	at sun.reflect.NativeConstructorAccessorImpl.newInstance(NativeConstructorAccessorImpl.java:62)
	at sun.reflect.DelegatingConstructorAccessorImpl.newInstance(DelegatingConstructorAccessorImpl.java:45)
	at java.lang.reflect.Constructor.newInstance(Constructor.java:423)
	at org.openqa.selenium.remote.http.W3CHttpResponseCodec.createException(W3CHttpResponseCodec.java:187)
	at org.openqa.selenium.remote.http.W3CHttpResponseCodec.decode(W3CHttpResponseCodec.java:122)
	at org.openqa.selenium.remote.http.W3CHttpResponseCodec.decode(W3CHttpResponseCodec.java:49)
	at org.openqa.selenium.remote.HttpCommandExecutor.execute(HttpCommandExecutor.java:158)
	at org.openqa.selenium.remote.service.DriverCommandExecutor.execute(DriverCommandExecutor.java:83)
	at org.openqa.selenium.remote.RemoteWebDriver.execute(RemoteWebDriver.java:552)
	at org.openqa.selenium.remote.RemoteWebDriver.execute(RemoteWebDriver.java:609)
	at org.openqa.selenium.remote.RemoteWebDriver.getScreenshotAs(RemoteWebDriver.java:295)
	at Happy_Path_Patient_Web_and_MR.DemoPageContainer.afterScenario(DemoPageContainer.java:74)
</textarea>
      
      </div>
              </div>
          </div>
        </div>
  </div>
  <div class="card">
    <div class="card-header" role="tab">
      <div class="card-title">
        <div class="node" id="18"><span class="badge log fail-bg mr-2">Fail</span>Login with Existing User</div>
      </div>
    </div>
        <div class="">
          <div class="card-body">
              <div class="step fail-bg" title="Happy_Path_Patient_Web_and_MR.stepDefinitions.BestBuySteps.asAUserIShouldNavigateToSignInButton()">
                <span>Given As a user i should navigate to Sign In button</span>
      <div>
        <textarea disabled class="code-block">java.lang.AssertionError: expected [true] but found [false]
	at org.testng.Assert.fail(Assert.java:99)
	at org.testng.Assert.failNotEquals(Assert.java:1037)
	at org.testng.Assert.assertTrue(Assert.java:45)
	at org.testng.Assert.assertTrue(Assert.java:55)
	at Happy_Path_Patient_Web_and_MR.stepDefinitions.BestBuySteps.asAUserIShouldNavigateToSignInButton(BestBuySteps.java:84)
	at ?.As a user i should navigate to Sign In button(file:///E:/ShareWebCopy_Guvi_BestBuy/src/test/resources/features/BestBuyPurchase/1_GUVI_BestBuyPurchase.feature:29)
</textarea>
      
      </div>
              </div>
              <div class="step skip-bg" title="Happy_Path_Patient_Web_and_MR.stepDefinitions.BestBuySteps.iEnterUserNameAndClickContinue(java.lang.String)">
                <span>When I enter UserName "&USERNAME&" and click Continue</span>
      <div>Step skipped
      </div>
              </div>
              <div class="step skip-bg" title="Happy_Path_Patient_Web_and_MR.stepDefinitions.BestBuySteps.iSelectUsePasswordEnterPasswordAndClickContinue(java.lang.String)">
                <span>When I select Use Password "&PASSWORD&" ,enter Password and click Continue</span>
      <div>Step skipped
      </div>
              </div>
              <div class="step skip-bg" title="Happy_Path_Patient_Web_and_MR.stepDefinitions.BestBuySteps.iShouldCheckAccountIsLoggedInSuccessfully()">
                <span>Then I should check account is logged in successfully</span>
      <div>Step skipped
      </div>
              </div>
              <div class="step fail-bg" title="AFTER">
                <span>Happy_Path_Patient_Web_and_MR.DemoPageContainer.afterScenario(io.cucumber.java.Scenario)</span>
      <div>
        <textarea disabled class="code-block">org.openqa.selenium.NoSuchSessionException: invalid session id
Build info: version: '3.141.59', revision: 'e82be7d358', time: '2018-11-14T08:17:03'
System info: host: 'LAPTOP-G0UQGSFP', ip: '192.168.199.43', os.name: 'Windows 11', os.arch: 'amd64', os.version: '10.0', java.version: '1.8.0_351'
Driver info: org.openqa.selenium.chrome.ChromeDriver
Capabilities {acceptInsecureCerts: false, browserName: chrome, browserVersion: 135.0.7049.85, chrome: {chromedriverVersion: 135.0.7049.84 (6c019e560019..., userDataDir: C:\Users\BHAANU~1\AppData\L...}, fedcm:accounts: true, goog:chromeOptions: {debuggerAddress: localhost:56801}, javascriptEnabled: true, networkConnectionEnabled: false, pageLoadStrategy: normal, platform: WINDOWS, platformName: WINDOWS, proxy: Proxy(), setWindowRect: true, strictFileInteractability: false, timeouts: {implicit: 0, pageLoad: 300000, script: 30000}, unhandledPromptBehavior: dismiss and notify, webauthn:extension:credBlob: true, webauthn:extension:largeBlob: true, webauthn:extension:minPinLength: true, webauthn:extension:prf: true, webauthn:virtualAuthenticators: true}
Session ID: cfaceeb228dae2bfffd3eb7a2c48880e
	at sun.reflect.NativeConstructorAccessorImpl.newInstance0(Native Method)
	at sun.reflect.NativeConstructorAccessorImpl.newInstance(NativeConstructorAccessorImpl.java:62)
	at sun.reflect.DelegatingConstructorAccessorImpl.newInstance(DelegatingConstructorAccessorImpl.java:45)
	at java.lang.reflect.Constructor.newInstance(Constructor.java:423)
	at org.openqa.selenium.remote.http.W3CHttpResponseCodec.createException(W3CHttpResponseCodec.java:187)
	at org.openqa.selenium.remote.http.W3CHttpResponseCodec.decode(W3CHttpResponseCodec.java:122)
	at org.openqa.selenium.remote.http.W3CHttpResponseCodec.decode(W3CHttpResponseCodec.java:49)
	at org.openqa.selenium.remote.HttpCommandExecutor.execute(HttpCommandExecutor.java:158)
	at org.openqa.selenium.remote.service.DriverCommandExecutor.execute(DriverCommandExecutor.java:83)
	at org.openqa.selenium.remote.RemoteWebDriver.execute(RemoteWebDriver.java:552)
	at org.openqa.selenium.remote.RemoteWebDriver.execute(RemoteWebDriver.java:609)
	at org.openqa.selenium.remote.RemoteWebDriver.getScreenshotAs(RemoteWebDriver.java:295)
	at Happy_Path_Patient_Web_and_MR.DemoPageContainer.afterScenario(DemoPageContainer.java:74)
</textarea>
      
      </div>
              </div>
          </div>
        </div>
  </div>
  <div class="card">
    <div class="card-header" role="tab">
      <div class="card-title">
        <div class="node" id="25"><span class="badge log fail-bg mr-2">Fail</span>Navigate to Deals Menu , Deals and Deals by Category Sub-Menu and its Pages and Validate URL</div>
      </div>
    </div>
        <div class="scenario_outline ">
            <div class="card-body l1">
              <div class="card-header">
                <div class="card-title outline-child">
                  <div class="node" id="26"><span class="badge log fail-bg mr-2">Fail</span>Navigate to Deals Menu , Deals and Deals by Category Sub-Menu and its Pages and Validate URL</div>
                </div>
              </div>
              <div class="card-body mt-3 ">
                  <div class="step fail-bg">
                    <span>Given As a user i should click on Menu Button</span>
      <div>
        <textarea disabled class="code-block">java.lang.AssertionError: expected [true] but found [false]
	at org.testng.Assert.fail(Assert.java:99)
	at org.testng.Assert.failNotEquals(Assert.java:1037)
	at org.testng.Assert.assertTrue(Assert.java:45)
	at org.testng.Assert.assertTrue(Assert.java:55)
	at Happy_Path_Patient_Web_and_MR.stepDefinitions.BestBuySteps.asAUserIShouldClickOnMenuButton(BestBuySteps.java:104)
	at ?.As a user i should click on Menu Button(file:///E:/ShareWebCopy_Guvi_BestBuy/src/test/resources/features/BestBuyPurchase/1_GUVI_BestBuyPurchase.feature:39)
</textarea>
      
      </div>
                  </div>
                  <div class="step skip-bg">
                    <span>When I should click on Deals Sub-menu</span>
      <div>Step skipped
      </div>
                  </div>
                  <div class="step skip-bg">
                    <span>And I should get all the Deals Pages and Navigate to each page</span>
      <div>Step skipped
      </div>
                  </div>
                  <div class="step skip-bg">
                    <span>Then I should validate Sub-Menu URL "&DEALSPAGEURL&"</span>
      <div>Step skipped
      </div>
                  </div>
                  <div class="step fail-bg">
                    <span>Happy_Path_Patient_Web_and_MR.DemoPageContainer.afterScenario(io.cucumber.java.Scenario)</span>
      <div>
        <textarea disabled class="code-block">org.openqa.selenium.NoSuchSessionException: invalid session id
Build info: version: '3.141.59', revision: 'e82be7d358', time: '2018-11-14T08:17:03'
System info: host: 'LAPTOP-G0UQGSFP', ip: '192.168.199.43', os.name: 'Windows 11', os.arch: 'amd64', os.version: '10.0', java.version: '1.8.0_351'
Driver info: org.openqa.selenium.chrome.ChromeDriver
Capabilities {acceptInsecureCerts: false, browserName: chrome, browserVersion: 135.0.7049.85, chrome: {chromedriverVersion: 135.0.7049.84 (6c019e560019..., userDataDir: C:\Users\BHAANU~1\AppData\L...}, fedcm:accounts: true, goog:chromeOptions: {debuggerAddress: localhost:56801}, javascriptEnabled: true, networkConnectionEnabled: false, pageLoadStrategy: normal, platform: WINDOWS, platformName: WINDOWS, proxy: Proxy(), setWindowRect: true, strictFileInteractability: false, timeouts: {implicit: 0, pageLoad: 300000, script: 30000}, unhandledPromptBehavior: dismiss and notify, webauthn:extension:credBlob: true, webauthn:extension:largeBlob: true, webauthn:extension:minPinLength: true, webauthn:extension:prf: true, webauthn:virtualAuthenticators: true}
Session ID: cfaceeb228dae2bfffd3eb7a2c48880e
	at sun.reflect.NativeConstructorAccessorImpl.newInstance0(Native Method)
	at sun.reflect.NativeConstructorAccessorImpl.newInstance(NativeConstructorAccessorImpl.java:62)
	at sun.reflect.DelegatingConstructorAccessorImpl.newInstance(DelegatingConstructorAccessorImpl.java:45)
	at java.lang.reflect.Constructor.newInstance(Constructor.java:423)
	at org.openqa.selenium.remote.http.W3CHttpResponseCodec.createException(W3CHttpResponseCodec.java:187)
	at org.openqa.selenium.remote.http.W3CHttpResponseCodec.decode(W3CHttpResponseCodec.java:122)
	at org.openqa.selenium.remote.http.W3CHttpResponseCodec.decode(W3CHttpResponseCodec.java:49)
	at org.openqa.selenium.remote.HttpCommandExecutor.execute(HttpCommandExecutor.java:158)
	at org.openqa.selenium.remote.service.DriverCommandExecutor.execute(DriverCommandExecutor.java:83)
	at org.openqa.selenium.remote.RemoteWebDriver.execute(RemoteWebDriver.java:552)
	at org.openqa.selenium.remote.RemoteWebDriver.execute(RemoteWebDriver.java:609)
	at org.openqa.selenium.remote.RemoteWebDriver.getScreenshotAs(RemoteWebDriver.java:295)
	at Happy_Path_Patient_Web_and_MR.DemoPageContainer.afterScenario(DemoPageContainer.java:74)
</textarea>
      
      </div>
                  </div>
              </div>
            </div>
        </div>
  </div>
  <div class="card">
    <div class="card-header" role="tab">
      <div class="card-title">
        <div class="node" id="33"><span class="badge log fail-bg mr-2">Fail</span>Navigate to Deals Menu , Deals by Category Sub-Menu and its Pages and Validate URL</div>
      </div>
    </div>
        <div class="scenario_outline ">
            <div class="card-body l1">
              <div class="card-header">
                <div class="card-title outline-child">
                  <div class="node" id="34"><span class="badge log fail-bg mr-2">Fail</span>Navigate to Deals Menu , Deals by Category Sub-Menu and its Pages and Validate URL</div>
                </div>
              </div>
              <div class="card-body mt-3 ">
                  <div class="step fail-bg">
                    <span>Given As a user i should click on Menu Button</span>
      <div>
        <textarea disabled class="code-block">java.lang.AssertionError: expected [true] but found [false]
	at org.testng.Assert.fail(Assert.java:99)
	at org.testng.Assert.failNotEquals(Assert.java:1037)
	at org.testng.Assert.assertTrue(Assert.java:45)
	at org.testng.Assert.assertTrue(Assert.java:55)
	at Happy_Path_Patient_Web_and_MR.stepDefinitions.BestBuySteps.asAUserIShouldClickOnMenuButton(BestBuySteps.java:104)
	at ?.As a user i should click on Menu Button(file:///E:/ShareWebCopy_Guvi_BestBuy/src/test/resources/features/BestBuyPurchase/1_GUVI_BestBuyPurchase.feature:50)
</textarea>
      
      </div>
                  </div>
                  <div class="step skip-bg">
                    <span>When I should click on Support and Services Sub-menu</span>
      <div>Step skipped
      </div>
                  </div>
                  <div class="step skip-bg">
                    <span>And I should get all the Support and Services Pages and Navigate to each page</span>
      <div>Step skipped
      </div>
                  </div>
                  <div class="step skip-bg">
                    <span>Then I should validate Support and Services Sub-Menu URL "&SUPPORTANDSERVICESPAGEURL&"</span>
      <div>Step skipped
      </div>
                  </div>
                  <div class="step fail-bg">
                    <span>Happy_Path_Patient_Web_and_MR.DemoPageContainer.afterScenario(io.cucumber.java.Scenario)</span>
      <div>
        <textarea disabled class="code-block">org.openqa.selenium.NoSuchSessionException: invalid session id
Build info: version: '3.141.59', revision: 'e82be7d358', time: '2018-11-14T08:17:03'
System info: host: 'LAPTOP-G0UQGSFP', ip: '192.168.199.43', os.name: 'Windows 11', os.arch: 'amd64', os.version: '10.0', java.version: '1.8.0_351'
Driver info: org.openqa.selenium.chrome.ChromeDriver
Capabilities {acceptInsecureCerts: false, browserName: chrome, browserVersion: 135.0.7049.85, chrome: {chromedriverVersion: 135.0.7049.84 (6c019e560019..., userDataDir: C:\Users\BHAANU~1\AppData\L...}, fedcm:accounts: true, goog:chromeOptions: {debuggerAddress: localhost:56801}, javascriptEnabled: true, networkConnectionEnabled: false, pageLoadStrategy: normal, platform: WINDOWS, platformName: WINDOWS, proxy: Proxy(), setWindowRect: true, strictFileInteractability: false, timeouts: {implicit: 0, pageLoad: 300000, script: 30000}, unhandledPromptBehavior: dismiss and notify, webauthn:extension:credBlob: true, webauthn:extension:largeBlob: true, webauthn:extension:minPinLength: true, webauthn:extension:prf: true, webauthn:virtualAuthenticators: true}
Session ID: cfaceeb228dae2bfffd3eb7a2c48880e
	at sun.reflect.NativeConstructorAccessorImpl.newInstance0(Native Method)
	at sun.reflect.NativeConstructorAccessorImpl.newInstance(NativeConstructorAccessorImpl.java:62)
	at sun.reflect.DelegatingConstructorAccessorImpl.newInstance(DelegatingConstructorAccessorImpl.java:45)
	at java.lang.reflect.Constructor.newInstance(Constructor.java:423)
	at org.openqa.selenium.remote.http.W3CHttpResponseCodec.createException(W3CHttpResponseCodec.java:187)
	at org.openqa.selenium.remote.http.W3CHttpResponseCodec.decode(W3CHttpResponseCodec.java:122)
	at org.openqa.selenium.remote.http.W3CHttpResponseCodec.decode(W3CHttpResponseCodec.java:49)
	at org.openqa.selenium.remote.HttpCommandExecutor.execute(HttpCommandExecutor.java:158)
	at org.openqa.selenium.remote.service.DriverCommandExecutor.execute(DriverCommandExecutor.java:83)
	at org.openqa.selenium.remote.RemoteWebDriver.execute(RemoteWebDriver.java:552)
	at org.openqa.selenium.remote.RemoteWebDriver.execute(RemoteWebDriver.java:609)
	at org.openqa.selenium.remote.RemoteWebDriver.getScreenshotAs(RemoteWebDriver.java:295)
	at Happy_Path_Patient_Web_and_MR.DemoPageContainer.afterScenario(DemoPageContainer.java:74)
</textarea>
      
      </div>
                  </div>
              </div>
            </div>
        </div>
  </div>
  <div class="card">
    <div class="card-header" role="tab">
      <div class="card-title">
        <div class="node" id="41"><span class="badge log fail-bg mr-2">Fail</span>Navigate to Deals Menu , Brands Sub-Menu and its Pages and Validate URL</div>
      </div>
    </div>
        <div class="scenario_outline ">
            <div class="card-body l1">
              <div class="card-header">
                <div class="card-title outline-child">
                  <div class="node" id="42"><span class="badge log fail-bg mr-2">Fail</span>Navigate to Deals Menu , Brands Sub-Menu and its Pages and Validate URL</div>
                </div>
              </div>
              <div class="card-body mt-3 ">
                  <div class="step fail-bg">
                    <span>Given As a user i should click on Menu Button</span>
      <div>
        <textarea disabled class="code-block">java.lang.AssertionError: expected [true] but found [false]
	at org.testng.Assert.fail(Assert.java:99)
	at org.testng.Assert.failNotEquals(Assert.java:1037)
	at org.testng.Assert.assertTrue(Assert.java:45)
	at org.testng.Assert.assertTrue(Assert.java:55)
	at Happy_Path_Patient_Web_and_MR.stepDefinitions.BestBuySteps.asAUserIShouldClickOnMenuButton(BestBuySteps.java:104)
	at ?.As a user i should click on Menu Button(file:///E:/ShareWebCopy_Guvi_BestBuy/src/test/resources/features/BestBuyPurchase/1_GUVI_BestBuyPurchase.feature:61)
</textarea>
      
      </div>
                  </div>
                  <div class="step skip-bg">
                    <span>When I should click on Brands Sub-menu</span>
      <div>Step skipped
      </div>
                  </div>
                  <div class="step skip-bg">
                    <span>And I should get all the Brands Pages and Navigate to each page</span>
      <div>Step skipped
      </div>
                  </div>
                  <div class="step skip-bg">
                    <span>Then I should validate Brands Sub-Menu URL "&BRANDSPAGEURL&"</span>
      <div>Step skipped
      </div>
                  </div>
                  <div class="step fail-bg">
                    <span>Happy_Path_Patient_Web_and_MR.DemoPageContainer.afterScenario(io.cucumber.java.Scenario)</span>
      <div>
        <textarea disabled class="code-block">org.openqa.selenium.NoSuchSessionException: invalid session id
Build info: version: '3.141.59', revision: 'e82be7d358', time: '2018-11-14T08:17:03'
System info: host: 'LAPTOP-G0UQGSFP', ip: '192.168.199.43', os.name: 'Windows 11', os.arch: 'amd64', os.version: '10.0', java.version: '1.8.0_351'
Driver info: org.openqa.selenium.chrome.ChromeDriver
Capabilities {acceptInsecureCerts: false, browserName: chrome, browserVersion: 135.0.7049.85, chrome: {chromedriverVersion: 135.0.7049.84 (6c019e560019..., userDataDir: C:\Users\BHAANU~1\AppData\L...}, fedcm:accounts: true, goog:chromeOptions: {debuggerAddress: localhost:56801}, javascriptEnabled: true, networkConnectionEnabled: false, pageLoadStrategy: normal, platform: WINDOWS, platformName: WINDOWS, proxy: Proxy(), setWindowRect: true, strictFileInteractability: false, timeouts: {implicit: 0, pageLoad: 300000, script: 30000}, unhandledPromptBehavior: dismiss and notify, webauthn:extension:credBlob: true, webauthn:extension:largeBlob: true, webauthn:extension:minPinLength: true, webauthn:extension:prf: true, webauthn:virtualAuthenticators: true}
Session ID: cfaceeb228dae2bfffd3eb7a2c48880e
	at sun.reflect.NativeConstructorAccessorImpl.newInstance0(Native Method)
	at sun.reflect.NativeConstructorAccessorImpl.newInstance(NativeConstructorAccessorImpl.java:62)
	at sun.reflect.DelegatingConstructorAccessorImpl.newInstance(DelegatingConstructorAccessorImpl.java:45)
	at java.lang.reflect.Constructor.newInstance(Constructor.java:423)
	at org.openqa.selenium.remote.http.W3CHttpResponseCodec.createException(W3CHttpResponseCodec.java:187)
	at org.openqa.selenium.remote.http.W3CHttpResponseCodec.decode(W3CHttpResponseCodec.java:122)
	at org.openqa.selenium.remote.http.W3CHttpResponseCodec.decode(W3CHttpResponseCodec.java:49)
	at org.openqa.selenium.remote.HttpCommandExecutor.execute(HttpCommandExecutor.java:158)
	at org.openqa.selenium.remote.service.DriverCommandExecutor.execute(DriverCommandExecutor.java:83)
	at org.openqa.selenium.remote.RemoteWebDriver.execute(RemoteWebDriver.java:552)
	at org.openqa.selenium.remote.RemoteWebDriver.execute(RemoteWebDriver.java:609)
	at org.openqa.selenium.remote.RemoteWebDriver.getScreenshotAs(RemoteWebDriver.java:295)
	at Happy_Path_Patient_Web_and_MR.DemoPageContainer.afterScenario(DemoPageContainer.java:74)
</textarea>
      
      </div>
                  </div>
              </div>
            </div>
        </div>
  </div>
  <div class="card">
    <div class="card-header" role="tab">
      <div class="card-title">
        <div class="node" id="49"><span class="badge log fail-bg mr-2">Fail</span>Navigate to Appliances Menu and Validate Menu</div>
      </div>
    </div>
        <div class="scenario_outline ">
            <div class="card-body l1">
              <div class="card-header">
                <div class="card-title outline-child">
                  <div class="node" id="50"><span class="badge log fail-bg mr-2">Fail</span>Navigate to Appliances Menu and Validate Menu</div>
                </div>
              </div>
              <div class="card-body mt-3 ">
                  <div class="step fail-bg">
                    <span>Given As a user i should click on Menu Button</span>
      <div>
        <textarea disabled class="code-block">java.lang.AssertionError: expected [true] but found [false]
	at org.testng.Assert.fail(Assert.java:99)
	at org.testng.Assert.failNotEquals(Assert.java:1037)
	at org.testng.Assert.assertTrue(Assert.java:45)
	at org.testng.Assert.assertTrue(Assert.java:55)
	at Happy_Path_Patient_Web_and_MR.stepDefinitions.BestBuySteps.asAUserIShouldClickOnMenuButton(BestBuySteps.java:104)
	at ?.As a user i should click on Menu Button(file:///E:/ShareWebCopy_Guvi_BestBuy/src/test/resources/features/BestBuyPurchase/1_GUVI_BestBuyPurchase.feature:72)
</textarea>
      
      </div>
                  </div>
                  <div class="step skip-bg">
                    <span>When I should click on Appliances Sub-menu</span>
      <div>Step skipped
      </div>
                  </div>
                  <div class="step skip-bg">
                    <span>Then I should get all the Appliances Sub Menu Pages and Validate the Sub Menus "&APPLIANCESSUBMENUS&"</span>
      <div>Step skipped
      </div>
                  </div>
                  <div class="step skip-bg">
                    <span>Then I should get all the Appliances Menu Pages and Validate the Menus "&APPLIANCESMENUS&"</span>
      <div>Step skipped
      </div>
                  </div>
                  <div class="step fail-bg">
                    <span>Happy_Path_Patient_Web_and_MR.DemoPageContainer.afterScenario(io.cucumber.java.Scenario)</span>
      <div>
        <textarea disabled class="code-block">org.openqa.selenium.NoSuchSessionException: invalid session id
Build info: version: '3.141.59', revision: 'e82be7d358', time: '2018-11-14T08:17:03'
System info: host: 'LAPTOP-G0UQGSFP', ip: '192.168.199.43', os.name: 'Windows 11', os.arch: 'amd64', os.version: '10.0', java.version: '1.8.0_351'
Driver info: org.openqa.selenium.chrome.ChromeDriver
Capabilities {acceptInsecureCerts: false, browserName: chrome, browserVersion: 135.0.7049.85, chrome: {chromedriverVersion: 135.0.7049.84 (6c019e560019..., userDataDir: C:\Users\BHAANU~1\AppData\L...}, fedcm:accounts: true, goog:chromeOptions: {debuggerAddress: localhost:56801}, javascriptEnabled: true, networkConnectionEnabled: false, pageLoadStrategy: normal, platform: WINDOWS, platformName: WINDOWS, proxy: Proxy(), setWindowRect: true, strictFileInteractability: false, timeouts: {implicit: 0, pageLoad: 300000, script: 30000}, unhandledPromptBehavior: dismiss and notify, webauthn:extension:credBlob: true, webauthn:extension:largeBlob: true, webauthn:extension:minPinLength: true, webauthn:extension:prf: true, webauthn:virtualAuthenticators: true}
Session ID: cfaceeb228dae2bfffd3eb7a2c48880e
	at sun.reflect.NativeConstructorAccessorImpl.newInstance0(Native Method)
	at sun.reflect.NativeConstructorAccessorImpl.newInstance(NativeConstructorAccessorImpl.java:62)
	at sun.reflect.DelegatingConstructorAccessorImpl.newInstance(DelegatingConstructorAccessorImpl.java:45)
	at java.lang.reflect.Constructor.newInstance(Constructor.java:423)
	at org.openqa.selenium.remote.http.W3CHttpResponseCodec.createException(W3CHttpResponseCodec.java:187)
	at org.openqa.selenium.remote.http.W3CHttpResponseCodec.decode(W3CHttpResponseCodec.java:122)
	at org.openqa.selenium.remote.http.W3CHttpResponseCodec.decode(W3CHttpResponseCodec.java:49)
	at org.openqa.selenium.remote.HttpCommandExecutor.execute(HttpCommandExecutor.java:158)
	at org.openqa.selenium.remote.service.DriverCommandExecutor.execute(DriverCommandExecutor.java:83)
	at org.openqa.selenium.remote.RemoteWebDriver.execute(RemoteWebDriver.java:552)
	at org.openqa.selenium.remote.RemoteWebDriver.execute(RemoteWebDriver.java:609)
	at org.openqa.selenium.remote.RemoteWebDriver.getScreenshotAs(RemoteWebDriver.java:295)
	at Happy_Path_Patient_Web_and_MR.DemoPageContainer.afterScenario(DemoPageContainer.java:74)
</textarea>
      
      </div>
                  </div>
              </div>
            </div>
        </div>
  </div>
  <div class="card">
    <div class="card-header" role="tab">
      <div class="card-title">
        <div class="node" id="57"><span class="badge log fail-bg mr-2">Fail</span>Navigate to TV & Home Theatre Menu and Validate Menu</div>
      </div>
    </div>
        <div class="scenario_outline ">
            <div class="card-body l1">
              <div class="card-header">
                <div class="card-title outline-child">
                  <div class="node" id="58"><span class="badge log fail-bg mr-2">Fail</span>Navigate to TV & Home Theatre Menu and Validate Menu</div>
                </div>
              </div>
              <div class="card-body mt-3 ">
                  <div class="step fail-bg">
                    <span>Given As a user i should click on Menu Button</span>
      <div>
        <textarea disabled class="code-block">java.lang.AssertionError: expected [true] but found [false]
	at org.testng.Assert.fail(Assert.java:99)
	at org.testng.Assert.failNotEquals(Assert.java:1037)
	at org.testng.Assert.assertTrue(Assert.java:45)
	at org.testng.Assert.assertTrue(Assert.java:55)
	at Happy_Path_Patient_Web_and_MR.stepDefinitions.BestBuySteps.asAUserIShouldClickOnMenuButton(BestBuySteps.java:104)
	at ?.As a user i should click on Menu Button(file:///E:/ShareWebCopy_Guvi_BestBuy/src/test/resources/features/BestBuyPurchase/1_GUVI_BestBuyPurchase.feature:83)
</textarea>
      
      </div>
                  </div>
                  <div class="step skip-bg">
                    <span>When I should click on TV & Home Theatre Sub-menu</span>
      <div>Step skipped
      </div>
                  </div>
                  <div class="step skip-bg">
                    <span>Then I should get all the TV & Home Theatre  Sub Menu Pages and Validate the Sub Menus "&TVTHSUBMENUS&"</span>
      <div>Step skipped
      </div>
                  </div>
                  <div class="step skip-bg">
                    <span>Then I should get all the TV & Home Theatre  Menu Pages and Validate the Menus "&TVHTMENUS&"</span>
      <div>Step skipped
      </div>
                  </div>
                  <div class="step fail-bg">
                    <span>Happy_Path_Patient_Web_and_MR.DemoPageContainer.afterScenario(io.cucumber.java.Scenario)</span>
      <div>
        <textarea disabled class="code-block">org.openqa.selenium.NoSuchSessionException: invalid session id
Build info: version: '3.141.59', revision: 'e82be7d358', time: '2018-11-14T08:17:03'
System info: host: 'LAPTOP-G0UQGSFP', ip: '192.168.199.43', os.name: 'Windows 11', os.arch: 'amd64', os.version: '10.0', java.version: '1.8.0_351'
Driver info: org.openqa.selenium.chrome.ChromeDriver
Capabilities {acceptInsecureCerts: false, browserName: chrome, browserVersion: 135.0.7049.85, chrome: {chromedriverVersion: 135.0.7049.84 (6c019e560019..., userDataDir: C:\Users\BHAANU~1\AppData\L...}, fedcm:accounts: true, goog:chromeOptions: {debuggerAddress: localhost:56801}, javascriptEnabled: true, networkConnectionEnabled: false, pageLoadStrategy: normal, platform: WINDOWS, platformName: WINDOWS, proxy: Proxy(), setWindowRect: true, strictFileInteractability: false, timeouts: {implicit: 0, pageLoad: 300000, script: 30000}, unhandledPromptBehavior: dismiss and notify, webauthn:extension:credBlob: true, webauthn:extension:largeBlob: true, webauthn:extension:minPinLength: true, webauthn:extension:prf: true, webauthn:virtualAuthenticators: true}
Session ID: cfaceeb228dae2bfffd3eb7a2c48880e
	at sun.reflect.NativeConstructorAccessorImpl.newInstance0(Native Method)
	at sun.reflect.NativeConstructorAccessorImpl.newInstance(NativeConstructorAccessorImpl.java:62)
	at sun.reflect.DelegatingConstructorAccessorImpl.newInstance(DelegatingConstructorAccessorImpl.java:45)
	at java.lang.reflect.Constructor.newInstance(Constructor.java:423)
	at org.openqa.selenium.remote.http.W3CHttpResponseCodec.createException(W3CHttpResponseCodec.java:187)
	at org.openqa.selenium.remote.http.W3CHttpResponseCodec.decode(W3CHttpResponseCodec.java:122)
	at org.openqa.selenium.remote.http.W3CHttpResponseCodec.decode(W3CHttpResponseCodec.java:49)
	at org.openqa.selenium.remote.HttpCommandExecutor.execute(HttpCommandExecutor.java:158)
	at org.openqa.selenium.remote.service.DriverCommandExecutor.execute(DriverCommandExecutor.java:83)
	at org.openqa.selenium.remote.RemoteWebDriver.execute(RemoteWebDriver.java:552)
	at org.openqa.selenium.remote.RemoteWebDriver.execute(RemoteWebDriver.java:609)
	at org.openqa.selenium.remote.RemoteWebDriver.getScreenshotAs(RemoteWebDriver.java:295)
	at Happy_Path_Patient_Web_and_MR.DemoPageContainer.afterScenario(DemoPageContainer.java:74)
</textarea>
      
      </div>
                  </div>
              </div>
            </div>
        </div>
  </div>
  <div class="card">
    <div class="card-header" role="tab">
      <div class="card-title">
        <div class="node" id="65"><span class="badge log fail-bg mr-2">Fail</span>Navigate to Computers & Tablets Menu and Validate Menu</div>
      </div>
    </div>
        <div class="scenario_outline ">
            <div class="card-body l1">
              <div class="card-header">
                <div class="card-title outline-child">
                  <div class="node" id="66"><span class="badge log fail-bg mr-2">Fail</span>Navigate to Computers & Tablets Menu and Validate Menu</div>
                </div>
              </div>
              <div class="card-body mt-3 ">
                  <div class="step fail-bg">
                    <span>Given As a user i should click on Menu Button</span>
      <div>
        <textarea disabled class="code-block">java.lang.AssertionError: expected [true] but found [false]
	at org.testng.Assert.fail(Assert.java:99)
	at org.testng.Assert.failNotEquals(Assert.java:1037)
	at org.testng.Assert.assertTrue(Assert.java:45)
	at org.testng.Assert.assertTrue(Assert.java:55)
	at Happy_Path_Patient_Web_and_MR.stepDefinitions.BestBuySteps.asAUserIShouldClickOnMenuButton(BestBuySteps.java:104)
	at ?.As a user i should click on Menu Button(file:///E:/ShareWebCopy_Guvi_BestBuy/src/test/resources/features/BestBuyPurchase/1_GUVI_BestBuyPurchase.feature:94)
</textarea>
      
      </div>
                  </div>
                  <div class="step skip-bg">
                    <span>When I should click on Computers & Tablets Sub-menu</span>
      <div>Step skipped
      </div>
                  </div>
                  <div class="step skip-bg">
                    <span>Then I should get all the Computers & Tablets Sub Menu Pages and Validate the Sub Menus "&CTSUBMENUS&"</span>
      <div>Step skipped
      </div>
                  </div>
                  <div class="step skip-bg">
                    <span>Then I should get all the Computers & Tablets Menu Pages and Validate the Menus "&CTMENUS&"</span>
      <div>Step skipped
      </div>
                  </div>
                  <div class="step fail-bg">
                    <span>Happy_Path_Patient_Web_and_MR.DemoPageContainer.afterScenario(io.cucumber.java.Scenario)</span>
      <div>
        <textarea disabled class="code-block">org.openqa.selenium.NoSuchSessionException: invalid session id
Build info: version: '3.141.59', revision: 'e82be7d358', time: '2018-11-14T08:17:03'
System info: host: 'LAPTOP-G0UQGSFP', ip: '192.168.199.43', os.name: 'Windows 11', os.arch: 'amd64', os.version: '10.0', java.version: '1.8.0_351'
Driver info: org.openqa.selenium.chrome.ChromeDriver
Capabilities {acceptInsecureCerts: false, browserName: chrome, browserVersion: 135.0.7049.85, chrome: {chromedriverVersion: 135.0.7049.84 (6c019e560019..., userDataDir: C:\Users\BHAANU~1\AppData\L...}, fedcm:accounts: true, goog:chromeOptions: {debuggerAddress: localhost:56801}, javascriptEnabled: true, networkConnectionEnabled: false, pageLoadStrategy: normal, platform: WINDOWS, platformName: WINDOWS, proxy: Proxy(), setWindowRect: true, strictFileInteractability: false, timeouts: {implicit: 0, pageLoad: 300000, script: 30000}, unhandledPromptBehavior: dismiss and notify, webauthn:extension:credBlob: true, webauthn:extension:largeBlob: true, webauthn:extension:minPinLength: true, webauthn:extension:prf: true, webauthn:virtualAuthenticators: true}
Session ID: cfaceeb228dae2bfffd3eb7a2c48880e
	at sun.reflect.NativeConstructorAccessorImpl.newInstance0(Native Method)
	at sun.reflect.NativeConstructorAccessorImpl.newInstance(NativeConstructorAccessorImpl.java:62)
	at sun.reflect.DelegatingConstructorAccessorImpl.newInstance(DelegatingConstructorAccessorImpl.java:45)
	at java.lang.reflect.Constructor.newInstance(Constructor.java:423)
	at org.openqa.selenium.remote.http.W3CHttpResponseCodec.createException(W3CHttpResponseCodec.java:187)
	at org.openqa.selenium.remote.http.W3CHttpResponseCodec.decode(W3CHttpResponseCodec.java:122)
	at org.openqa.selenium.remote.http.W3CHttpResponseCodec.decode(W3CHttpResponseCodec.java:49)
	at org.openqa.selenium.remote.HttpCommandExecutor.execute(HttpCommandExecutor.java:158)
	at org.openqa.selenium.remote.service.DriverCommandExecutor.execute(DriverCommandExecutor.java:83)
	at org.openqa.selenium.remote.RemoteWebDriver.execute(RemoteWebDriver.java:552)
	at org.openqa.selenium.remote.RemoteWebDriver.execute(RemoteWebDriver.java:609)
	at org.openqa.selenium.remote.RemoteWebDriver.getScreenshotAs(RemoteWebDriver.java:295)
	at Happy_Path_Patient_Web_and_MR.DemoPageContainer.afterScenario(DemoPageContainer.java:74)
</textarea>
      
      </div>
                  </div>
              </div>
            </div>
        </div>
  </div>
  <div class="card">
    <div class="card-header" role="tab">
      <div class="card-title">
        <div class="node" id="73"><span class="badge log fail-bg mr-2">Fail</span>Navigate to Cell Phones Menu and Validate Menu</div>
      </div>
    </div>
        <div class="scenario_outline ">
            <div class="card-body l1">
              <div class="card-header">
                <div class="card-title outline-child">
                  <div class="node" id="74"><span class="badge log fail-bg mr-2">Fail</span>Navigate to Cell Phones Menu and Validate Menu</div>
                </div>
              </div>
              <div class="card-body mt-3 ">
                  <div class="step fail-bg">
                    <span>Given As a user i should click on Menu Button</span>
      <div>
        <textarea disabled class="code-block">java.lang.AssertionError: expected [true] but found [false]
	at org.testng.Assert.fail(Assert.java:99)
	at org.testng.Assert.failNotEquals(Assert.java:1037)
	at org.testng.Assert.assertTrue(Assert.java:45)
	at org.testng.Assert.assertTrue(Assert.java:55)
	at Happy_Path_Patient_Web_and_MR.stepDefinitions.BestBuySteps.asAUserIShouldClickOnMenuButton(BestBuySteps.java:104)
	at ?.As a user i should click on Menu Button(file:///E:/ShareWebCopy_Guvi_BestBuy/src/test/resources/features/BestBuyPurchase/1_GUVI_BestBuyPurchase.feature:105)
</textarea>
      
      </div>
                  </div>
                  <div class="step skip-bg">
                    <span>When I should click on Cell Phones Sub-menu</span>
      <div>Step skipped
      </div>
                  </div>
                  <div class="step skip-bg">
                    <span>Then I should get all the Cell Phones Sub Menu Pages and Validate the Sub Menus "&CPSUBMENUS&"</span>
      <div>Step skipped
      </div>
                  </div>
                  <div class="step skip-bg">
                    <span>Then I should get all the Cell Phones Menu Pages and Validate the Menus "&CPMENUS&"</span>
      <div>Step skipped
      </div>
                  </div>
                  <div class="step fail-bg">
                    <span>Happy_Path_Patient_Web_and_MR.DemoPageContainer.afterScenario(io.cucumber.java.Scenario)</span>
      <div>
        <textarea disabled class="code-block">org.openqa.selenium.NoSuchSessionException: invalid session id
Build info: version: '3.141.59', revision: 'e82be7d358', time: '2018-11-14T08:17:03'
System info: host: 'LAPTOP-G0UQGSFP', ip: '192.168.199.43', os.name: 'Windows 11', os.arch: 'amd64', os.version: '10.0', java.version: '1.8.0_351'
Driver info: org.openqa.selenium.chrome.ChromeDriver
Capabilities {acceptInsecureCerts: false, browserName: chrome, browserVersion: 135.0.7049.85, chrome: {chromedriverVersion: 135.0.7049.84 (6c019e560019..., userDataDir: C:\Users\BHAANU~1\AppData\L...}, fedcm:accounts: true, goog:chromeOptions: {debuggerAddress: localhost:56801}, javascriptEnabled: true, networkConnectionEnabled: false, pageLoadStrategy: normal, platform: WINDOWS, platformName: WINDOWS, proxy: Proxy(), setWindowRect: true, strictFileInteractability: false, timeouts: {implicit: 0, pageLoad: 300000, script: 30000}, unhandledPromptBehavior: dismiss and notify, webauthn:extension:credBlob: true, webauthn:extension:largeBlob: true, webauthn:extension:minPinLength: true, webauthn:extension:prf: true, webauthn:virtualAuthenticators: true}
Session ID: cfaceeb228dae2bfffd3eb7a2c48880e
	at sun.reflect.GeneratedConstructorAccessor27.newInstance(Unknown Source)
	at sun.reflect.DelegatingConstructorAccessorImpl.newInstance(DelegatingConstructorAccessorImpl.java:45)
	at java.lang.reflect.Constructor.newInstance(Constructor.java:423)
	at org.openqa.selenium.remote.http.W3CHttpResponseCodec.createException(W3CHttpResponseCodec.java:187)
	at org.openqa.selenium.remote.http.W3CHttpResponseCodec.decode(W3CHttpResponseCodec.java:122)
	at org.openqa.selenium.remote.http.W3CHttpResponseCodec.decode(W3CHttpResponseCodec.java:49)
	at org.openqa.selenium.remote.HttpCommandExecutor.execute(HttpCommandExecutor.java:158)
	at org.openqa.selenium.remote.service.DriverCommandExecutor.execute(DriverCommandExecutor.java:83)
	at org.openqa.selenium.remote.RemoteWebDriver.execute(RemoteWebDriver.java:552)
	at org.openqa.selenium.remote.RemoteWebDriver.execute(RemoteWebDriver.java:609)
	at org.openqa.selenium.remote.RemoteWebDriver.getScreenshotAs(RemoteWebDriver.java:295)
	at Happy_Path_Patient_Web_and_MR.DemoPageContainer.afterScenario(DemoPageContainer.java:74)
</textarea>
      
      </div>
                  </div>
              </div>
            </div>
        </div>
  </div>
  <div class="card">
    <div class="card-header" role="tab">
      <div class="card-title">
        <div class="node" id="81"><span class="badge log fail-bg mr-2">Fail</span>Navigate to Audio and Head Phones Menu and Validate Menu</div>
      </div>
    </div>
        <div class="scenario_outline ">
            <div class="card-body l1">
              <div class="card-header">
                <div class="card-title outline-child">
                  <div class="node" id="82"><span class="badge log fail-bg mr-2">Fail</span>Navigate to Audio and Head Phones Menu and Validate Menu</div>
                </div>
              </div>
              <div class="card-body mt-3 ">
                  <div class="step fail-bg">
                    <span>Given As a user i should click on Menu Button</span>
      <div>
        <textarea disabled class="code-block">java.lang.AssertionError: expected [true] but found [false]
	at org.testng.Assert.fail(Assert.java:99)
	at org.testng.Assert.failNotEquals(Assert.java:1037)
	at org.testng.Assert.assertTrue(Assert.java:45)
	at org.testng.Assert.assertTrue(Assert.java:55)
	at Happy_Path_Patient_Web_and_MR.stepDefinitions.BestBuySteps.asAUserIShouldClickOnMenuButton(BestBuySteps.java:104)
	at ?.As a user i should click on Menu Button(file:///E:/ShareWebCopy_Guvi_BestBuy/src/test/resources/features/BestBuyPurchase/1_GUVI_BestBuyPurchase.feature:116)
</textarea>
      
      </div>
                  </div>
                  <div class="step skip-bg">
                    <span>When I should click on Audio and Head Phones Sub-menu</span>
      <div>Step skipped
      </div>
                  </div>
                  <div class="step skip-bg">
                    <span>Then I should get all the Audio and Head Phones Sub Menu Pages and Validate the Sub Menus "&AHPSUBMENUS&"</span>
      <div>Step skipped
      </div>
                  </div>
                  <div class="step skip-bg">
                    <span>Then I should get all the Audio and Head Phones Menu Pages and Validate the Menus "&AHPMENUS&"</span>
      <div>Step skipped
      </div>
                  </div>
                  <div class="step fail-bg">
                    <span>Happy_Path_Patient_Web_and_MR.DemoPageContainer.afterScenario(io.cucumber.java.Scenario)</span>
      <div>
        <textarea disabled class="code-block">org.openqa.selenium.NoSuchSessionException: invalid session id
Build info: version: '3.141.59', revision: 'e82be7d358', time: '2018-11-14T08:17:03'
System info: host: 'LAPTOP-G0UQGSFP', ip: '192.168.199.43', os.name: 'Windows 11', os.arch: 'amd64', os.version: '10.0', java.version: '1.8.0_351'
Driver info: org.openqa.selenium.chrome.ChromeDriver
Capabilities {acceptInsecureCerts: false, browserName: chrome, browserVersion: 135.0.7049.85, chrome: {chromedriverVersion: 135.0.7049.84 (6c019e560019..., userDataDir: C:\Users\BHAANU~1\AppData\L...}, fedcm:accounts: true, goog:chromeOptions: {debuggerAddress: localhost:56801}, javascriptEnabled: true, networkConnectionEnabled: false, pageLoadStrategy: normal, platform: WINDOWS, platformName: WINDOWS, proxy: Proxy(), setWindowRect: true, strictFileInteractability: false, timeouts: {implicit: 0, pageLoad: 300000, script: 30000}, unhandledPromptBehavior: dismiss and notify, webauthn:extension:credBlob: true, webauthn:extension:largeBlob: true, webauthn:extension:minPinLength: true, webauthn:extension:prf: true, webauthn:virtualAuthenticators: true}
Session ID: cfaceeb228dae2bfffd3eb7a2c48880e
	at sun.reflect.GeneratedConstructorAccessor27.newInstance(Unknown Source)
	at sun.reflect.DelegatingConstructorAccessorImpl.newInstance(DelegatingConstructorAccessorImpl.java:45)
	at java.lang.reflect.Constructor.newInstance(Constructor.java:423)
	at org.openqa.selenium.remote.http.W3CHttpResponseCodec.createException(W3CHttpResponseCodec.java:187)
	at org.openqa.selenium.remote.http.W3CHttpResponseCodec.decode(W3CHttpResponseCodec.java:122)
	at org.openqa.selenium.remote.http.W3CHttpResponseCodec.decode(W3CHttpResponseCodec.java:49)
	at org.openqa.selenium.remote.HttpCommandExecutor.execute(HttpCommandExecutor.java:158)
	at org.openqa.selenium.remote.service.DriverCommandExecutor.execute(DriverCommandExecutor.java:83)
	at org.openqa.selenium.remote.RemoteWebDriver.execute(RemoteWebDriver.java:552)
	at org.openqa.selenium.remote.RemoteWebDriver.execute(RemoteWebDriver.java:609)
	at org.openqa.selenium.remote.RemoteWebDriver.getScreenshotAs(RemoteWebDriver.java:295)
	at Happy_Path_Patient_Web_and_MR.DemoPageContainer.afterScenario(DemoPageContainer.java:74)
</textarea>
      
      </div>
                  </div>
              </div>
            </div>
        </div>
  </div>
  <div class="card">
    <div class="card-header" role="tab">
      <div class="card-title">
        <div class="node" id="89"><span class="badge log fail-bg mr-2">Fail</span>Navigate to Video Games Menu and Validate Menu</div>
      </div>
    </div>
        <div class="scenario_outline ">
            <div class="card-body l1">
              <div class="card-header">
                <div class="card-title outline-child">
                  <div class="node" id="90"><span class="badge log fail-bg mr-2">Fail</span>Navigate to Video Games Menu and Validate Menu</div>
                </div>
              </div>
              <div class="card-body mt-3 ">
                  <div class="step fail-bg">
                    <span>Given As a user i should click on Menu Button</span>
      <div>
        <textarea disabled class="code-block">java.lang.AssertionError: expected [true] but found [false]
	at org.testng.Assert.fail(Assert.java:99)
	at org.testng.Assert.failNotEquals(Assert.java:1037)
	at org.testng.Assert.assertTrue(Assert.java:45)
	at org.testng.Assert.assertTrue(Assert.java:55)
	at Happy_Path_Patient_Web_and_MR.stepDefinitions.BestBuySteps.asAUserIShouldClickOnMenuButton(BestBuySteps.java:104)
	at ?.As a user i should click on Menu Button(file:///E:/ShareWebCopy_Guvi_BestBuy/src/test/resources/features/BestBuyPurchase/1_GUVI_BestBuyPurchase.feature:127)
</textarea>
      
      </div>
                  </div>
                  <div class="step skip-bg">
                    <span>When I should click on Video Games Sub-menu</span>
      <div>Step skipped
      </div>
                  </div>
                  <div class="step skip-bg">
                    <span>Then I should get all the Video Games Sub Menu Pages and Validate the Sub Menus "&VGSUBMENUS&"</span>
      <div>Step skipped
      </div>
                  </div>
                  <div class="step skip-bg">
                    <span>Then I should get all the Video Games Menu Pages and Validate the Menus "&VGMENUS&"</span>
      <div>Step skipped
      </div>
                  </div>
                  <div class="step fail-bg">
                    <span>Happy_Path_Patient_Web_and_MR.DemoPageContainer.afterScenario(io.cucumber.java.Scenario)</span>
      <div>
        <textarea disabled class="code-block">org.openqa.selenium.NoSuchSessionException: invalid session id
Build info: version: '3.141.59', revision: 'e82be7d358', time: '2018-11-14T08:17:03'
System info: host: 'LAPTOP-G0UQGSFP', ip: '192.168.199.43', os.name: 'Windows 11', os.arch: 'amd64', os.version: '10.0', java.version: '1.8.0_351'
Driver info: org.openqa.selenium.chrome.ChromeDriver
Capabilities {acceptInsecureCerts: false, browserName: chrome, browserVersion: 135.0.7049.85, chrome: {chromedriverVersion: 135.0.7049.84 (6c019e560019..., userDataDir: C:\Users\BHAANU~1\AppData\L...}, fedcm:accounts: true, goog:chromeOptions: {debuggerAddress: localhost:56801}, javascriptEnabled: true, networkConnectionEnabled: false, pageLoadStrategy: normal, platform: WINDOWS, platformName: WINDOWS, proxy: Proxy(), setWindowRect: true, strictFileInteractability: false, timeouts: {implicit: 0, pageLoad: 300000, script: 30000}, unhandledPromptBehavior: dismiss and notify, webauthn:extension:credBlob: true, webauthn:extension:largeBlob: true, webauthn:extension:minPinLength: true, webauthn:extension:prf: true, webauthn:virtualAuthenticators: true}
Session ID: cfaceeb228dae2bfffd3eb7a2c48880e
	at sun.reflect.GeneratedConstructorAccessor27.newInstance(Unknown Source)
	at sun.reflect.DelegatingConstructorAccessorImpl.newInstance(DelegatingConstructorAccessorImpl.java:45)
	at java.lang.reflect.Constructor.newInstance(Constructor.java:423)
	at org.openqa.selenium.remote.http.W3CHttpResponseCodec.createException(W3CHttpResponseCodec.java:187)
	at org.openqa.selenium.remote.http.W3CHttpResponseCodec.decode(W3CHttpResponseCodec.java:122)
	at org.openqa.selenium.remote.http.W3CHttpResponseCodec.decode(W3CHttpResponseCodec.java:49)
	at org.openqa.selenium.remote.HttpCommandExecutor.execute(HttpCommandExecutor.java:158)
	at org.openqa.selenium.remote.service.DriverCommandExecutor.execute(DriverCommandExecutor.java:83)
	at org.openqa.selenium.remote.RemoteWebDriver.execute(RemoteWebDriver.java:552)
	at org.openqa.selenium.remote.RemoteWebDriver.execute(RemoteWebDriver.java:609)
	at org.openqa.selenium.remote.RemoteWebDriver.getScreenshotAs(RemoteWebDriver.java:295)
	at Happy_Path_Patient_Web_and_MR.DemoPageContainer.afterScenario(DemoPageContainer.java:74)
</textarea>
      
      </div>
                  </div>
              </div>
            </div>
        </div>
  </div>
  <div class="card">
    <div class="card-header" role="tab">
      <div class="card-title">
        <div class="node" id="97"><span class="badge log fail-bg mr-2">Fail</span>Navigate to Cameras,Cam recorders and Drones and Validate Menu</div>
      </div>
    </div>
        <div class="scenario_outline ">
            <div class="card-body l1">
              <div class="card-header">
                <div class="card-title outline-child">
                  <div class="node" id="98"><span class="badge log fail-bg mr-2">Fail</span>Navigate to Cameras,Cam recorders and Drones and Validate Menu</div>
                </div>
              </div>
              <div class="card-body mt-3 ">
                  <div class="step fail-bg">
                    <span>Given As a user i should click on Menu Button</span>
      <div>
        <textarea disabled class="code-block">java.lang.AssertionError: expected [true] but found [false]
	at org.testng.Assert.fail(Assert.java:99)
	at org.testng.Assert.failNotEquals(Assert.java:1037)
	at org.testng.Assert.assertTrue(Assert.java:45)
	at org.testng.Assert.assertTrue(Assert.java:55)
	at Happy_Path_Patient_Web_and_MR.stepDefinitions.BestBuySteps.asAUserIShouldClickOnMenuButton(BestBuySteps.java:104)
	at ?.As a user i should click on Menu Button(file:///E:/ShareWebCopy_Guvi_BestBuy/src/test/resources/features/BestBuyPurchase/1_GUVI_BestBuyPurchase.feature:138)
</textarea>
      
      </div>
                  </div>
                  <div class="step skip-bg">
                    <span>When I should click on Cameras,Cam recorders and Drones Sub-menu</span>
      <div>Step skipped
      </div>
                  </div>
                  <div class="step skip-bg">
                    <span>Then I should get all the Cameras,Cam recorders and Drones Sub Menu Pages and Validate the Sub Menus "&CCDSUBMENUS&"</span>
      <div>Step skipped
      </div>
                  </div>
                  <div class="step skip-bg">
                    <span>Then I should get all the Cameras,Cam recorders and Drones Menu Pages and Validate the Menus "&CCDMENUS&"</span>
      <div>Step skipped
      </div>
                  </div>
                  <div class="step fail-bg">
                    <span>Happy_Path_Patient_Web_and_MR.DemoPageContainer.afterScenario(io.cucumber.java.Scenario)</span>
      <div>
        <textarea disabled class="code-block">org.openqa.selenium.NoSuchSessionException: invalid session id
Build info: version: '3.141.59', revision: 'e82be7d358', time: '2018-11-14T08:17:03'
System info: host: 'LAPTOP-G0UQGSFP', ip: '192.168.199.43', os.name: 'Windows 11', os.arch: 'amd64', os.version: '10.0', java.version: '1.8.0_351'
Driver info: org.openqa.selenium.chrome.ChromeDriver
Capabilities {acceptInsecureCerts: false, browserName: chrome, browserVersion: 135.0.7049.85, chrome: {chromedriverVersion: 135.0.7049.84 (6c019e560019..., userDataDir: C:\Users\BHAANU~1\AppData\L...}, fedcm:accounts: true, goog:chromeOptions: {debuggerAddress: localhost:56801}, javascriptEnabled: true, networkConnectionEnabled: false, pageLoadStrategy: normal, platform: WINDOWS, platformName: WINDOWS, proxy: Proxy(), setWindowRect: true, strictFileInteractability: false, timeouts: {implicit: 0, pageLoad: 300000, script: 30000}, unhandledPromptBehavior: dismiss and notify, webauthn:extension:credBlob: true, webauthn:extension:largeBlob: true, webauthn:extension:minPinLength: true, webauthn:extension:prf: true, webauthn:virtualAuthenticators: true}
Session ID: cfaceeb228dae2bfffd3eb7a2c48880e
	at sun.reflect.GeneratedConstructorAccessor27.newInstance(Unknown Source)
	at sun.reflect.DelegatingConstructorAccessorImpl.newInstance(DelegatingConstructorAccessorImpl.java:45)
	at java.lang.reflect.Constructor.newInstance(Constructor.java:423)
	at org.openqa.selenium.remote.http.W3CHttpResponseCodec.createException(W3CHttpResponseCodec.java:187)
	at org.openqa.selenium.remote.http.W3CHttpResponseCodec.decode(W3CHttpResponseCodec.java:122)
	at org.openqa.selenium.remote.http.W3CHttpResponseCodec.decode(W3CHttpResponseCodec.java:49)
	at org.openqa.selenium.remote.HttpCommandExecutor.execute(HttpCommandExecutor.java:158)
	at org.openqa.selenium.remote.service.DriverCommandExecutor.execute(DriverCommandExecutor.java:83)
	at org.openqa.selenium.remote.RemoteWebDriver.execute(RemoteWebDriver.java:552)
	at org.openqa.selenium.remote.RemoteWebDriver.execute(RemoteWebDriver.java:609)
	at org.openqa.selenium.remote.RemoteWebDriver.getScreenshotAs(RemoteWebDriver.java:295)
	at Happy_Path_Patient_Web_and_MR.DemoPageContainer.afterScenario(DemoPageContainer.java:74)
</textarea>
      
      </div>
                  </div>
              </div>
            </div>
        </div>
  </div>
  <div class="card">
    <div class="card-header" role="tab">
      <div class="card-title">
        <div class="node" id="105"><span class="badge log fail-bg mr-2">Fail</span>Navigate to Home,Furniture and Office and Validate Menu</div>
      </div>
    </div>
        <div class="scenario_outline ">
            <div class="card-body l1">
              <div class="card-header">
                <div class="card-title outline-child">
                  <div class="node" id="106"><span class="badge log fail-bg mr-2">Fail</span>Navigate to Home,Furniture and Office and Validate Menu</div>
                </div>
              </div>
              <div class="card-body mt-3 ">
                  <div class="step fail-bg">
                    <span>Given As a user i should click on Menu Button</span>
      <div>
        <textarea disabled class="code-block">java.lang.AssertionError: expected [true] but found [false]
	at org.testng.Assert.fail(Assert.java:99)
	at org.testng.Assert.failNotEquals(Assert.java:1037)
	at org.testng.Assert.assertTrue(Assert.java:45)
	at org.testng.Assert.assertTrue(Assert.java:55)
	at Happy_Path_Patient_Web_and_MR.stepDefinitions.BestBuySteps.asAUserIShouldClickOnMenuButton(BestBuySteps.java:104)
	at ?.As a user i should click on Menu Button(file:///E:/ShareWebCopy_Guvi_BestBuy/src/test/resources/features/BestBuyPurchase/1_GUVI_BestBuyPurchase.feature:149)
</textarea>
      
      </div>
                  </div>
                  <div class="step skip-bg">
                    <span>When I should click on Home,Furniture and Office Sub-menu</span>
      <div>Step skipped
      </div>
                  </div>
                  <div class="step skip-bg">
                    <span>Then I should get all the Home,Furniture and Office Sub Menu Pages and Validate the Sub Menus "&HFOSUBMENUS&"</span>
      <div>Step skipped
      </div>
                  </div>
                  <div class="step skip-bg">
                    <span>Then I should get all the Home,Furniture and Office Menu Pages and Validate the Menus "&HFOMENUS&"</span>
      <div>Step skipped
      </div>
                  </div>
                  <div class="step fail-bg">
                    <span>Happy_Path_Patient_Web_and_MR.DemoPageContainer.afterScenario(io.cucumber.java.Scenario)</span>
      <div>
        <textarea disabled class="code-block">org.openqa.selenium.NoSuchSessionException: invalid session id
Build info: version: '3.141.59', revision: 'e82be7d358', time: '2018-11-14T08:17:03'
System info: host: 'LAPTOP-G0UQGSFP', ip: '192.168.199.43', os.name: 'Windows 11', os.arch: 'amd64', os.version: '10.0', java.version: '1.8.0_351'
Driver info: org.openqa.selenium.chrome.ChromeDriver
Capabilities {acceptInsecureCerts: false, browserName: chrome, browserVersion: 135.0.7049.85, chrome: {chromedriverVersion: 135.0.7049.84 (6c019e560019..., userDataDir: C:\Users\BHAANU~1\AppData\L...}, fedcm:accounts: true, goog:chromeOptions: {debuggerAddress: localhost:56801}, javascriptEnabled: true, networkConnectionEnabled: false, pageLoadStrategy: normal, platform: WINDOWS, platformName: WINDOWS, proxy: Proxy(), setWindowRect: true, strictFileInteractability: false, timeouts: {implicit: 0, pageLoad: 300000, script: 30000}, unhandledPromptBehavior: dismiss and notify, webauthn:extension:credBlob: true, webauthn:extension:largeBlob: true, webauthn:extension:minPinLength: true, webauthn:extension:prf: true, webauthn:virtualAuthenticators: true}
Session ID: cfaceeb228dae2bfffd3eb7a2c48880e
	at sun.reflect.GeneratedConstructorAccessor27.newInstance(Unknown Source)
	at sun.reflect.DelegatingConstructorAccessorImpl.newInstance(DelegatingConstructorAccessorImpl.java:45)
	at java.lang.reflect.Constructor.newInstance(Constructor.java:423)
	at org.openqa.selenium.remote.http.W3CHttpResponseCodec.createException(W3CHttpResponseCodec.java:187)
	at org.openqa.selenium.remote.http.W3CHttpResponseCodec.decode(W3CHttpResponseCodec.java:122)
	at org.openqa.selenium.remote.http.W3CHttpResponseCodec.decode(W3CHttpResponseCodec.java:49)
	at org.openqa.selenium.remote.HttpCommandExecutor.execute(HttpCommandExecutor.java:158)
	at org.openqa.selenium.remote.service.DriverCommandExecutor.execute(DriverCommandExecutor.java:83)
	at org.openqa.selenium.remote.RemoteWebDriver.execute(RemoteWebDriver.java:552)
	at org.openqa.selenium.remote.RemoteWebDriver.execute(RemoteWebDriver.java:609)
	at org.openqa.selenium.remote.RemoteWebDriver.getScreenshotAs(RemoteWebDriver.java:295)
	at Happy_Path_Patient_Web_and_MR.DemoPageContainer.afterScenario(DemoPageContainer.java:74)
</textarea>
      
      </div>
                  </div>
              </div>
            </div>
        </div>
  </div>
  <div class="card">
    <div class="card-header" role="tab">
      <div class="card-title">
        <div class="node" id="113"><span class="badge log fail-bg mr-2">Fail</span>Navigate to Smart Home, Security & Wi-Fi and Validate Menu</div>
      </div>
    </div>
        <div class="scenario_outline ">
            <div class="card-body l1">
              <div class="card-header">
                <div class="card-title outline-child">
                  <div class="node" id="114"><span class="badge log fail-bg mr-2">Fail</span>Navigate to Smart Home, Security & Wi-Fi and Validate Menu</div>
                </div>
              </div>
              <div class="card-body mt-3 ">
                  <div class="step fail-bg">
                    <span>Given As a user i should click on Menu Button</span>
      <div>
        <textarea disabled class="code-block">java.lang.AssertionError: expected [true] but found [false]
	at org.testng.Assert.fail(Assert.java:99)
	at org.testng.Assert.failNotEquals(Assert.java:1037)
	at org.testng.Assert.assertTrue(Assert.java:45)
	at org.testng.Assert.assertTrue(Assert.java:55)
	at Happy_Path_Patient_Web_and_MR.stepDefinitions.BestBuySteps.asAUserIShouldClickOnMenuButton(BestBuySteps.java:104)
	at ?.As a user i should click on Menu Button(file:///E:/ShareWebCopy_Guvi_BestBuy/src/test/resources/features/BestBuyPurchase/1_GUVI_BestBuyPurchase.feature:160)
</textarea>
      
      </div>
                  </div>
                  <div class="step skip-bg">
                    <span>When I should click on Smart Home, Security & Wi-Fi Sub-menu</span>
      <div>Step skipped
      </div>
                  </div>
                  <div class="step skip-bg">
                    <span>Then I should get all the Smart Home, Security & Wi-Fi Sub Menu Pages and Validate the Sub Menus "&SSWSUBMENUS&"</span>
      <div>Step skipped
      </div>
                  </div>
                  <div class="step skip-bg">
                    <span>Then I should get all the Smart Home, Security & Wi-Fi Menu Pages and Validate the Menus "&SSWMENUS&"</span>
      <div>Step skipped
      </div>
                  </div>
                  <div class="step fail-bg">
                    <span>Happy_Path_Patient_Web_and_MR.DemoPageContainer.afterScenario(io.cucumber.java.Scenario)</span>
      <div>
        <textarea disabled class="code-block">org.openqa.selenium.NoSuchSessionException: invalid session id
Build info: version: '3.141.59', revision: 'e82be7d358', time: '2018-11-14T08:17:03'
System info: host: 'LAPTOP-G0UQGSFP', ip: '192.168.199.43', os.name: 'Windows 11', os.arch: 'amd64', os.version: '10.0', java.version: '1.8.0_351'
Driver info: org.openqa.selenium.chrome.ChromeDriver
Capabilities {acceptInsecureCerts: false, browserName: chrome, browserVersion: 135.0.7049.85, chrome: {chromedriverVersion: 135.0.7049.84 (6c019e560019..., userDataDir: C:\Users\BHAANU~1\AppData\L...}, fedcm:accounts: true, goog:chromeOptions: {debuggerAddress: localhost:56801}, javascriptEnabled: true, networkConnectionEnabled: false, pageLoadStrategy: normal, platform: WINDOWS, platformName: WINDOWS, proxy: Proxy(), setWindowRect: true, strictFileInteractability: false, timeouts: {implicit: 0, pageLoad: 300000, script: 30000}, unhandledPromptBehavior: dismiss and notify, webauthn:extension:credBlob: true, webauthn:extension:largeBlob: true, webauthn:extension:minPinLength: true, webauthn:extension:prf: true, webauthn:virtualAuthenticators: true}
Session ID: cfaceeb228dae2bfffd3eb7a2c48880e
	at sun.reflect.GeneratedConstructorAccessor27.newInstance(Unknown Source)
	at sun.reflect.DelegatingConstructorAccessorImpl.newInstance(DelegatingConstructorAccessorImpl.java:45)
	at java.lang.reflect.Constructor.newInstance(Constructor.java:423)
	at org.openqa.selenium.remote.http.W3CHttpResponseCodec.createException(W3CHttpResponseCodec.java:187)
	at org.openqa.selenium.remote.http.W3CHttpResponseCodec.decode(W3CHttpResponseCodec.java:122)
	at org.openqa.selenium.remote.http.W3CHttpResponseCodec.decode(W3CHttpResponseCodec.java:49)
	at org.openqa.selenium.remote.HttpCommandExecutor.execute(HttpCommandExecutor.java:158)
	at org.openqa.selenium.remote.service.DriverCommandExecutor.execute(DriverCommandExecutor.java:83)
	at org.openqa.selenium.remote.RemoteWebDriver.execute(RemoteWebDriver.java:552)
	at org.openqa.selenium.remote.RemoteWebDriver.execute(RemoteWebDriver.java:609)
	at org.openqa.selenium.remote.RemoteWebDriver.getScreenshotAs(RemoteWebDriver.java:295)
	at Happy_Path_Patient_Web_and_MR.DemoPageContainer.afterScenario(DemoPageContainer.java:74)
</textarea>
      
      </div>
                  </div>
              </div>
            </div>
        </div>
  </div>
  <div class="card">
    <div class="card-header" role="tab">
      <div class="card-title">
        <div class="node" id="121"><span class="badge log fail-bg mr-2">Fail</span>Navigate to Car Electronics & GPS and Validate Menu</div>
      </div>
    </div>
        <div class="scenario_outline ">
            <div class="card-body l1">
              <div class="card-header">
                <div class="card-title outline-child">
                  <div class="node" id="122"><span class="badge log fail-bg mr-2">Fail</span>Navigate to Car Electronics & GPS and Validate Menu</div>
                </div>
              </div>
              <div class="card-body mt-3 ">
                  <div class="step fail-bg">
                    <span>Given As a user i should click on Menu Button</span>
      <div>
        <textarea disabled class="code-block">java.lang.AssertionError: expected [true] but found [false]
	at org.testng.Assert.fail(Assert.java:99)
	at org.testng.Assert.failNotEquals(Assert.java:1037)
	at org.testng.Assert.assertTrue(Assert.java:45)
	at org.testng.Assert.assertTrue(Assert.java:55)
	at Happy_Path_Patient_Web_and_MR.stepDefinitions.BestBuySteps.asAUserIShouldClickOnMenuButton(BestBuySteps.java:104)
	at ?.As a user i should click on Menu Button(file:///E:/ShareWebCopy_Guvi_BestBuy/src/test/resources/features/BestBuyPurchase/1_GUVI_BestBuyPurchase.feature:171)
</textarea>
      
      </div>
                  </div>
                  <div class="step skip-bg">
                    <span>When I should click on Car Electronics & GPS Sub-menu</span>
      <div>Step skipped
      </div>
                  </div>
                  <div class="step skip-bg">
                    <span>Then I should get all the Car Electronics & GPS Sub Menu Pages and Validate the Sub Menus "&CEGSUBMENUS&"</span>
      <div>Step skipped
      </div>
                  </div>
                  <div class="step skip-bg">
                    <span>Then I should get all the Car Electronics & GPS Menu Pages and Validate the Menus "&CEGMENUS&"</span>
      <div>Step skipped
      </div>
                  </div>
                  <div class="step fail-bg">
                    <span>Happy_Path_Patient_Web_and_MR.DemoPageContainer.afterScenario(io.cucumber.java.Scenario)</span>
      <div>
        <textarea disabled class="code-block">org.openqa.selenium.NoSuchSessionException: invalid session id
Build info: version: '3.141.59', revision: 'e82be7d358', time: '2018-11-14T08:17:03'
System info: host: 'LAPTOP-G0UQGSFP', ip: '192.168.199.43', os.name: 'Windows 11', os.arch: 'amd64', os.version: '10.0', java.version: '1.8.0_351'
Driver info: org.openqa.selenium.chrome.ChromeDriver
Capabilities {acceptInsecureCerts: false, browserName: chrome, browserVersion: 135.0.7049.85, chrome: {chromedriverVersion: 135.0.7049.84 (6c019e560019..., userDataDir: C:\Users\BHAANU~1\AppData\L...}, fedcm:accounts: true, goog:chromeOptions: {debuggerAddress: localhost:56801}, javascriptEnabled: true, networkConnectionEnabled: false, pageLoadStrategy: normal, platform: WINDOWS, platformName: WINDOWS, proxy: Proxy(), setWindowRect: true, strictFileInteractability: false, timeouts: {implicit: 0, pageLoad: 300000, script: 30000}, unhandledPromptBehavior: dismiss and notify, webauthn:extension:credBlob: true, webauthn:extension:largeBlob: true, webauthn:extension:minPinLength: true, webauthn:extension:prf: true, webauthn:virtualAuthenticators: true}
Session ID: cfaceeb228dae2bfffd3eb7a2c48880e
	at sun.reflect.GeneratedConstructorAccessor27.newInstance(Unknown Source)
	at sun.reflect.DelegatingConstructorAccessorImpl.newInstance(DelegatingConstructorAccessorImpl.java:45)
	at java.lang.reflect.Constructor.newInstance(Constructor.java:423)
	at org.openqa.selenium.remote.http.W3CHttpResponseCodec.createException(W3CHttpResponseCodec.java:187)
	at org.openqa.selenium.remote.http.W3CHttpResponseCodec.decode(W3CHttpResponseCodec.java:122)
	at org.openqa.selenium.remote.http.W3CHttpResponseCodec.decode(W3CHttpResponseCodec.java:49)
	at org.openqa.selenium.remote.HttpCommandExecutor.execute(HttpCommandExecutor.java:158)
	at org.openqa.selenium.remote.service.DriverCommandExecutor.execute(DriverCommandExecutor.java:83)
	at org.openqa.selenium.remote.RemoteWebDriver.execute(RemoteWebDriver.java:552)
	at org.openqa.selenium.remote.RemoteWebDriver.execute(RemoteWebDriver.java:609)
	at org.openqa.selenium.remote.RemoteWebDriver.getScreenshotAs(RemoteWebDriver.java:295)
	at Happy_Path_Patient_Web_and_MR.DemoPageContainer.afterScenario(DemoPageContainer.java:74)
</textarea>
      
      </div>
                  </div>
              </div>
            </div>
        </div>
  </div>
  <div class="card">
    <div class="card-header" role="tab">
      <div class="card-title">
        <div class="node" id="129"><span class="badge log fail-bg mr-2">Fail</span>Navigate to Wearable Technology and Validate Menu</div>
      </div>
    </div>
        <div class="scenario_outline ">
            <div class="card-body l1">
              <div class="card-header">
                <div class="card-title outline-child">
                  <div class="node" id="130"><span class="badge log fail-bg mr-2">Fail</span>Navigate to Wearable Technology and Validate Menu</div>
                </div>
              </div>
              <div class="card-body mt-3 ">
                  <div class="step fail-bg">
                    <span>Given As a user i should click on Menu Button</span>
      <div>
        <textarea disabled class="code-block">java.lang.AssertionError: expected [true] but found [false]
	at org.testng.Assert.fail(Assert.java:99)
	at org.testng.Assert.failNotEquals(Assert.java:1037)
	at org.testng.Assert.assertTrue(Assert.java:45)
	at org.testng.Assert.assertTrue(Assert.java:55)
	at Happy_Path_Patient_Web_and_MR.stepDefinitions.BestBuySteps.asAUserIShouldClickOnMenuButton(BestBuySteps.java:104)
	at ?.As a user i should click on Menu Button(file:///E:/ShareWebCopy_Guvi_BestBuy/src/test/resources/features/BestBuyPurchase/1_GUVI_BestBuyPurchase.feature:182)
</textarea>
      
      </div>
                  </div>
                  <div class="step skip-bg">
                    <span>When I should click on Wearable Technology Sub-menu</span>
      <div>Step skipped
      </div>
                  </div>
                  <div class="step skip-bg">
                    <span>Then I should get all the Wearable Technology Sub Menu Pages and Validate the Sub Menus "&WTSUBMENUS&"</span>
      <div>Step skipped
      </div>
                  </div>
                  <div class="step skip-bg">
                    <span>Then I should get all the Wearable Technology Menu Pages and Validate the Menus "&WTMENUS&"</span>
      <div>Step skipped
      </div>
                  </div>
                  <div class="step fail-bg">
                    <span>Happy_Path_Patient_Web_and_MR.DemoPageContainer.afterScenario(io.cucumber.java.Scenario)</span>
      <div>
        <textarea disabled class="code-block">org.openqa.selenium.NoSuchSessionException: invalid session id
Build info: version: '3.141.59', revision: 'e82be7d358', time: '2018-11-14T08:17:03'
System info: host: 'LAPTOP-G0UQGSFP', ip: '192.168.199.43', os.name: 'Windows 11', os.arch: 'amd64', os.version: '10.0', java.version: '1.8.0_351'
Driver info: org.openqa.selenium.chrome.ChromeDriver
Capabilities {acceptInsecureCerts: false, browserName: chrome, browserVersion: 135.0.7049.85, chrome: {chromedriverVersion: 135.0.7049.84 (6c019e560019..., userDataDir: C:\Users\BHAANU~1\AppData\L...}, fedcm:accounts: true, goog:chromeOptions: {debuggerAddress: localhost:56801}, javascriptEnabled: true, networkConnectionEnabled: false, pageLoadStrategy: normal, platform: WINDOWS, platformName: WINDOWS, proxy: Proxy(), setWindowRect: true, strictFileInteractability: false, timeouts: {implicit: 0, pageLoad: 300000, script: 30000}, unhandledPromptBehavior: dismiss and notify, webauthn:extension:credBlob: true, webauthn:extension:largeBlob: true, webauthn:extension:minPinLength: true, webauthn:extension:prf: true, webauthn:virtualAuthenticators: true}
Session ID: cfaceeb228dae2bfffd3eb7a2c48880e
	at sun.reflect.GeneratedConstructorAccessor27.newInstance(Unknown Source)
	at sun.reflect.DelegatingConstructorAccessorImpl.newInstance(DelegatingConstructorAccessorImpl.java:45)
	at java.lang.reflect.Constructor.newInstance(Constructor.java:423)
	at org.openqa.selenium.remote.http.W3CHttpResponseCodec.createException(W3CHttpResponseCodec.java:187)
	at org.openqa.selenium.remote.http.W3CHttpResponseCodec.decode(W3CHttpResponseCodec.java:122)
	at org.openqa.selenium.remote.http.W3CHttpResponseCodec.decode(W3CHttpResponseCodec.java:49)
	at org.openqa.selenium.remote.HttpCommandExecutor.execute(HttpCommandExecutor.java:158)
	at org.openqa.selenium.remote.service.DriverCommandExecutor.execute(DriverCommandExecutor.java:83)
	at org.openqa.selenium.remote.RemoteWebDriver.execute(RemoteWebDriver.java:552)
	at org.openqa.selenium.remote.RemoteWebDriver.execute(RemoteWebDriver.java:609)
	at org.openqa.selenium.remote.RemoteWebDriver.getScreenshotAs(RemoteWebDriver.java:295)
	at Happy_Path_Patient_Web_and_MR.DemoPageContainer.afterScenario(DemoPageContainer.java:74)
</textarea>
      
      </div>
                  </div>
              </div>
            </div>
        </div>
  </div>
  <div class="card">
    <div class="card-header" role="tab">
      <div class="card-title">
        <div class="node" id="137"><span class="badge log fail-bg mr-2">Fail</span>Navigate to Health, Wellness & Fitness and Validate Menu</div>
      </div>
    </div>
        <div class="scenario_outline ">
            <div class="card-body l1">
              <div class="card-header">
                <div class="card-title outline-child">
                  <div class="node" id="138"><span class="badge log fail-bg mr-2">Fail</span>Navigate to Health, Wellness & Fitness and Validate Menu</div>
                </div>
              </div>
              <div class="card-body mt-3 ">
                  <div class="step fail-bg">
                    <span>Given As a user i should click on Menu Button</span>
      <div>
        <textarea disabled class="code-block">java.lang.AssertionError: expected [true] but found [false]
	at org.testng.Assert.fail(Assert.java:99)
	at org.testng.Assert.failNotEquals(Assert.java:1037)
	at org.testng.Assert.assertTrue(Assert.java:45)
	at org.testng.Assert.assertTrue(Assert.java:55)
	at Happy_Path_Patient_Web_and_MR.stepDefinitions.BestBuySteps.asAUserIShouldClickOnMenuButton(BestBuySteps.java:104)
	at ?.As a user i should click on Menu Button(file:///E:/ShareWebCopy_Guvi_BestBuy/src/test/resources/features/BestBuyPurchase/1_GUVI_BestBuyPurchase.feature:193)
</textarea>
      
      </div>
                  </div>
                  <div class="step skip-bg">
                    <span>When I should click on Health, Wellness & Fitness Sub-menu</span>
      <div>Step skipped
      </div>
                  </div>
                  <div class="step skip-bg">
                    <span>Then I should get all the Health, Wellness & Fitness Sub Menu Pages and Validate the Sub Menus "&HWFSUBMENUS&"</span>
      <div>Step skipped
      </div>
                  </div>
                  <div class="step skip-bg">
                    <span>Then I should get all the Health, Wellness & Fitness Menu Pages and Validate the Menus "&HWFMENUS&"</span>
      <div>Step skipped
      </div>
                  </div>
                  <div class="step fail-bg">
                    <span>Happy_Path_Patient_Web_and_MR.DemoPageContainer.afterScenario(io.cucumber.java.Scenario)</span>
      <div>
        <textarea disabled class="code-block">org.openqa.selenium.NoSuchSessionException: invalid session id
Build info: version: '3.141.59', revision: 'e82be7d358', time: '2018-11-14T08:17:03'
System info: host: 'LAPTOP-G0UQGSFP', ip: '192.168.199.43', os.name: 'Windows 11', os.arch: 'amd64', os.version: '10.0', java.version: '1.8.0_351'
Driver info: org.openqa.selenium.chrome.ChromeDriver
Capabilities {acceptInsecureCerts: false, browserName: chrome, browserVersion: 135.0.7049.85, chrome: {chromedriverVersion: 135.0.7049.84 (6c019e560019..., userDataDir: C:\Users\BHAANU~1\AppData\L...}, fedcm:accounts: true, goog:chromeOptions: {debuggerAddress: localhost:56801}, javascriptEnabled: true, networkConnectionEnabled: false, pageLoadStrategy: normal, platform: WINDOWS, platformName: WINDOWS, proxy: Proxy(), setWindowRect: true, strictFileInteractability: false, timeouts: {implicit: 0, pageLoad: 300000, script: 30000}, unhandledPromptBehavior: dismiss and notify, webauthn:extension:credBlob: true, webauthn:extension:largeBlob: true, webauthn:extension:minPinLength: true, webauthn:extension:prf: true, webauthn:virtualAuthenticators: true}
Session ID: cfaceeb228dae2bfffd3eb7a2c48880e
	at sun.reflect.GeneratedConstructorAccessor27.newInstance(Unknown Source)
	at sun.reflect.DelegatingConstructorAccessorImpl.newInstance(DelegatingConstructorAccessorImpl.java:45)
	at java.lang.reflect.Constructor.newInstance(Constructor.java:423)
	at org.openqa.selenium.remote.http.W3CHttpResponseCodec.createException(W3CHttpResponseCodec.java:187)
	at org.openqa.selenium.remote.http.W3CHttpResponseCodec.decode(W3CHttpResponseCodec.java:122)
	at org.openqa.selenium.remote.http.W3CHttpResponseCodec.decode(W3CHttpResponseCodec.java:49)
	at org.openqa.selenium.remote.HttpCommandExecutor.execute(HttpCommandExecutor.java:158)
	at org.openqa.selenium.remote.service.DriverCommandExecutor.execute(DriverCommandExecutor.java:83)
	at org.openqa.selenium.remote.RemoteWebDriver.execute(RemoteWebDriver.java:552)
	at org.openqa.selenium.remote.RemoteWebDriver.execute(RemoteWebDriver.java:609)
	at org.openqa.selenium.remote.RemoteWebDriver.getScreenshotAs(RemoteWebDriver.java:295)
	at Happy_Path_Patient_Web_and_MR.DemoPageContainer.afterScenario(DemoPageContainer.java:74)
</textarea>
      
      </div>
                  </div>
              </div>
            </div>
        </div>
  </div>
  <div class="card">
    <div class="card-header" role="tab">
      <div class="card-title">
        <div class="node" id="145"><span class="badge log fail-bg mr-2">Fail</span>Navigate to Outdoor Living and Validate Menu</div>
      </div>
    </div>
        <div class="scenario_outline ">
            <div class="card-body l1">
              <div class="card-header">
                <div class="card-title outline-child">
                  <div class="node" id="146"><span class="badge log fail-bg mr-2">Fail</span>Navigate to Outdoor Living and Validate Menu</div>
                </div>
              </div>
              <div class="card-body mt-3 ">
                  <div class="step fail-bg">
                    <span>Given As a user i should click on Menu Button</span>
      <div>
        <textarea disabled class="code-block">java.lang.AssertionError: expected [true] but found [false]
	at org.testng.Assert.fail(Assert.java:99)
	at org.testng.Assert.failNotEquals(Assert.java:1037)
	at org.testng.Assert.assertTrue(Assert.java:45)
	at org.testng.Assert.assertTrue(Assert.java:55)
	at Happy_Path_Patient_Web_and_MR.stepDefinitions.BestBuySteps.asAUserIShouldClickOnMenuButton(BestBuySteps.java:104)
	at ?.As a user i should click on Menu Button(file:///E:/ShareWebCopy_Guvi_BestBuy/src/test/resources/features/BestBuyPurchase/1_GUVI_BestBuyPurchase.feature:204)
</textarea>
      
      </div>
                  </div>
                  <div class="step skip-bg">
                    <span>When I should click on Outdoor Living Sub-menu</span>
      <div>Step skipped
      </div>
                  </div>
                  <div class="step skip-bg">
                    <span>Then I should get all the Outdoor Living Sub Menu Pages and Validate the Sub Menus "&OLSUBMENUS&"</span>
      <div>Step skipped
      </div>
                  </div>
                  <div class="step skip-bg">
                    <span>Then I should get all the Outdoor Living Menu Pages and Validate the Menus "&OLMENUS&"</span>
      <div>Step skipped
      </div>
                  </div>
                  <div class="step fail-bg">
                    <span>Happy_Path_Patient_Web_and_MR.DemoPageContainer.afterScenario(io.cucumber.java.Scenario)</span>
      <div>
        <textarea disabled class="code-block">org.openqa.selenium.NoSuchSessionException: invalid session id
Build info: version: '3.141.59', revision: 'e82be7d358', time: '2018-11-14T08:17:03'
System info: host: 'LAPTOP-G0UQGSFP', ip: '192.168.199.43', os.name: 'Windows 11', os.arch: 'amd64', os.version: '10.0', java.version: '1.8.0_351'
Driver info: org.openqa.selenium.chrome.ChromeDriver
Capabilities {acceptInsecureCerts: false, browserName: chrome, browserVersion: 135.0.7049.85, chrome: {chromedriverVersion: 135.0.7049.84 (6c019e560019..., userDataDir: C:\Users\BHAANU~1\AppData\L...}, fedcm:accounts: true, goog:chromeOptions: {debuggerAddress: localhost:56801}, javascriptEnabled: true, networkConnectionEnabled: false, pageLoadStrategy: normal, platform: WINDOWS, platformName: WINDOWS, proxy: Proxy(), setWindowRect: true, strictFileInteractability: false, timeouts: {implicit: 0, pageLoad: 300000, script: 30000}, unhandledPromptBehavior: dismiss and notify, webauthn:extension:credBlob: true, webauthn:extension:largeBlob: true, webauthn:extension:minPinLength: true, webauthn:extension:prf: true, webauthn:virtualAuthenticators: true}
Session ID: cfaceeb228dae2bfffd3eb7a2c48880e
	at sun.reflect.GeneratedConstructorAccessor27.newInstance(Unknown Source)
	at sun.reflect.DelegatingConstructorAccessorImpl.newInstance(DelegatingConstructorAccessorImpl.java:45)
	at java.lang.reflect.Constructor.newInstance(Constructor.java:423)
	at org.openqa.selenium.remote.http.W3CHttpResponseCodec.createException(W3CHttpResponseCodec.java:187)
	at org.openqa.selenium.remote.http.W3CHttpResponseCodec.decode(W3CHttpResponseCodec.java:122)
	at org.openqa.selenium.remote.http.W3CHttpResponseCodec.decode(W3CHttpResponseCodec.java:49)
	at org.openqa.selenium.remote.HttpCommandExecutor.execute(HttpCommandExecutor.java:158)
	at org.openqa.selenium.remote.service.DriverCommandExecutor.execute(DriverCommandExecutor.java:83)
	at org.openqa.selenium.remote.RemoteWebDriver.execute(RemoteWebDriver.java:552)
	at org.openqa.selenium.remote.RemoteWebDriver.execute(RemoteWebDriver.java:609)
	at org.openqa.selenium.remote.RemoteWebDriver.getScreenshotAs(RemoteWebDriver.java:295)
	at Happy_Path_Patient_Web_and_MR.DemoPageContainer.afterScenario(DemoPageContainer.java:74)
</textarea>
      
      </div>
                  </div>
              </div>
            </div>
        </div>
  </div>
  <div class="card">
    <div class="card-header" role="tab">
      <div class="card-title">
        <div class="node" id="153"><span class="badge log fail-bg mr-2">Fail</span>Navigate to Toys, Games & Collectibles and Validate Menu</div>
      </div>
    </div>
        <div class="scenario_outline ">
            <div class="card-body l1">
              <div class="card-header">
                <div class="card-title outline-child">
                  <div class="node" id="154"><span class="badge log fail-bg mr-2">Fail</span>Navigate to Toys, Games & Collectibles and Validate Menu</div>
                </div>
              </div>
              <div class="card-body mt-3 ">
                  <div class="step fail-bg">
                    <span>Given As a user i should click on Menu Button</span>
      <div>
        <textarea disabled class="code-block">java.lang.AssertionError: expected [true] but found [false]
	at org.testng.Assert.fail(Assert.java:99)
	at org.testng.Assert.failNotEquals(Assert.java:1037)
	at org.testng.Assert.assertTrue(Assert.java:45)
	at org.testng.Assert.assertTrue(Assert.java:55)
	at Happy_Path_Patient_Web_and_MR.stepDefinitions.BestBuySteps.asAUserIShouldClickOnMenuButton(BestBuySteps.java:104)
	at ?.As a user i should click on Menu Button(file:///E:/ShareWebCopy_Guvi_BestBuy/src/test/resources/features/BestBuyPurchase/1_GUVI_BestBuyPurchase.feature:215)
</textarea>
      
      </div>
                  </div>
                  <div class="step skip-bg">
                    <span>When I should click on Toys, Games & Collectibles Sub-menu</span>
      <div>Step skipped
      </div>
                  </div>
                  <div class="step skip-bg">
                    <span>Then I should get all the Toys, Games & Collectibles Sub Menu Pages and Validate the Sub Menus "&TGCSUBMENUS&"</span>
      <div>Step skipped
      </div>
                  </div>
                  <div class="step skip-bg">
                    <span>Then I should get all the Toys, Games & Collectibles Menu Pages and Validate the Menus "&TGCMENUS&"</span>
      <div>Step skipped
      </div>
                  </div>
                  <div class="step fail-bg">
                    <span>Happy_Path_Patient_Web_and_MR.DemoPageContainer.afterScenario(io.cucumber.java.Scenario)</span>
      <div>
        <textarea disabled class="code-block">org.openqa.selenium.NoSuchSessionException: invalid session id
Build info: version: '3.141.59', revision: 'e82be7d358', time: '2018-11-14T08:17:03'
System info: host: 'LAPTOP-G0UQGSFP', ip: '192.168.199.43', os.name: 'Windows 11', os.arch: 'amd64', os.version: '10.0', java.version: '1.8.0_351'
Driver info: org.openqa.selenium.chrome.ChromeDriver
Capabilities {acceptInsecureCerts: false, browserName: chrome, browserVersion: 135.0.7049.85, chrome: {chromedriverVersion: 135.0.7049.84 (6c019e560019..., userDataDir: C:\Users\BHAANU~1\AppData\L...}, fedcm:accounts: true, goog:chromeOptions: {debuggerAddress: localhost:56801}, javascriptEnabled: true, networkConnectionEnabled: false, pageLoadStrategy: normal, platform: WINDOWS, platformName: WINDOWS, proxy: Proxy(), setWindowRect: true, strictFileInteractability: false, timeouts: {implicit: 0, pageLoad: 300000, script: 30000}, unhandledPromptBehavior: dismiss and notify, webauthn:extension:credBlob: true, webauthn:extension:largeBlob: true, webauthn:extension:minPinLength: true, webauthn:extension:prf: true, webauthn:virtualAuthenticators: true}
Session ID: cfaceeb228dae2bfffd3eb7a2c48880e
	at sun.reflect.GeneratedConstructorAccessor27.newInstance(Unknown Source)
	at sun.reflect.DelegatingConstructorAccessorImpl.newInstance(DelegatingConstructorAccessorImpl.java:45)
	at java.lang.reflect.Constructor.newInstance(Constructor.java:423)
	at org.openqa.selenium.remote.http.W3CHttpResponseCodec.createException(W3CHttpResponseCodec.java:187)
	at org.openqa.selenium.remote.http.W3CHttpResponseCodec.decode(W3CHttpResponseCodec.java:122)
	at org.openqa.selenium.remote.http.W3CHttpResponseCodec.decode(W3CHttpResponseCodec.java:49)
	at org.openqa.selenium.remote.HttpCommandExecutor.execute(HttpCommandExecutor.java:158)
	at org.openqa.selenium.remote.service.DriverCommandExecutor.execute(DriverCommandExecutor.java:83)
	at org.openqa.selenium.remote.RemoteWebDriver.execute(RemoteWebDriver.java:552)
	at org.openqa.selenium.remote.RemoteWebDriver.execute(RemoteWebDriver.java:609)
	at org.openqa.selenium.remote.RemoteWebDriver.getScreenshotAs(RemoteWebDriver.java:295)
	at Happy_Path_Patient_Web_and_MR.DemoPageContainer.afterScenario(DemoPageContainer.java:74)
</textarea>
      
      </div>
                  </div>
              </div>
            </div>
        </div>
  </div>
  <div class="card">
    <div class="card-header" role="tab">
      <div class="card-title">
        <div class="node" id="161"><span class="badge log fail-bg mr-2">Fail</span>Navigate to Electric Transportation and Validate Menu</div>
      </div>
    </div>
        <div class="scenario_outline ">
            <div class="card-body l1">
              <div class="card-header">
                <div class="card-title outline-child">
                  <div class="node" id="162"><span class="badge log fail-bg mr-2">Fail</span>Navigate to Electric Transportation and Validate Menu</div>
                </div>
              </div>
              <div class="card-body mt-3 ">
                  <div class="step fail-bg">
                    <span>Given As a user i should click on Menu Button</span>
      <div>
        <textarea disabled class="code-block">java.lang.AssertionError: expected [true] but found [false]
	at org.testng.Assert.fail(Assert.java:99)
	at org.testng.Assert.failNotEquals(Assert.java:1037)
	at org.testng.Assert.assertTrue(Assert.java:45)
	at org.testng.Assert.assertTrue(Assert.java:55)
	at Happy_Path_Patient_Web_and_MR.stepDefinitions.BestBuySteps.asAUserIShouldClickOnMenuButton(BestBuySteps.java:104)
	at ?.As a user i should click on Menu Button(file:///E:/ShareWebCopy_Guvi_BestBuy/src/test/resources/features/BestBuyPurchase/1_GUVI_BestBuyPurchase.feature:226)
</textarea>
      
      </div>
                  </div>
                  <div class="step skip-bg">
                    <span>When I should click on Electric Transportation Sub-menu</span>
      <div>Step skipped
      </div>
                  </div>
                  <div class="step skip-bg">
                    <span>Then I should get all the Electric Transportation Sub Menu Pages and Validate the Sub Menus "&ETSUBMENUS&"</span>
      <div>Step skipped
      </div>
                  </div>
                  <div class="step skip-bg">
                    <span>Then I should get all the Electric Transportation Menu Pages and Validate the Menus "&ETMENUS&"</span>
      <div>Step skipped
      </div>
                  </div>
                  <div class="step fail-bg">
                    <span>Happy_Path_Patient_Web_and_MR.DemoPageContainer.afterScenario(io.cucumber.java.Scenario)</span>
      <div>
        <textarea disabled class="code-block">org.openqa.selenium.NoSuchSessionException: invalid session id
Build info: version: '3.141.59', revision: 'e82be7d358', time: '2018-11-14T08:17:03'
System info: host: 'LAPTOP-G0UQGSFP', ip: '192.168.199.43', os.name: 'Windows 11', os.arch: 'amd64', os.version: '10.0', java.version: '1.8.0_351'
Driver info: org.openqa.selenium.chrome.ChromeDriver
Capabilities {acceptInsecureCerts: false, browserName: chrome, browserVersion: 135.0.7049.85, chrome: {chromedriverVersion: 135.0.7049.84 (6c019e560019..., userDataDir: C:\Users\BHAANU~1\AppData\L...}, fedcm:accounts: true, goog:chromeOptions: {debuggerAddress: localhost:56801}, javascriptEnabled: true, networkConnectionEnabled: false, pageLoadStrategy: normal, platform: WINDOWS, platformName: WINDOWS, proxy: Proxy(), setWindowRect: true, strictFileInteractability: false, timeouts: {implicit: 0, pageLoad: 300000, script: 30000}, unhandledPromptBehavior: dismiss and notify, webauthn:extension:credBlob: true, webauthn:extension:largeBlob: true, webauthn:extension:minPinLength: true, webauthn:extension:prf: true, webauthn:virtualAuthenticators: true}
Session ID: cfaceeb228dae2bfffd3eb7a2c48880e
	at sun.reflect.GeneratedConstructorAccessor27.newInstance(Unknown Source)
	at sun.reflect.DelegatingConstructorAccessorImpl.newInstance(DelegatingConstructorAccessorImpl.java:45)
	at java.lang.reflect.Constructor.newInstance(Constructor.java:423)
	at org.openqa.selenium.remote.http.W3CHttpResponseCodec.createException(W3CHttpResponseCodec.java:187)
	at org.openqa.selenium.remote.http.W3CHttpResponseCodec.decode(W3CHttpResponseCodec.java:122)
	at org.openqa.selenium.remote.http.W3CHttpResponseCodec.decode(W3CHttpResponseCodec.java:49)
	at org.openqa.selenium.remote.HttpCommandExecutor.execute(HttpCommandExecutor.java:158)
	at org.openqa.selenium.remote.service.DriverCommandExecutor.execute(DriverCommandExecutor.java:83)
	at org.openqa.selenium.remote.RemoteWebDriver.execute(RemoteWebDriver.java:552)
	at org.openqa.selenium.remote.RemoteWebDriver.execute(RemoteWebDriver.java:609)
	at org.openqa.selenium.remote.RemoteWebDriver.getScreenshotAs(RemoteWebDriver.java:295)
	at Happy_Path_Patient_Web_and_MR.DemoPageContainer.afterScenario(DemoPageContainer.java:74)
</textarea>
      
      </div>
                  </div>
              </div>
            </div>
        </div>
  </div>
  <div class="card">
    <div class="card-header" role="tab">
      <div class="card-title">
        <div class="node" id="169"><span class="badge log fail-bg mr-2">Fail</span>Navigate to New & Featured and Validate Menu</div>
      </div>
    </div>
        <div class="scenario_outline ">
            <div class="card-body l1">
              <div class="card-header">
                <div class="card-title outline-child">
                  <div class="node" id="170"><span class="badge log fail-bg mr-2">Fail</span>Navigate to New & Featured and Validate Menu</div>
                </div>
              </div>
              <div class="card-body mt-3 ">
                  <div class="step fail-bg">
                    <span>Given As a user i should click on Menu Button</span>
      <div>
        <textarea disabled class="code-block">java.lang.AssertionError: expected [true] but found [false]
	at org.testng.Assert.fail(Assert.java:99)
	at org.testng.Assert.failNotEquals(Assert.java:1037)
	at org.testng.Assert.assertTrue(Assert.java:45)
	at org.testng.Assert.assertTrue(Assert.java:55)
	at Happy_Path_Patient_Web_and_MR.stepDefinitions.BestBuySteps.asAUserIShouldClickOnMenuButton(BestBuySteps.java:104)
	at ?.As a user i should click on Menu Button(file:///E:/ShareWebCopy_Guvi_BestBuy/src/test/resources/features/BestBuyPurchase/1_GUVI_BestBuyPurchase.feature:237)
</textarea>
      
      </div>
                  </div>
                  <div class="step skip-bg">
                    <span>When I should click on New & Featured Sub-menu</span>
      <div>Step skipped
      </div>
                  </div>
                  <div class="step skip-bg">
                    <span>Then I should get all the New & Featured Sub Menu Pages and Validate the Sub Menus "&NFSUBMENUS&"</span>
      <div>Step skipped
      </div>
                  </div>
                  <div class="step skip-bg">
                    <span>Then I should get all the New & Featured Menu Pages and Validate the Menus "&NFMENUS&"</span>
      <div>Step skipped
      </div>
                  </div>
                  <div class="step fail-bg">
                    <span>Happy_Path_Patient_Web_and_MR.DemoPageContainer.afterScenario(io.cucumber.java.Scenario)</span>
      <div>
        <textarea disabled class="code-block">org.openqa.selenium.NoSuchSessionException: invalid session id
Build info: version: '3.141.59', revision: 'e82be7d358', time: '2018-11-14T08:17:03'
System info: host: 'LAPTOP-G0UQGSFP', ip: '192.168.199.43', os.name: 'Windows 11', os.arch: 'amd64', os.version: '10.0', java.version: '1.8.0_351'
Driver info: org.openqa.selenium.chrome.ChromeDriver
Capabilities {acceptInsecureCerts: false, browserName: chrome, browserVersion: 135.0.7049.85, chrome: {chromedriverVersion: 135.0.7049.84 (6c019e560019..., userDataDir: C:\Users\BHAANU~1\AppData\L...}, fedcm:accounts: true, goog:chromeOptions: {debuggerAddress: localhost:56801}, javascriptEnabled: true, networkConnectionEnabled: false, pageLoadStrategy: normal, platform: WINDOWS, platformName: WINDOWS, proxy: Proxy(), setWindowRect: true, strictFileInteractability: false, timeouts: {implicit: 0, pageLoad: 300000, script: 30000}, unhandledPromptBehavior: dismiss and notify, webauthn:extension:credBlob: true, webauthn:extension:largeBlob: true, webauthn:extension:minPinLength: true, webauthn:extension:prf: true, webauthn:virtualAuthenticators: true}
Session ID: cfaceeb228dae2bfffd3eb7a2c48880e
	at sun.reflect.GeneratedConstructorAccessor27.newInstance(Unknown Source)
	at sun.reflect.DelegatingConstructorAccessorImpl.newInstance(DelegatingConstructorAccessorImpl.java:45)
	at java.lang.reflect.Constructor.newInstance(Constructor.java:423)
	at org.openqa.selenium.remote.http.W3CHttpResponseCodec.createException(W3CHttpResponseCodec.java:187)
	at org.openqa.selenium.remote.http.W3CHttpResponseCodec.decode(W3CHttpResponseCodec.java:122)
	at org.openqa.selenium.remote.http.W3CHttpResponseCodec.decode(W3CHttpResponseCodec.java:49)
	at org.openqa.selenium.remote.HttpCommandExecutor.execute(HttpCommandExecutor.java:158)
	at org.openqa.selenium.remote.service.DriverCommandExecutor.execute(DriverCommandExecutor.java:83)
	at org.openqa.selenium.remote.RemoteWebDriver.execute(RemoteWebDriver.java:552)
	at org.openqa.selenium.remote.RemoteWebDriver.execute(RemoteWebDriver.java:609)
	at org.openqa.selenium.remote.RemoteWebDriver.getScreenshotAs(RemoteWebDriver.java:295)
	at Happy_Path_Patient_Web_and_MR.DemoPageContainer.afterScenario(DemoPageContainer.java:74)
</textarea>
      
      </div>
                  </div>
              </div>
            </div>
        </div>
  </div>
  <div class="card">
    <div class="card-header" role="tab">
      <div class="card-title">
        <div class="node" id="177"><span class="badge log fail-bg mr-2">Fail</span>Navigate to Footer Support Links</div>
      </div>
    </div>
        <div class="scenario_outline ">
            <div class="card-body l1">
              <div class="card-header">
                <div class="card-title outline-child">
                  <div class="node" id="178"><span class="badge log fail-bg mr-2">Fail</span>Navigate to Footer Support Links</div>
                </div>
              </div>
              <div class="card-body mt-3 ">
                  <div class="step fail-bg">
                    <span>Given As a user i should click on BestBuy Button</span>
      <div>
        <textarea disabled class="code-block">java.lang.AssertionError: expected [true] but found [false]
	at org.testng.Assert.fail(Assert.java:99)
	at org.testng.Assert.failNotEquals(Assert.java:1037)
	at org.testng.Assert.assertTrue(Assert.java:45)
	at org.testng.Assert.assertTrue(Assert.java:55)
	at Happy_Path_Patient_Web_and_MR.stepDefinitions.BestBuySteps.asAUserIShouldClickOnBestBuyButton(BestBuySteps.java:404)
	at ?.As a user i should click on BestBuy Button(file:///E:/ShareWebCopy_Guvi_BestBuy/src/test/resources/features/BestBuyPurchase/1_GUVI_BestBuyPurchase.feature:248)
</textarea>
      
      </div>
                  </div>
                  <div class="step skip-bg">
                    <span>When I should get all the Footer Support Pages and Navigate to each page</span>
      <div>Step skipped
      </div>
                  </div>
                  <div class="step skip-bg">
                    <span>Then I should validate Footer Support URL "&FTSUPPORTPAGEURL&"</span>
      <div>Step skipped
      </div>
                  </div>
                  <div class="step fail-bg">
                    <span>Happy_Path_Patient_Web_and_MR.DemoPageContainer.afterScenario(io.cucumber.java.Scenario)</span>
      <div>
        <textarea disabled class="code-block">org.openqa.selenium.NoSuchSessionException: invalid session id
Build info: version: '3.141.59', revision: 'e82be7d358', time: '2018-11-14T08:17:03'
System info: host: 'LAPTOP-G0UQGSFP', ip: '192.168.199.43', os.name: 'Windows 11', os.arch: 'amd64', os.version: '10.0', java.version: '1.8.0_351'
Driver info: org.openqa.selenium.chrome.ChromeDriver
Capabilities {acceptInsecureCerts: false, browserName: chrome, browserVersion: 135.0.7049.85, chrome: {chromedriverVersion: 135.0.7049.84 (6c019e560019..., userDataDir: C:\Users\BHAANU~1\AppData\L...}, fedcm:accounts: true, goog:chromeOptions: {debuggerAddress: localhost:56801}, javascriptEnabled: true, networkConnectionEnabled: false, pageLoadStrategy: normal, platform: WINDOWS, platformName: WINDOWS, proxy: Proxy(), setWindowRect: true, strictFileInteractability: false, timeouts: {implicit: 0, pageLoad: 300000, script: 30000}, unhandledPromptBehavior: dismiss and notify, webauthn:extension:credBlob: true, webauthn:extension:largeBlob: true, webauthn:extension:minPinLength: true, webauthn:extension:prf: true, webauthn:virtualAuthenticators: true}
Session ID: cfaceeb228dae2bfffd3eb7a2c48880e
	at sun.reflect.GeneratedConstructorAccessor27.newInstance(Unknown Source)
	at sun.reflect.DelegatingConstructorAccessorImpl.newInstance(DelegatingConstructorAccessorImpl.java:45)
	at java.lang.reflect.Constructor.newInstance(Constructor.java:423)
	at org.openqa.selenium.remote.http.W3CHttpResponseCodec.createException(W3CHttpResponseCodec.java:187)
	at org.openqa.selenium.remote.http.W3CHttpResponseCodec.decode(W3CHttpResponseCodec.java:122)
	at org.openqa.selenium.remote.http.W3CHttpResponseCodec.decode(W3CHttpResponseCodec.java:49)
	at org.openqa.selenium.remote.HttpCommandExecutor.execute(HttpCommandExecutor.java:158)
	at org.openqa.selenium.remote.service.DriverCommandExecutor.execute(DriverCommandExecutor.java:83)
	at org.openqa.selenium.remote.RemoteWebDriver.execute(RemoteWebDriver.java:552)
	at org.openqa.selenium.remote.RemoteWebDriver.execute(RemoteWebDriver.java:609)
	at org.openqa.selenium.remote.RemoteWebDriver.getScreenshotAs(RemoteWebDriver.java:295)
	at Happy_Path_Patient_Web_and_MR.DemoPageContainer.afterScenario(DemoPageContainer.java:74)
</textarea>
      
      </div>
                  </div>
              </div>
            </div>
        </div>
  </div>
  <div class="card">
    <div class="card-header" role="tab">
      <div class="card-title">
        <div class="node" id="184"><span class="badge log fail-bg mr-2">Fail</span>Navigate to All Footer Links</div>
      </div>
    </div>
        <div class="scenario_outline ">
            <div class="card-body l1">
              <div class="card-header">
                <div class="card-title outline-child">
                  <div class="node" id="185"><span class="badge log fail-bg mr-2">Fail</span>Navigate to All Footer Links</div>
                </div>
              </div>
              <div class="card-body mt-3 ">
                  <div class="step fail-bg">
                    <span>Given As a user i should click on BestBuy Button</span>
      <div>
        <textarea disabled class="code-block">java.lang.AssertionError: expected [true] but found [false]
	at org.testng.Assert.fail(Assert.java:99)
	at org.testng.Assert.failNotEquals(Assert.java:1037)
	at org.testng.Assert.assertTrue(Assert.java:45)
	at org.testng.Assert.assertTrue(Assert.java:55)
	at Happy_Path_Patient_Web_and_MR.stepDefinitions.BestBuySteps.asAUserIShouldClickOnBestBuyButton(BestBuySteps.java:404)
	at ?.As a user i should click on BestBuy Button(file:///E:/ShareWebCopy_Guvi_BestBuy/src/test/resources/features/BestBuyPurchase/1_GUVI_BestBuyPurchase.feature:258)
</textarea>
      
      </div>
                  </div>
                  <div class="step skip-bg">
                    <span>When I should get all the Footer Pages and Navigate to each page</span>
      <div>Step skipped
      </div>
                  </div>
                  <div class="step skip-bg">
                    <span>Then I should validate Footer Page URL "&FTAPPAGEURL&"</span>
      <div>Step skipped
      </div>
                  </div>
                  <div class="step fail-bg">
                    <span>Happy_Path_Patient_Web_and_MR.DemoPageContainer.afterScenario(io.cucumber.java.Scenario)</span>
      <div>
        <textarea disabled class="code-block">org.openqa.selenium.NoSuchSessionException: invalid session id
Build info: version: '3.141.59', revision: 'e82be7d358', time: '2018-11-14T08:17:03'
System info: host: 'LAPTOP-G0UQGSFP', ip: '192.168.199.43', os.name: 'Windows 11', os.arch: 'amd64', os.version: '10.0', java.version: '1.8.0_351'
Driver info: org.openqa.selenium.chrome.ChromeDriver
Capabilities {acceptInsecureCerts: false, browserName: chrome, browserVersion: 135.0.7049.85, chrome: {chromedriverVersion: 135.0.7049.84 (6c019e560019..., userDataDir: C:\Users\BHAANU~1\AppData\L...}, fedcm:accounts: true, goog:chromeOptions: {debuggerAddress: localhost:56801}, javascriptEnabled: true, networkConnectionEnabled: false, pageLoadStrategy: normal, platform: WINDOWS, platformName: WINDOWS, proxy: Proxy(), setWindowRect: true, strictFileInteractability: false, timeouts: {implicit: 0, pageLoad: 300000, script: 30000}, unhandledPromptBehavior: dismiss and notify, webauthn:extension:credBlob: true, webauthn:extension:largeBlob: true, webauthn:extension:minPinLength: true, webauthn:extension:prf: true, webauthn:virtualAuthenticators: true}
Session ID: cfaceeb228dae2bfffd3eb7a2c48880e
	at sun.reflect.GeneratedConstructorAccessor27.newInstance(Unknown Source)
	at sun.reflect.DelegatingConstructorAccessorImpl.newInstance(DelegatingConstructorAccessorImpl.java:45)
	at java.lang.reflect.Constructor.newInstance(Constructor.java:423)
	at org.openqa.selenium.remote.http.W3CHttpResponseCodec.createException(W3CHttpResponseCodec.java:187)
	at org.openqa.selenium.remote.http.W3CHttpResponseCodec.decode(W3CHttpResponseCodec.java:122)
	at org.openqa.selenium.remote.http.W3CHttpResponseCodec.decode(W3CHttpResponseCodec.java:49)
	at org.openqa.selenium.remote.HttpCommandExecutor.execute(HttpCommandExecutor.java:158)
	at org.openqa.selenium.remote.service.DriverCommandExecutor.execute(DriverCommandExecutor.java:83)
	at org.openqa.selenium.remote.RemoteWebDriver.execute(RemoteWebDriver.java:552)
	at org.openqa.selenium.remote.RemoteWebDriver.execute(RemoteWebDriver.java:609)
	at org.openqa.selenium.remote.RemoteWebDriver.getScreenshotAs(RemoteWebDriver.java:295)
	at Happy_Path_Patient_Web_and_MR.DemoPageContainer.afterScenario(DemoPageContainer.java:74)
</textarea>
      
      </div>
                  </div>
              </div>
            </div>
        </div>
  </div>
  <div class="card">
    <div class="card-header" role="tab">
      <div class="card-title">
        <div class="node" id="191"><span class="badge log fail-bg mr-2">Fail</span>Navigate to Footer T&C Links</div>
      </div>
    </div>
        <div class="scenario_outline ">
            <div class="card-body l1">
              <div class="card-header">
                <div class="card-title outline-child">
                  <div class="node" id="192"><span class="badge log fail-bg mr-2">Fail</span>Navigate to Footer T&C Links</div>
                </div>
              </div>
              <div class="card-body mt-3 ">
                  <div class="step fail-bg">
                    <span>Given As a user i should click on BestBuy Button</span>
      <div>
        <textarea disabled class="code-block">java.lang.AssertionError: expected [true] but found [false]
	at org.testng.Assert.fail(Assert.java:99)
	at org.testng.Assert.failNotEquals(Assert.java:1037)
	at org.testng.Assert.assertTrue(Assert.java:45)
	at org.testng.Assert.assertTrue(Assert.java:55)
	at Happy_Path_Patient_Web_and_MR.stepDefinitions.BestBuySteps.asAUserIShouldClickOnBestBuyButton(BestBuySteps.java:404)
	at ?.As a user i should click on BestBuy Button(file:///E:/ShareWebCopy_Guvi_BestBuy/src/test/resources/features/BestBuyPurchase/1_GUVI_BestBuyPurchase.feature:268)
</textarea>
      
      </div>
                  </div>
                  <div class="step skip-bg">
                    <span>When I should get all the Footer T&C Pages and Navigate to each page</span>
      <div>Step skipped
      </div>
                  </div>
                  <div class="step skip-bg">
                    <span>Then I should validate Footer T&C Page URL "&FTTCPAGEURL&"</span>
      <div>Step skipped
      </div>
                  </div>
                  <div class="step fail-bg">
                    <span>Happy_Path_Patient_Web_and_MR.DemoPageContainer.afterScenario(io.cucumber.java.Scenario)</span>
      <div>
        <textarea disabled class="code-block">org.openqa.selenium.NoSuchSessionException: invalid session id
Build info: version: '3.141.59', revision: 'e82be7d358', time: '2018-11-14T08:17:03'
System info: host: 'LAPTOP-G0UQGSFP', ip: '192.168.199.43', os.name: 'Windows 11', os.arch: 'amd64', os.version: '10.0', java.version: '1.8.0_351'
Driver info: org.openqa.selenium.chrome.ChromeDriver
Capabilities {acceptInsecureCerts: false, browserName: chrome, browserVersion: 135.0.7049.85, chrome: {chromedriverVersion: 135.0.7049.84 (6c019e560019..., userDataDir: C:\Users\BHAANU~1\AppData\L...}, fedcm:accounts: true, goog:chromeOptions: {debuggerAddress: localhost:56801}, javascriptEnabled: true, networkConnectionEnabled: false, pageLoadStrategy: normal, platform: WINDOWS, platformName: WINDOWS, proxy: Proxy(), setWindowRect: true, strictFileInteractability: false, timeouts: {implicit: 0, pageLoad: 300000, script: 30000}, unhandledPromptBehavior: dismiss and notify, webauthn:extension:credBlob: true, webauthn:extension:largeBlob: true, webauthn:extension:minPinLength: true, webauthn:extension:prf: true, webauthn:virtualAuthenticators: true}
Session ID: cfaceeb228dae2bfffd3eb7a2c48880e
	at sun.reflect.GeneratedConstructorAccessor27.newInstance(Unknown Source)
	at sun.reflect.DelegatingConstructorAccessorImpl.newInstance(DelegatingConstructorAccessorImpl.java:45)
	at java.lang.reflect.Constructor.newInstance(Constructor.java:423)
	at org.openqa.selenium.remote.http.W3CHttpResponseCodec.createException(W3CHttpResponseCodec.java:187)
	at org.openqa.selenium.remote.http.W3CHttpResponseCodec.decode(W3CHttpResponseCodec.java:122)
	at org.openqa.selenium.remote.http.W3CHttpResponseCodec.decode(W3CHttpResponseCodec.java:49)
	at org.openqa.selenium.remote.HttpCommandExecutor.execute(HttpCommandExecutor.java:158)
	at org.openqa.selenium.remote.service.DriverCommandExecutor.execute(DriverCommandExecutor.java:83)
	at org.openqa.selenium.remote.RemoteWebDriver.execute(RemoteWebDriver.java:552)
	at org.openqa.selenium.remote.RemoteWebDriver.execute(RemoteWebDriver.java:609)
	at org.openqa.selenium.remote.RemoteWebDriver.getScreenshotAs(RemoteWebDriver.java:295)
	at Happy_Path_Patient_Web_and_MR.DemoPageContainer.afterScenario(DemoPageContainer.java:74)
</textarea>
      
      </div>
                  </div>
              </div>
            </div>
        </div>
  </div>
  <div class="card">
    <div class="card-header" role="tab">
      <div class="card-title">
        <div class="node" id="198"><span class="badge log fail-bg mr-2">Fail</span>Search a Product from search bar and add it to Cart</div>
      </div>
    </div>
        <div class="scenario_outline ">
            <div class="card-body l1">
              <div class="card-header">
                <div class="card-title outline-child">
                  <div class="node" id="199"><span class="badge log fail-bg mr-2">Fail</span>Search a Product from search bar and add it to Cart</div>
                </div>
              </div>
              <div class="card-body mt-3 ">
                  <div class="step fail-bg">
                    <span>Given As a user i should click on BestBuy Button</span>
      <div>
        <textarea disabled class="code-block">java.lang.AssertionError: expected [true] but found [false]
	at org.testng.Assert.fail(Assert.java:99)
	at org.testng.Assert.failNotEquals(Assert.java:1037)
	at org.testng.Assert.assertTrue(Assert.java:45)
	at org.testng.Assert.assertTrue(Assert.java:55)
	at Happy_Path_Patient_Web_and_MR.stepDefinitions.BestBuySteps.asAUserIShouldClickOnBestBuyButton(BestBuySteps.java:404)
	at ?.As a user i should click on BestBuy Button(file:///E:/ShareWebCopy_Guvi_BestBuy/src/test/resources/features/BestBuyPurchase/1_GUVI_BestBuyPurchase.feature:279)
</textarea>
      
      </div>
                  </div>
                  <div class="step skip-bg">
                    <span>When I should enter the disney toy "&DISNEYTOY&" in Search Box and Click Search</span>
      <div>Step skipped
      </div>
                  </div>
                  <div class="step skip-bg">
                    <span>And I should click and navigate to disney toy product page and view them "&PRNAMEMODELSKU&"</span>
      <div>Step skipped
      </div>
                  </div>
                  <div class="step skip-bg">
                    <span>Then I should check the product  "&DISNEYTOY&" added to the cart</span>
      <div>Step skipped
      </div>
                  </div>
                  <div class="step skip-bg">
                    <span>And I should click on the Checkout button</span>
      <div>Step skipped
      </div>
                  </div>
                  <div class="step skip-bg">
                    <span>And I should click on the Continue as Guest button</span>
      <div>Step skipped
      </div>
                  </div>
                  <div class="step skip-bg">
                    <span>And I should enter email address "&GUESTEMAIL&" and "&GUESTPHONENUMBER&" phonenumber</span>
      <div>Step skipped
      </div>
                  </div>
                  <div class="step skip-bg">
                    <span>And I should enter payment information "&CARDNUMBER&" and delivery address "&DELIVERYADDRESS&" details</span>
      <div>Step skipped
      </div>
                  </div>
                  <div class="step skip-bg">
                    <span>Then I should check order "&ORDERSUCCESSMESSAGE&" is placed successfully</span>
      <div>Step skipped
      </div>
                  </div>
                  <div class="step fail-bg">
                    <span>Happy_Path_Patient_Web_and_MR.DemoPageContainer.afterScenario(io.cucumber.java.Scenario)</span>
      <div>
        <textarea disabled class="code-block">org.openqa.selenium.NoSuchSessionException: invalid session id
Build info: version: '3.141.59', revision: 'e82be7d358', time: '2018-11-14T08:17:03'
System info: host: 'LAPTOP-G0UQGSFP', ip: '192.168.199.43', os.name: 'Windows 11', os.arch: 'amd64', os.version: '10.0', java.version: '1.8.0_351'
Driver info: org.openqa.selenium.chrome.ChromeDriver
Capabilities {acceptInsecureCerts: false, browserName: chrome, browserVersion: 135.0.7049.85, chrome: {chromedriverVersion: 135.0.7049.84 (6c019e560019..., userDataDir: C:\Users\BHAANU~1\AppData\L...}, fedcm:accounts: true, goog:chromeOptions: {debuggerAddress: localhost:56801}, javascriptEnabled: true, networkConnectionEnabled: false, pageLoadStrategy: normal, platform: WINDOWS, platformName: WINDOWS, proxy: Proxy(), setWindowRect: true, strictFileInteractability: false, timeouts: {implicit: 0, pageLoad: 300000, script: 30000}, unhandledPromptBehavior: dismiss and notify, webauthn:extension:credBlob: true, webauthn:extension:largeBlob: true, webauthn:extension:minPinLength: true, webauthn:extension:prf: true, webauthn:virtualAuthenticators: true}
Session ID: cfaceeb228dae2bfffd3eb7a2c48880e
	at sun.reflect.GeneratedConstructorAccessor27.newInstance(Unknown Source)
	at sun.reflect.DelegatingConstructorAccessorImpl.newInstance(DelegatingConstructorAccessorImpl.java:45)
	at java.lang.reflect.Constructor.newInstance(Constructor.java:423)
	at org.openqa.selenium.remote.http.W3CHttpResponseCodec.createException(W3CHttpResponseCodec.java:187)
	at org.openqa.selenium.remote.http.W3CHttpResponseCodec.decode(W3CHttpResponseCodec.java:122)
	at org.openqa.selenium.remote.http.W3CHttpResponseCodec.decode(W3CHttpResponseCodec.java:49)
	at org.openqa.selenium.remote.HttpCommandExecutor.execute(HttpCommandExecutor.java:158)
	at org.openqa.selenium.remote.service.DriverCommandExecutor.execute(DriverCommandExecutor.java:83)
	at org.openqa.selenium.remote.RemoteWebDriver.execute(RemoteWebDriver.java:552)
	at org.openqa.selenium.remote.RemoteWebDriver.execute(RemoteWebDriver.java:609)
	at org.openqa.selenium.remote.RemoteWebDriver.getScreenshotAs(RemoteWebDriver.java:295)
	at Happy_Path_Patient_Web_and_MR.DemoPageContainer.afterScenario(DemoPageContainer.java:74)
</textarea>
      
      </div>
                  </div>
              </div>
            </div>
        </div>
  </div>
  <div class="card">
    <div class="card-header" role="tab">
      <div class="card-title">
        <div class="node" id="211"><span class="badge log fail-bg mr-2">Fail</span>Navigate to Shop by Department and add a Product to Cart from Toys, Games & Collectibles and Brand Barbie</div>
      </div>
    </div>
        <div class="scenario_outline ">
            <div class="card-body l1">
              <div class="card-header">
                <div class="card-title outline-child">
                  <div class="node" id="212"><span class="badge log fail-bg mr-2">Fail</span>Navigate to Shop by Department and add a Product to Cart from Toys, Games & Collectibles and Brand Barbie</div>
                </div>
              </div>
              <div class="card-body mt-3 ">
                  <div class="step fail-bg">
                    <span>Given As a user i should click on BestBuy Button</span>
      <div>
        <textarea disabled class="code-block">java.lang.AssertionError: expected [true] but found [false]
	at org.testng.Assert.fail(Assert.java:99)
	at org.testng.Assert.failNotEquals(Assert.java:1037)
	at org.testng.Assert.assertTrue(Assert.java:45)
	at org.testng.Assert.assertTrue(Assert.java:55)
	at Happy_Path_Patient_Web_and_MR.stepDefinitions.BestBuySteps.asAUserIShouldClickOnBestBuyButton(BestBuySteps.java:404)
	at ?.As a user i should click on BestBuy Button(file:///E:/ShareWebCopy_Guvi_BestBuy/src/test/resources/features/BestBuyPurchase/1_GUVI_BestBuyPurchase.feature:295)
</textarea>
      
      </div>
                  </div>
                  <div class="step skip-bg">
                    <span>When I click on Deals menu and click on Toys,Games and collectibles</span>
      <div>Step skipped
      </div>
                  </div>
                  <div class="step skip-bg">
                    <span>Then I click on Shop by Brand and Click on Barbie</span>
      <div>Step skipped
      </div>
                  </div>
                  <div class="step skip-bg">
                    <span>And I should click and navigate to barbie toy product page and view them "&BARBIENAMEMODELSKU&"</span>
      <div>Step skipped
      </div>
                  </div>
                  <div class="step skip-bg">
                    <span>Then I should check the barbie product "&BARBIETOY&" added to the cart</span>
      <div>Step skipped
      </div>
                  </div>
                  <div class="step skip-bg">
                    <span>And I should click on the Checkout button</span>
      <div>Step skipped
      </div>
                  </div>
                  <div class="step skip-bg">
                    <span>And I should click on the Continue as Guest button</span>
      <div>Step skipped
      </div>
                  </div>
                  <div class="step skip-bg">
                    <span>And I should enter email address "&GUESTEMAIL&" and "&GUESTPHONENUMBER&" phonenumber</span>
      <div>Step skipped
      </div>
                  </div>
                  <div class="step skip-bg">
                    <span>And I should enter payment information "&CARDNUMBER&" and delivery address "&DELIVERYADDRESS&" details</span>
      <div>Step skipped
      </div>
                  </div>
                  <div class="step skip-bg">
                    <span>Then I should check order "&ORDERSUCCESSMESSAGE&" is placed successfully</span>
      <div>Step skipped
      </div>
                  </div>
                  <div class="step fail-bg">
                    <span>Happy_Path_Patient_Web_and_MR.DemoPageContainer.afterScenario(io.cucumber.java.Scenario)</span>
      <div>
        <textarea disabled class="code-block">org.openqa.selenium.NoSuchSessionException: invalid session id
Build info: version: '3.141.59', revision: 'e82be7d358', time: '2018-11-14T08:17:03'
System info: host: 'LAPTOP-G0UQGSFP', ip: '192.168.199.43', os.name: 'Windows 11', os.arch: 'amd64', os.version: '10.0', java.version: '1.8.0_351'
Driver info: org.openqa.selenium.chrome.ChromeDriver
Capabilities {acceptInsecureCerts: false, browserName: chrome, browserVersion: 135.0.7049.85, chrome: {chromedriverVersion: 135.0.7049.84 (6c019e560019..., userDataDir: C:\Users\BHAANU~1\AppData\L...}, fedcm:accounts: true, goog:chromeOptions: {debuggerAddress: localhost:56801}, javascriptEnabled: true, networkConnectionEnabled: false, pageLoadStrategy: normal, platform: WINDOWS, platformName: WINDOWS, proxy: Proxy(), setWindowRect: true, strictFileInteractability: false, timeouts: {implicit: 0, pageLoad: 300000, script: 30000}, unhandledPromptBehavior: dismiss and notify, webauthn:extension:credBlob: true, webauthn:extension:largeBlob: true, webauthn:extension:minPinLength: true, webauthn:extension:prf: true, webauthn:virtualAuthenticators: true}
Session ID: cfaceeb228dae2bfffd3eb7a2c48880e
	at sun.reflect.GeneratedConstructorAccessor27.newInstance(Unknown Source)
	at sun.reflect.DelegatingConstructorAccessorImpl.newInstance(DelegatingConstructorAccessorImpl.java:45)
	at java.lang.reflect.Constructor.newInstance(Constructor.java:423)
	at org.openqa.selenium.remote.http.W3CHttpResponseCodec.createException(W3CHttpResponseCodec.java:187)
	at org.openqa.selenium.remote.http.W3CHttpResponseCodec.decode(W3CHttpResponseCodec.java:122)
	at org.openqa.selenium.remote.http.W3CHttpResponseCodec.decode(W3CHttpResponseCodec.java:49)
	at org.openqa.selenium.remote.HttpCommandExecutor.execute(HttpCommandExecutor.java:158)
	at org.openqa.selenium.remote.service.DriverCommandExecutor.execute(DriverCommandExecutor.java:83)
	at org.openqa.selenium.remote.RemoteWebDriver.execute(RemoteWebDriver.java:552)
	at org.openqa.selenium.remote.RemoteWebDriver.execute(RemoteWebDriver.java:609)
	at org.openqa.selenium.remote.RemoteWebDriver.getScreenshotAs(RemoteWebDriver.java:295)
	at Happy_Path_Patient_Web_and_MR.DemoPageContainer.afterScenario(DemoPageContainer.java:74)
</textarea>
      
      </div>
                  </div>
              </div>
            </div>
        </div>
  </div>
  <div class="card">
    <div class="card-header" role="tab">
      <div class="card-title">
        <div class="node" id="225"><span class="badge log fail-bg mr-2">Fail</span>Navigate to Select By Brand and add a Product to Cart from Toys, Games & Collectibles and Brand Barbie</div>
      </div>
    </div>
        <div class="scenario_outline ">
            <div class="card-body l1">
              <div class="card-header">
                <div class="card-title outline-child">
                  <div class="node" id="226"><span class="badge log fail-bg mr-2">Fail</span>Navigate to Select By Brand and add a Product to Cart from Toys, Games & Collectibles and Brand Barbie</div>
                </div>
              </div>
              <div class="card-body mt-3 ">
                  <div class="step fail-bg">
                    <span>Given As a user i should click on BestBuy Button</span>
      <div>
        <textarea disabled class="code-block">java.lang.AssertionError: expected [true] but found [false]
	at org.testng.Assert.fail(Assert.java:99)
	at org.testng.Assert.failNotEquals(Assert.java:1037)
	at org.testng.Assert.assertTrue(Assert.java:45)
	at org.testng.Assert.assertTrue(Assert.java:55)
	at Happy_Path_Patient_Web_and_MR.stepDefinitions.BestBuySteps.asAUserIShouldClickOnBestBuyButton(BestBuySteps.java:404)
	at ?.As a user i should click on BestBuy Button(file:///E:/ShareWebCopy_Guvi_BestBuy/src/test/resources/features/BestBuyPurchase/1_GUVI_BestBuyPurchase.feature:312)
</textarea>
      
      </div>
                  </div>
                  <div class="step skip-bg">
                    <span>When I click on Deals menu and click on Brands</span>
      <div>Step skipped
      </div>
                  </div>
                  <div class="step skip-bg">
                    <span>Then I click on Lenovo and Click on Laptops</span>
      <div>Step skipped
      </div>
                  </div>
                  <div class="step skip-bg">
                    <span>And I should click and navigate to laptop product page and view them "&LAPTOPNAMEMODELSKU&"</span>
      <div>Step skipped
      </div>
                  </div>
                  <div class="step skip-bg">
                    <span>Then I should check the laptop product "&LAPTOPDEVICE&" added to the cart</span>
      <div>Step skipped
      </div>
                  </div>
                  <div class="step skip-bg">
                    <span>And I should click on the Checkout button</span>
      <div>Step skipped
      </div>
                  </div>
                  <div class="step skip-bg">
                    <span>And I should click on the Continue as Guest button</span>
      <div>Step skipped
      </div>
                  </div>
                  <div class="step skip-bg">
                    <span>And I should enter email address "&GUESTEMAIL&" and "&GUESTPHONENUMBER&" phonenumber</span>
      <div>Step skipped
      </div>
                  </div>
                  <div class="step skip-bg">
                    <span>And I should enter payment information "&CARDNUMBER&" and delivery address "&DELIVERYADDRESS&" details</span>
      <div>Step skipped
      </div>
                  </div>
                  <div class="step skip-bg">
                    <span>Then I should check order "&ORDERSUCCESSMESSAGE&" is placed successfully</span>
      <div>Step skipped
      </div>
                  </div>
                  <div class="step fail-bg">
                    <span>Happy_Path_Patient_Web_and_MR.DemoPageContainer.afterScenario(io.cucumber.java.Scenario)</span>
      <div>
        <textarea disabled class="code-block">org.openqa.selenium.NoSuchSessionException: invalid session id
Build info: version: '3.141.59', revision: 'e82be7d358', time: '2018-11-14T08:17:03'
System info: host: 'LAPTOP-G0UQGSFP', ip: '192.168.199.43', os.name: 'Windows 11', os.arch: 'amd64', os.version: '10.0', java.version: '1.8.0_351'
Driver info: org.openqa.selenium.chrome.ChromeDriver
Capabilities {acceptInsecureCerts: false, browserName: chrome, browserVersion: 135.0.7049.85, chrome: {chromedriverVersion: 135.0.7049.84 (6c019e560019..., userDataDir: C:\Users\BHAANU~1\AppData\L...}, fedcm:accounts: true, goog:chromeOptions: {debuggerAddress: localhost:56801}, javascriptEnabled: true, networkConnectionEnabled: false, pageLoadStrategy: normal, platform: WINDOWS, platformName: WINDOWS, proxy: Proxy(), setWindowRect: true, strictFileInteractability: false, timeouts: {implicit: 0, pageLoad: 300000, script: 30000}, unhandledPromptBehavior: dismiss and notify, webauthn:extension:credBlob: true, webauthn:extension:largeBlob: true, webauthn:extension:minPinLength: true, webauthn:extension:prf: true, webauthn:virtualAuthenticators: true}
Session ID: cfaceeb228dae2bfffd3eb7a2c48880e
	at sun.reflect.GeneratedConstructorAccessor27.newInstance(Unknown Source)
	at sun.reflect.DelegatingConstructorAccessorImpl.newInstance(DelegatingConstructorAccessorImpl.java:45)
	at java.lang.reflect.Constructor.newInstance(Constructor.java:423)
	at org.openqa.selenium.remote.http.W3CHttpResponseCodec.createException(W3CHttpResponseCodec.java:187)
	at org.openqa.selenium.remote.http.W3CHttpResponseCodec.decode(W3CHttpResponseCodec.java:122)
	at org.openqa.selenium.remote.http.W3CHttpResponseCodec.decode(W3CHttpResponseCodec.java:49)
	at org.openqa.selenium.remote.HttpCommandExecutor.execute(HttpCommandExecutor.java:158)
	at org.openqa.selenium.remote.service.DriverCommandExecutor.execute(DriverCommandExecutor.java:83)
	at org.openqa.selenium.remote.RemoteWebDriver.execute(RemoteWebDriver.java:552)
	at org.openqa.selenium.remote.RemoteWebDriver.execute(RemoteWebDriver.java:609)
	at org.openqa.selenium.remote.RemoteWebDriver.getScreenshotAs(RemoteWebDriver.java:295)
	at Happy_Path_Patient_Web_and_MR.DemoPageContainer.afterScenario(DemoPageContainer.java:74)
</textarea>
      
      </div>
                  </div>
              </div>
            </div>
        </div>
  </div>
</div>
          </div>
        </li>
      </ul>
    </div>
  </div>
<div class="test-content scrollable">
<div class="test-content-tools">
<ul><li><a class="back-to-test" href="#"><i class="fa fa-arrow-left"></i></a></li></ul>
</div>
<div class="test-content-detail"><div class="detail-body"></div></div>
</div></div>
<div class="test-wrapper row view category-view attributes-view">
<div class="test-list">
<div class="test-list-tools">
<ul class="tools pull-left"><li><a href=""><span class="font-size-14">Category</span></a></li></ul>
<ul class="tools text-right"><li><a href="#"><span class="badge badge-primary">34</span></a></li></ul>
</div>
<div class="test-list-wrapper scrollable">
<ul class="test-list-item">
<li class="test-item">
<div class="test-detail">
<span class="meta">
<span class='badge log badge-danger'>1</span>
</span>
<p class="name">@TC_ID_1014</p>
<p class="duration text-sm">1 tests</p>
</div>
<div class="test-contents d-none">
<div class="info">
<h4>@TC_ID_1014</h4>
<span status="fail" class='badge log badge-danger'>1 failed</span>
</div>
<table class='table table-sm mt-4'>
<thead>
<tr>
<th class="status-col">Status</th>
<th class="timestamp-col">Timestamp</th>
<th>TestName</th>
</tr>
</thead>
<tbody>
<tr class="tag-test-status" status="fail">
<td><span class="badge log fail-bg">Fail</span></td>
<td>12:59:25 PM</td>
<td>
<a href="#" class="linked" test-id='1' id='74'>Navigate to Cell Phones Menu and Validate Menu</a>
<div class="">
<span class="badge badge-default">BestBuy Purchase.Navigate to Cell Phones Menu and Validate Menu</span>
</div>
</td>
</tr>
</tbody>
</table>
</div>
</li>
<li class="test-item">
<div class="test-detail">
<span class="meta">
<span class='badge log badge-danger'>1</span>
</span>
<p class="name">@TC_ID_1030</p>
<p class="duration text-sm">1 tests</p>
</div>
<div class="test-contents d-none">
<div class="info">
<h4>@TC_ID_1030</h4>
<span status="fail" class='badge log badge-danger'>1 failed</span>
</div>
<table class='table table-sm mt-4'>
<thead>
<tr>
<th class="status-col">Status</th>
<th class="timestamp-col">Timestamp</th>
<th>TestName</th>
</tr>
</thead>
<tbody>
<tr class="tag-test-status" status="fail">
<td><span class="badge log fail-bg">Fail</span></td>
<td>12:59:26 PM</td>
<td>
<a href="#" class="linked" test-id='1' id='199'>Search a Product from search bar and add it to Cart</a>
<div class="">
<span class="badge badge-default">BestBuy Purchase.Search a Product from search bar and add it to Cart</span>
</div>
</td>
</tr>
</tbody>
</table>
</div>
</li>
<li class="test-item">
<div class="test-detail">
<span class="meta">
<span class='badge log badge-danger'>1</span>
</span>
<p class="name">@TC_ID_1017</p>
<p class="duration text-sm">1 tests</p>
</div>
<div class="test-contents d-none">
<div class="info">
<h4>@TC_ID_1017</h4>
<span status="fail" class='badge log badge-danger'>1 failed</span>
</div>
<table class='table table-sm mt-4'>
<thead>
<tr>
<th class="status-col">Status</th>
<th class="timestamp-col">Timestamp</th>
<th>TestName</th>
</tr>
</thead>
<tbody>
<tr class="tag-test-status" status="fail">
<td><span class="badge log fail-bg">Fail</span></td>
<td>12:59:25 PM</td>
<td>
<a href="#" class="linked" test-id='1' id='98'>Navigate to Cameras,Cam recorders and Drones and Validate Menu</a>
<div class="">
<span class="badge badge-default">BestBuy Purchase.Navigate to Cameras,Cam recorders and Drones and Validate Menu</span>
</div>
</td>
</tr>
</tbody>
</table>
</div>
</li>
<li class="test-item">
<div class="test-detail">
<span class="meta">
<span class='badge log badge-danger'>1</span>
</span>
<p class="name">@TC_ID_1010</p>
<p class="duration text-sm">1 tests</p>
</div>
<div class="test-contents d-none">
<div class="info">
<h4>@TC_ID_1010</h4>
<span status="fail" class='badge log badge-danger'>1 failed</span>
</div>
<table class='table table-sm mt-4'>
<thead>
<tr>
<th class="status-col">Status</th>
<th class="timestamp-col">Timestamp</th>
<th>TestName</th>
</tr>
</thead>
<tbody>
<tr class="tag-test-status" status="fail">
<td><span class="badge log fail-bg">Fail</span></td>
<td>12:59:24 PM</td>
<td>
<a href="#" class="linked" test-id='1' id='42'>Navigate to Deals Menu , Brands Sub-Menu and its Pages and Validate URL</a>
<div class="">
<span class="badge badge-default">BestBuy Purchase.Navigate to Deals Menu , Brands Sub-Menu and its Pages and Validate URL</span>
</div>
</td>
</tr>
</tbody>
</table>
</div>
</li>
<li class="test-item">
<div class="test-detail">
<span class="meta">
<span class='badge log badge-danger'>1</span>
</span>
<p class="name">@TC_ID_1019</p>
<p class="duration text-sm">1 tests</p>
</div>
<div class="test-contents d-none">
<div class="info">
<h4>@TC_ID_1019</h4>
<span status="fail" class='badge log badge-danger'>1 failed</span>
</div>
<table class='table table-sm mt-4'>
<thead>
<tr>
<th class="status-col">Status</th>
<th class="timestamp-col">Timestamp</th>
<th>TestName</th>
</tr>
</thead>
<tbody>
<tr class="tag-test-status" status="fail">
<td><span class="badge log fail-bg">Fail</span></td>
<td>12:59:25 PM</td>
<td>
<a href="#" class="linked" test-id='1' id='114'>Navigate to Smart Home, Security & Wi-Fi and Validate Menu</a>
<div class="">
<span class="badge badge-default">BestBuy Purchase.Navigate to Smart Home, Security & Wi-Fi and Validate Menu</span>
</div>
</td>
</tr>
</tbody>
</table>
</div>
</li>
<li class="test-item">
<div class="test-detail">
<span class="meta">
<span class='badge log badge-danger'>1</span>
</span>
<p class="name">@TC_ID_1012</p>
<p class="duration text-sm">1 tests</p>
</div>
<div class="test-contents d-none">
<div class="info">
<h4>@TC_ID_1012</h4>
<span status="fail" class='badge log badge-danger'>1 failed</span>
</div>
<table class='table table-sm mt-4'>
<thead>
<tr>
<th class="status-col">Status</th>
<th class="timestamp-col">Timestamp</th>
<th>TestName</th>
</tr>
</thead>
<tbody>
<tr class="tag-test-status" status="fail">
<td><span class="badge log fail-bg">Fail</span></td>
<td>12:59:25 PM</td>
<td>
<a href="#" class="linked" test-id='1' id='58'>Navigate to TV & Home Theatre Menu and Validate Menu</a>
<div class="">
<span class="badge badge-default">BestBuy Purchase.Navigate to TV & Home Theatre Menu and Validate Menu</span>
</div>
</td>
</tr>
</tbody>
</table>
</div>
</li>
<li class="test-item">
<div class="test-detail">
<span class="meta">
<span class='badge log badge-danger'>1</span>
</span>
<p class="name">@TC_ID_1022</p>
<p class="duration text-sm">1 tests</p>
</div>
<div class="test-contents d-none">
<div class="info">
<h4>@TC_ID_1022</h4>
<span status="fail" class='badge log badge-danger'>1 failed</span>
</div>
<table class='table table-sm mt-4'>
<thead>
<tr>
<th class="status-col">Status</th>
<th class="timestamp-col">Timestamp</th>
<th>TestName</th>
</tr>
</thead>
<tbody>
<tr class="tag-test-status" status="fail">
<td><span class="badge log fail-bg">Fail</span></td>
<td>12:59:25 PM</td>
<td>
<a href="#" class="linked" test-id='1' id='138'>Navigate to Health, Wellness & Fitness and Validate Menu</a>
<div class="">
<span class="badge badge-default">BestBuy Purchase.Navigate to Health, Wellness & Fitness and Validate Menu</span>
</div>
</td>
</tr>
</tbody>
</table>
</div>
</li>
<li class="test-item">
<div class="test-detail">
<span class="meta">
<span class='badge log badge-danger'>1</span>
</span>
<p class="name">@TC_ID_1009</p>
<p class="duration text-sm">1 tests</p>
</div>
<div class="test-contents d-none">
<div class="info">
<h4>@TC_ID_1009</h4>
<span status="fail" class='badge log badge-danger'>1 failed</span>
</div>
<table class='table table-sm mt-4'>
<thead>
<tr>
<th class="status-col">Status</th>
<th class="timestamp-col">Timestamp</th>
<th>TestName</th>
</tr>
</thead>
<tbody>
<tr class="tag-test-status" status="fail">
<td><span class="badge log fail-bg">Fail</span></td>
<td>12:59:24 PM</td>
<td>
<a href="#" class="linked" test-id='1' id='34'>Navigate to Deals Menu , Deals by Category Sub-Menu and its Pages and Validate URL</a>
<div class="">
<span class="badge badge-default">BestBuy Purchase.Navigate to Deals Menu , Deals by Category Sub-Menu and its Pages and Validate URL</span>
</div>
</td>
</tr>
</tbody>
</table>
</div>
</li>
<li class="test-item">
<div class="test-detail">
<span class="meta">
<span class='badge log badge-danger'>1</span>
</span>
<p class="name">@TC_ID_1023</p>
<p class="duration text-sm">1 tests</p>
</div>
<div class="test-contents d-none">
<div class="info">
<h4>@TC_ID_1023</h4>
<span status="fail" class='badge log badge-danger'>1 failed</span>
</div>
<table class='table table-sm mt-4'>
<thead>
<tr>
<th class="status-col">Status</th>
<th class="timestamp-col">Timestamp</th>
<th>TestName</th>
</tr>
</thead>
<tbody>
<tr class="tag-test-status" status="fail">
<td><span class="badge log fail-bg">Fail</span></td>
<td>12:59:25 PM</td>
<td>
<a href="#" class="linked" test-id='1' id='146'>Navigate to Outdoor Living and Validate Menu</a>
<div class="">
<span class="badge badge-default">BestBuy Purchase.Navigate to Outdoor Living and Validate Menu</span>
</div>
</td>
</tr>
</tbody>
</table>
</div>
</li>
<li class="test-item">
<div class="test-detail">
<span class="meta">
<span class='badge log badge-danger'>1</span>
</span>
<p class="name">@TC_ID_1007</p>
<p class="duration text-sm">1 tests</p>
</div>
<div class="test-contents d-none">
<div class="info">
<h4>@TC_ID_1007</h4>
<span status="fail" class='badge log badge-danger'>1 failed</span>
</div>
<table class='table table-sm mt-4'>
<thead>
<tr>
<th class="status-col">Status</th>
<th class="timestamp-col">Timestamp</th>
<th>TestName</th>
</tr>
</thead>
<tbody>
<tr class="tag-test-status" status="fail">
<td><span class="badge log fail-bg">Fail</span></td>
<td>12:59:24 PM</td>
<td>
<a href="#" class="linked" test-id='1' id='18'>Login with Existing User</a>
<div class="">
<span class="badge badge-default">BestBuy Purchase.Login with Existing User</span>
</div>
</td>
</tr>
</tbody>
</table>
</div>
</li>
<li class="test-item">
<div class="test-detail">
<span class="meta">
<span class='badge log badge-danger'>1</span>
</span>
<p class="name">@TC_ID_1004</p>
<p class="duration text-sm">1 tests</p>
</div>
<div class="test-contents d-none">
<div class="info">
<h4>@TC_ID_1004</h4>
<span status="fail" class='badge log badge-danger'>1 failed</span>
</div>
<table class='table table-sm mt-4'>
<thead>
<tr>
<th class="status-col">Status</th>
<th class="timestamp-col">Timestamp</th>
<th>TestName</th>
</tr>
</thead>
<tbody>
<tr class="tag-test-status" status="fail">
<td><span class="badge log fail-bg">Fail</span></td>
<td>12:59:23 PM</td>
<td>
<a href="#" class="linked" test-id='1' id='8'>Create Account with No Test Data and Invalid Data</a>
<div class="">
<span class="badge badge-default">BestBuy Purchase.Create Account with No Test Data and Invalid Data</span>
</div>
</td>
</tr>
</tbody>
</table>
</div>
</li>
<li class="test-item">
<div class="test-detail">
<span class="meta">
<span class='badge log badge-danger'>1</span>
</span>
<p class="name">@TC_ID_1006</p>
<p class="duration text-sm">1 tests</p>
</div>
<div class="test-contents d-none">
<div class="info">
<h4>@TC_ID_1006</h4>
<span status="fail" class='badge log badge-danger'>1 failed</span>
</div>
<table class='table table-sm mt-4'>
<thead>
<tr>
<th class="status-col">Status</th>
<th class="timestamp-col">Timestamp</th>
<th>TestName</th>
</tr>
</thead>
<tbody>
<tr class="tag-test-status" status="fail">
<td><span class="badge log fail-bg">Fail</span></td>
<td>12:59:23 PM</td>
<td>
<a href="#" class="linked" test-id='1' id='8'>Create Account with No Test Data and Invalid Data</a>
<div class="">
<span class="badge badge-default">BestBuy Purchase.Create Account with No Test Data and Invalid Data</span>
</div>
</td>
</tr>
</tbody>
</table>
</div>
</li>
<li class="test-item">
<div class="test-detail">
<span class="meta">
<span class='badge log badge-danger'>1</span>
</span>
<p class="name">@TC_ID_1025</p>
<p class="duration text-sm">1 tests</p>
</div>
<div class="test-contents d-none">
<div class="info">
<h4>@TC_ID_1025</h4>
<span status="fail" class='badge log badge-danger'>1 failed</span>
</div>
<table class='table table-sm mt-4'>
<thead>
<tr>
<th class="status-col">Status</th>
<th class="timestamp-col">Timestamp</th>
<th>TestName</th>
</tr>
</thead>
<tbody>
<tr class="tag-test-status" status="fail">
<td><span class="badge log fail-bg">Fail</span></td>
<td>12:59:26 PM</td>
<td>
<a href="#" class="linked" test-id='1' id='162'>Navigate to Electric Transportation and Validate Menu</a>
<div class="">
<span class="badge badge-default">BestBuy Purchase.Navigate to Electric Transportation and Validate Menu</span>
</div>
</td>
</tr>
</tbody>
</table>
</div>
</li>
<li class="test-item">
<div class="test-detail">
<span class="meta">
<span class='badge log pass-bg'>1</span>
<span class='badge log badge-danger'>27</span>
</span>
<p class="name">@WEB</p>
<p class="duration text-sm">28 tests</p>
</div>
<div class="test-contents d-none">
<div class="info">
<h4>@WEB</h4>
<span status="pass" class='badge log pass-bg'>1 passed</span>
<span status="fail" class='badge log badge-danger'>27 failed</span>
</div>
<table class='table table-sm mt-4'>
<thead>
<tr>
<th class="status-col">Status</th>
<th class="timestamp-col">Timestamp</th>
<th>TestName</th>
</tr>
</thead>
<tbody>
<tr class="tag-test-status" status="pass">
<td><span class="badge log pass-bg">Pass</span></td>
<td>12:58:58 PM</td>
<td>
<a href="#" class="linked" test-id='1' id='2'>Launch BestBuy Website, Select a Country and Validate URL is valid</a>
<div class="">
<span class="badge badge-default">BestBuy Purchase.Launch BestBuy Website, Select a Country and Validate URL is valid</span>
</div>
</td>
</tr>
<tr class="tag-test-status" status="fail">
<td><span class="badge log fail-bg">Fail</span></td>
<td>12:59:23 PM</td>
<td>
<a href="#" class="linked" test-id='1' id='8'>Create Account with No Test Data and Invalid Data</a>
<div class="">
<span class="badge badge-default">BestBuy Purchase.Create Account with No Test Data and Invalid Data</span>
</div>
</td>
</tr>
<tr class="tag-test-status" status="fail">
<td><span class="badge log fail-bg">Fail</span></td>
<td>12:59:24 PM</td>
<td>
<a href="#" class="linked" test-id='1' id='18'>Login with Existing User</a>
<div class="">
<span class="badge badge-default">BestBuy Purchase.Login with Existing User</span>
</div>
</td>
</tr>
<tr class="tag-test-status" status="fail">
<td><span class="badge log fail-bg">Fail</span></td>
<td>12:59:24 PM</td>
<td>
<a href="#" class="linked" test-id='1' id='26'>Navigate to Deals Menu , Deals and Deals by Category Sub-Menu and its Pages and Validate URL</a>
<div class="">
<span class="badge badge-default">BestBuy Purchase.Navigate to Deals Menu , Deals and Deals by Category Sub-Menu and its Pages and Validate URL</span>
</div>
</td>
</tr>
<tr class="tag-test-status" status="fail">
<td><span class="badge log fail-bg">Fail</span></td>
<td>12:59:24 PM</td>
<td>
<a href="#" class="linked" test-id='1' id='34'>Navigate to Deals Menu , Deals by Category Sub-Menu and its Pages and Validate URL</a>
<div class="">
<span class="badge badge-default">BestBuy Purchase.Navigate to Deals Menu , Deals by Category Sub-Menu and its Pages and Validate URL</span>
</div>
</td>
</tr>
<tr class="tag-test-status" status="fail">
<td><span class="badge log fail-bg">Fail</span></td>
<td>12:59:24 PM</td>
<td>
<a href="#" class="linked" test-id='1' id='42'>Navigate to Deals Menu , Brands Sub-Menu and its Pages and Validate URL</a>
<div class="">
<span class="badge badge-default">BestBuy Purchase.Navigate to Deals Menu , Brands Sub-Menu and its Pages and Validate URL</span>
</div>
</td>
</tr>
<tr class="tag-test-status" status="fail">
<td><span class="badge log fail-bg">Fail</span></td>
<td>12:59:24 PM</td>
<td>
<a href="#" class="linked" test-id='1' id='50'>Navigate to Appliances Menu and Validate Menu</a>
<div class="">
<span class="badge badge-default">BestBuy Purchase.Navigate to Appliances Menu and Validate Menu</span>
</div>
</td>
</tr>
<tr class="tag-test-status" status="fail">
<td><span class="badge log fail-bg">Fail</span></td>
<td>12:59:25 PM</td>
<td>
<a href="#" class="linked" test-id='1' id='58'>Navigate to TV & Home Theatre Menu and Validate Menu</a>
<div class="">
<span class="badge badge-default">BestBuy Purchase.Navigate to TV & Home Theatre Menu and Validate Menu</span>
</div>
</td>
</tr>
<tr class="tag-test-status" status="fail">
<td><span class="badge log fail-bg">Fail</span></td>
<td>12:59:25 PM</td>
<td>
<a href="#" class="linked" test-id='1' id='66'>Navigate to Computers & Tablets Menu and Validate Menu</a>
<div class="">
<span class="badge badge-default">BestBuy Purchase.Navigate to Computers & Tablets Menu and Validate Menu</span>
</div>
</td>
</tr>
<tr class="tag-test-status" status="fail">
<td><span class="badge log fail-bg">Fail</span></td>
<td>12:59:25 PM</td>
<td>
<a href="#" class="linked" test-id='1' id='74'>Navigate to Cell Phones Menu and Validate Menu</a>
<div class="">
<span class="badge badge-default">BestBuy Purchase.Navigate to Cell Phones Menu and Validate Menu</span>
</div>
</td>
</tr>
<tr class="tag-test-status" status="fail">
<td><span class="badge log fail-bg">Fail</span></td>
<td>12:59:25 PM</td>
<td>
<a href="#" class="linked" test-id='1' id='82'>Navigate to Audio and Head Phones Menu and Validate Menu</a>
<div class="">
<span class="badge badge-default">BestBuy Purchase.Navigate to Audio and Head Phones Menu and Validate Menu</span>
</div>
</td>
</tr>
<tr class="tag-test-status" status="fail">
<td><span class="badge log fail-bg">Fail</span></td>
<td>12:59:25 PM</td>
<td>
<a href="#" class="linked" test-id='1' id='90'>Navigate to Video Games Menu and Validate Menu</a>
<div class="">
<span class="badge badge-default">BestBuy Purchase.Navigate to Video Games Menu and Validate Menu</span>
</div>
</td>
</tr>
<tr class="tag-test-status" status="fail">
<td><span class="badge log fail-bg">Fail</span></td>
<td>12:59:25 PM</td>
<td>
<a href="#" class="linked" test-id='1' id='98'>Navigate to Cameras,Cam recorders and Drones and Validate Menu</a>
<div class="">
<span class="badge badge-default">BestBuy Purchase.Navigate to Cameras,Cam recorders and Drones and Validate Menu</span>
</div>
</td>
</tr>
<tr class="tag-test-status" status="fail">
<td><span class="badge log fail-bg">Fail</span></td>
<td>12:59:25 PM</td>
<td>
<a href="#" class="linked" test-id='1' id='106'>Navigate to Home,Furniture and Office and Validate Menu</a>
<div class="">
<span class="badge badge-default">BestBuy Purchase.Navigate to Home,Furniture and Office and Validate Menu</span>
</div>
</td>
</tr>
<tr class="tag-test-status" status="fail">
<td><span class="badge log fail-bg">Fail</span></td>
<td>12:59:25 PM</td>
<td>
<a href="#" class="linked" test-id='1' id='114'>Navigate to Smart Home, Security & Wi-Fi and Validate Menu</a>
<div class="">
<span class="badge badge-default">BestBuy Purchase.Navigate to Smart Home, Security & Wi-Fi and Validate Menu</span>
</div>
</td>
</tr>
<tr class="tag-test-status" status="fail">
<td><span class="badge log fail-bg">Fail</span></td>
<td>12:59:25 PM</td>
<td>
<a href="#" class="linked" test-id='1' id='122'>Navigate to Car Electronics & GPS and Validate Menu</a>
<div class="">
<span class="badge badge-default">BestBuy Purchase.Navigate to Car Electronics & GPS and Validate Menu</span>
</div>
</td>
</tr>
<tr class="tag-test-status" status="fail">
<td><span class="badge log fail-bg">Fail</span></td>
<td>12:59:25 PM</td>
<td>
<a href="#" class="linked" test-id='1' id='130'>Navigate to Wearable Technology and Validate Menu</a>
<div class="">
<span class="badge badge-default">BestBuy Purchase.Navigate to Wearable Technology and Validate Menu</span>
</div>
</td>
</tr>
<tr class="tag-test-status" status="fail">
<td><span class="badge log fail-bg">Fail</span></td>
<td>12:59:25 PM</td>
<td>
<a href="#" class="linked" test-id='1' id='138'>Navigate to Health, Wellness & Fitness and Validate Menu</a>
<div class="">
<span class="badge badge-default">BestBuy Purchase.Navigate to Health, Wellness & Fitness and Validate Menu</span>
</div>
</td>
</tr>
<tr class="tag-test-status" status="fail">
<td><span class="badge log fail-bg">Fail</span></td>
<td>12:59:25 PM</td>
<td>
<a href="#" class="linked" test-id='1' id='146'>Navigate to Outdoor Living and Validate Menu</a>
<div class="">
<span class="badge badge-default">BestBuy Purchase.Navigate to Outdoor Living and Validate Menu</span>
</div>
</td>
</tr>
<tr class="tag-test-status" status="fail">
<td><span class="badge log fail-bg">Fail</span></td>
<td>12:59:25 PM</td>
<td>
<a href="#" class="linked" test-id='1' id='154'>Navigate to Toys, Games & Collectibles and Validate Menu</a>
<div class="">
<span class="badge badge-default">BestBuy Purchase.Navigate to Toys, Games & Collectibles and Validate Menu</span>
</div>
</td>
</tr>
<tr class="tag-test-status" status="fail">
<td><span class="badge log fail-bg">Fail</span></td>
<td>12:59:26 PM</td>
<td>
<a href="#" class="linked" test-id='1' id='162'>Navigate to Electric Transportation and Validate Menu</a>
<div class="">
<span class="badge badge-default">BestBuy Purchase.Navigate to Electric Transportation and Validate Menu</span>
</div>
</td>
</tr>
<tr class="tag-test-status" status="fail">
<td><span class="badge log fail-bg">Fail</span></td>
<td>12:59:26 PM</td>
<td>
<a href="#" class="linked" test-id='1' id='170'>Navigate to New & Featured and Validate Menu</a>
<div class="">
<span class="badge badge-default">BestBuy Purchase.Navigate to New & Featured and Validate Menu</span>
</div>
</td>
</tr>
<tr class="tag-test-status" status="fail">
<td><span class="badge log fail-bg">Fail</span></td>
<td>12:59:26 PM</td>
<td>
<a href="#" class="linked" test-id='1' id='178'>Navigate to Footer Support Links</a>
<div class="">
<span class="badge badge-default">BestBuy Purchase.Navigate to Footer Support Links</span>
</div>
</td>
</tr>
<tr class="tag-test-status" status="fail">
<td><span class="badge log fail-bg">Fail</span></td>
<td>12:59:26 PM</td>
<td>
<a href="#" class="linked" test-id='1' id='185'>Navigate to All Footer Links</a>
<div class="">
<span class="badge badge-default">BestBuy Purchase.Navigate to All Footer Links</span>
</div>
</td>
</tr>
<tr class="tag-test-status" status="fail">
<td><span class="badge log fail-bg">Fail</span></td>
<td>12:59:26 PM</td>
<td>
<a href="#" class="linked" test-id='1' id='192'>Navigate to Footer T&C Links</a>
<div class="">
<span class="badge badge-default">BestBuy Purchase.Navigate to Footer T&C Links</span>
</div>
</td>
</tr>
<tr class="tag-test-status" status="fail">
<td><span class="badge log fail-bg">Fail</span></td>
<td>12:59:26 PM</td>
<td>
<a href="#" class="linked" test-id='1' id='199'>Search a Product from search bar and add it to Cart</a>
<div class="">
<span class="badge badge-default">BestBuy Purchase.Search a Product from search bar and add it to Cart</span>
</div>
</td>
</tr>
<tr class="tag-test-status" status="fail">
<td><span class="badge log fail-bg">Fail</span></td>
<td>12:59:26 PM</td>
<td>
<a href="#" class="linked" test-id='1' id='212'>Navigate to Shop by Department and add a Product to Cart from Toys, Games & Collectibles and Brand Barbie</a>
<div class="">
<span class="badge badge-default">BestBuy Purchase.Navigate to Shop by Department and add a Product to Cart from Toys, Games & Collectibles and Brand Barbie</span>
</div>
</td>
</tr>
<tr class="tag-test-status" status="fail">
<td><span class="badge log fail-bg">Fail</span></td>
<td>12:59:26 PM</td>
<td>
<a href="#" class="linked" test-id='1' id='226'>Navigate to Select By Brand and add a Product to Cart from Toys, Games & Collectibles and Brand Barbie</a>
<div class="">
<span class="badge badge-default">BestBuy Purchase.Navigate to Select By Brand and add a Product to Cart from Toys, Games & Collectibles and Brand Barbie</span>
</div>
</td>
</tr>
</tbody>
</table>
</div>
</li>
<li class="test-item">
<div class="test-detail">
<span class="meta">
<span class='badge log badge-danger'>1</span>
</span>
<p class="name">@TC_ID_1005</p>
<p class="duration text-sm">1 tests</p>
</div>
<div class="test-contents d-none">
<div class="info">
<h4>@TC_ID_1005</h4>
<span status="fail" class='badge log badge-danger'>1 failed</span>
</div>
<table class='table table-sm mt-4'>
<thead>
<tr>
<th class="status-col">Status</th>
<th class="timestamp-col">Timestamp</th>
<th>TestName</th>
</tr>
</thead>
<tbody>
<tr class="tag-test-status" status="fail">
<td><span class="badge log fail-bg">Fail</span></td>
<td>12:59:23 PM</td>
<td>
<a href="#" class="linked" test-id='1' id='8'>Create Account with No Test Data and Invalid Data</a>
<div class="">
<span class="badge badge-default">BestBuy Purchase.Create Account with No Test Data and Invalid Data</span>
</div>
</td>
</tr>
</tbody>
</table>
</div>
</li>
<li class="test-item">
<div class="test-detail">
<span class="meta">
<span class='badge log pass-bg'>1</span>
</span>
<p class="name">@TC_ID_1001</p>
<p class="duration text-sm">1 tests</p>
</div>
<div class="test-contents d-none">
<div class="info">
<h4>@TC_ID_1001</h4>
<span status="pass" class='badge log pass-bg'>1 passed</span>
</div>
<table class='table table-sm mt-4'>
<thead>
<tr>
<th class="status-col">Status</th>
<th class="timestamp-col">Timestamp</th>
<th>TestName</th>
</tr>
</thead>
<tbody>
<tr class="tag-test-status" status="pass">
<td><span class="badge log pass-bg">Pass</span></td>
<td>12:58:58 PM</td>
<td>
<a href="#" class="linked" test-id='1' id='2'>Launch BestBuy Website, Select a Country and Validate URL is valid</a>
<div class="">
<span class="badge badge-default">BestBuy Purchase.Launch BestBuy Website, Select a Country and Validate URL is valid</span>
</div>
</td>
</tr>
</tbody>
</table>
</div>
</li>
<li class="test-item">
<div class="test-detail">
<span class="meta">
<span class='badge log badge-danger'>1</span>
</span>
<p class="name">@TC_ID_1011</p>
<p class="duration text-sm">1 tests</p>
</div>
<div class="test-contents d-none">
<div class="info">
<h4>@TC_ID_1011</h4>
<span status="fail" class='badge log badge-danger'>1 failed</span>
</div>
<table class='table table-sm mt-4'>
<thead>
<tr>
<th class="status-col">Status</th>
<th class="timestamp-col">Timestamp</th>
<th>TestName</th>
</tr>
</thead>
<tbody>
<tr class="tag-test-status" status="fail">
<td><span class="badge log fail-bg">Fail</span></td>
<td>12:59:24 PM</td>
<td>
<a href="#" class="linked" test-id='1' id='50'>Navigate to Appliances Menu and Validate Menu</a>
<div class="">
<span class="badge badge-default">BestBuy Purchase.Navigate to Appliances Menu and Validate Menu</span>
</div>
</td>
</tr>
</tbody>
</table>
</div>
</li>
<li class="test-item">
<div class="test-detail">
<span class="meta">
<span class='badge log pass-bg'>1</span>
<span class='badge log badge-danger'>27</span>
</span>
<p class="name">@TEST1</p>
<p class="duration text-sm">28 tests</p>
</div>
<div class="test-contents d-none">
<div class="info">
<h4>@TEST1</h4>
<span status="pass" class='badge log pass-bg'>1 passed</span>
<span status="fail" class='badge log badge-danger'>27 failed</span>
</div>
<table class='table table-sm mt-4'>
<thead>
<tr>
<th class="status-col">Status</th>
<th class="timestamp-col">Timestamp</th>
<th>TestName</th>
</tr>
</thead>
<tbody>
<tr class="tag-test-status" status="pass">
<td><span class="badge log pass-bg">Pass</span></td>
<td>12:58:58 PM</td>
<td>
<a href="#" class="linked" test-id='1' id='2'>Launch BestBuy Website, Select a Country and Validate URL is valid</a>
<div class="">
<span class="badge badge-default">BestBuy Purchase.Launch BestBuy Website, Select a Country and Validate URL is valid</span>
</div>
</td>
</tr>
<tr class="tag-test-status" status="fail">
<td><span class="badge log fail-bg">Fail</span></td>
<td>12:59:23 PM</td>
<td>
<a href="#" class="linked" test-id='1' id='8'>Create Account with No Test Data and Invalid Data</a>
<div class="">
<span class="badge badge-default">BestBuy Purchase.Create Account with No Test Data and Invalid Data</span>
</div>
</td>
</tr>
<tr class="tag-test-status" status="fail">
<td><span class="badge log fail-bg">Fail</span></td>
<td>12:59:24 PM</td>
<td>
<a href="#" class="linked" test-id='1' id='18'>Login with Existing User</a>
<div class="">
<span class="badge badge-default">BestBuy Purchase.Login with Existing User</span>
</div>
</td>
</tr>
<tr class="tag-test-status" status="fail">
<td><span class="badge log fail-bg">Fail</span></td>
<td>12:59:24 PM</td>
<td>
<a href="#" class="linked" test-id='1' id='26'>Navigate to Deals Menu , Deals and Deals by Category Sub-Menu and its Pages and Validate URL</a>
<div class="">
<span class="badge badge-default">BestBuy Purchase.Navigate to Deals Menu , Deals and Deals by Category Sub-Menu and its Pages and Validate URL</span>
</div>
</td>
</tr>
<tr class="tag-test-status" status="fail">
<td><span class="badge log fail-bg">Fail</span></td>
<td>12:59:24 PM</td>
<td>
<a href="#" class="linked" test-id='1' id='34'>Navigate to Deals Menu , Deals by Category Sub-Menu and its Pages and Validate URL</a>
<div class="">
<span class="badge badge-default">BestBuy Purchase.Navigate to Deals Menu , Deals by Category Sub-Menu and its Pages and Validate URL</span>
</div>
</td>
</tr>
<tr class="tag-test-status" status="fail">
<td><span class="badge log fail-bg">Fail</span></td>
<td>12:59:24 PM</td>
<td>
<a href="#" class="linked" test-id='1' id='42'>Navigate to Deals Menu , Brands Sub-Menu and its Pages and Validate URL</a>
<div class="">
<span class="badge badge-default">BestBuy Purchase.Navigate to Deals Menu , Brands Sub-Menu and its Pages and Validate URL</span>
</div>
</td>
</tr>
<tr class="tag-test-status" status="fail">
<td><span class="badge log fail-bg">Fail</span></td>
<td>12:59:24 PM</td>
<td>
<a href="#" class="linked" test-id='1' id='50'>Navigate to Appliances Menu and Validate Menu</a>
<div class="">
<span class="badge badge-default">BestBuy Purchase.Navigate to Appliances Menu and Validate Menu</span>
</div>
</td>
</tr>
<tr class="tag-test-status" status="fail">
<td><span class="badge log fail-bg">Fail</span></td>
<td>12:59:25 PM</td>
<td>
<a href="#" class="linked" test-id='1' id='58'>Navigate to TV & Home Theatre Menu and Validate Menu</a>
<div class="">
<span class="badge badge-default">BestBuy Purchase.Navigate to TV & Home Theatre Menu and Validate Menu</span>
</div>
</td>
</tr>
<tr class="tag-test-status" status="fail">
<td><span class="badge log fail-bg">Fail</span></td>
<td>12:59:25 PM</td>
<td>
<a href="#" class="linked" test-id='1' id='66'>Navigate to Computers & Tablets Menu and Validate Menu</a>
<div class="">
<span class="badge badge-default">BestBuy Purchase.Navigate to Computers & Tablets Menu and Validate Menu</span>
</div>
</td>
</tr>
<tr class="tag-test-status" status="fail">
<td><span class="badge log fail-bg">Fail</span></td>
<td>12:59:25 PM</td>
<td>
<a href="#" class="linked" test-id='1' id='74'>Navigate to Cell Phones Menu and Validate Menu</a>
<div class="">
<span class="badge badge-default">BestBuy Purchase.Navigate to Cell Phones Menu and Validate Menu</span>
</div>
</td>
</tr>
<tr class="tag-test-status" status="fail">
<td><span class="badge log fail-bg">Fail</span></td>
<td>12:59:25 PM</td>
<td>
<a href="#" class="linked" test-id='1' id='82'>Navigate to Audio and Head Phones Menu and Validate Menu</a>
<div class="">
<span class="badge badge-default">BestBuy Purchase.Navigate to Audio and Head Phones Menu and Validate Menu</span>
</div>
</td>
</tr>
<tr class="tag-test-status" status="fail">
<td><span class="badge log fail-bg">Fail</span></td>
<td>12:59:25 PM</td>
<td>
<a href="#" class="linked" test-id='1' id='90'>Navigate to Video Games Menu and Validate Menu</a>
<div class="">
<span class="badge badge-default">BestBuy Purchase.Navigate to Video Games Menu and Validate Menu</span>
</div>
</td>
</tr>
<tr class="tag-test-status" status="fail">
<td><span class="badge log fail-bg">Fail</span></td>
<td>12:59:25 PM</td>
<td>
<a href="#" class="linked" test-id='1' id='98'>Navigate to Cameras,Cam recorders and Drones and Validate Menu</a>
<div class="">
<span class="badge badge-default">BestBuy Purchase.Navigate to Cameras,Cam recorders and Drones and Validate Menu</span>
</div>
</td>
</tr>
<tr class="tag-test-status" status="fail">
<td><span class="badge log fail-bg">Fail</span></td>
<td>12:59:25 PM</td>
<td>
<a href="#" class="linked" test-id='1' id='106'>Navigate to Home,Furniture and Office and Validate Menu</a>
<div class="">
<span class="badge badge-default">BestBuy Purchase.Navigate to Home,Furniture and Office and Validate Menu</span>
</div>
</td>
</tr>
<tr class="tag-test-status" status="fail">
<td><span class="badge log fail-bg">Fail</span></td>
<td>12:59:25 PM</td>
<td>
<a href="#" class="linked" test-id='1' id='114'>Navigate to Smart Home, Security & Wi-Fi and Validate Menu</a>
<div class="">
<span class="badge badge-default">BestBuy Purchase.Navigate to Smart Home, Security & Wi-Fi and Validate Menu</span>
</div>
</td>
</tr>
<tr class="tag-test-status" status="fail">
<td><span class="badge log fail-bg">Fail</span></td>
<td>12:59:25 PM</td>
<td>
<a href="#" class="linked" test-id='1' id='122'>Navigate to Car Electronics & GPS and Validate Menu</a>
<div class="">
<span class="badge badge-default">BestBuy Purchase.Navigate to Car Electronics & GPS and Validate Menu</span>
</div>
</td>
</tr>
<tr class="tag-test-status" status="fail">
<td><span class="badge log fail-bg">Fail</span></td>
<td>12:59:25 PM</td>
<td>
<a href="#" class="linked" test-id='1' id='130'>Navigate to Wearable Technology and Validate Menu</a>
<div class="">
<span class="badge badge-default">BestBuy Purchase.Navigate to Wearable Technology and Validate Menu</span>
</div>
</td>
</tr>
<tr class="tag-test-status" status="fail">
<td><span class="badge log fail-bg">Fail</span></td>
<td>12:59:25 PM</td>
<td>
<a href="#" class="linked" test-id='1' id='138'>Navigate to Health, Wellness & Fitness and Validate Menu</a>
<div class="">
<span class="badge badge-default">BestBuy Purchase.Navigate to Health, Wellness & Fitness and Validate Menu</span>
</div>
</td>
</tr>
<tr class="tag-test-status" status="fail">
<td><span class="badge log fail-bg">Fail</span></td>
<td>12:59:25 PM</td>
<td>
<a href="#" class="linked" test-id='1' id='146'>Navigate to Outdoor Living and Validate Menu</a>
<div class="">
<span class="badge badge-default">BestBuy Purchase.Navigate to Outdoor Living and Validate Menu</span>
</div>
</td>
</tr>
<tr class="tag-test-status" status="fail">
<td><span class="badge log fail-bg">Fail</span></td>
<td>12:59:25 PM</td>
<td>
<a href="#" class="linked" test-id='1' id='154'>Navigate to Toys, Games & Collectibles and Validate Menu</a>
<div class="">
<span class="badge badge-default">BestBuy Purchase.Navigate to Toys, Games & Collectibles and Validate Menu</span>
</div>
</td>
</tr>
<tr class="tag-test-status" status="fail">
<td><span class="badge log fail-bg">Fail</span></td>
<td>12:59:26 PM</td>
<td>
<a href="#" class="linked" test-id='1' id='162'>Navigate to Electric Transportation and Validate Menu</a>
<div class="">
<span class="badge badge-default">BestBuy Purchase.Navigate to Electric Transportation and Validate Menu</span>
</div>
</td>
</tr>
<tr class="tag-test-status" status="fail">
<td><span class="badge log fail-bg">Fail</span></td>
<td>12:59:26 PM</td>
<td>
<a href="#" class="linked" test-id='1' id='170'>Navigate to New & Featured and Validate Menu</a>
<div class="">
<span class="badge badge-default">BestBuy Purchase.Navigate to New & Featured and Validate Menu</span>
</div>
</td>
</tr>
<tr class="tag-test-status" status="fail">
<td><span class="badge log fail-bg">Fail</span></td>
<td>12:59:26 PM</td>
<td>
<a href="#" class="linked" test-id='1' id='178'>Navigate to Footer Support Links</a>
<div class="">
<span class="badge badge-default">BestBuy Purchase.Navigate to Footer Support Links</span>
</div>
</td>
</tr>
<tr class="tag-test-status" status="fail">
<td><span class="badge log fail-bg">Fail</span></td>
<td>12:59:26 PM</td>
<td>
<a href="#" class="linked" test-id='1' id='185'>Navigate to All Footer Links</a>
<div class="">
<span class="badge badge-default">BestBuy Purchase.Navigate to All Footer Links</span>
</div>
</td>
</tr>
<tr class="tag-test-status" status="fail">
<td><span class="badge log fail-bg">Fail</span></td>
<td>12:59:26 PM</td>
<td>
<a href="#" class="linked" test-id='1' id='192'>Navigate to Footer T&C Links</a>
<div class="">
<span class="badge badge-default">BestBuy Purchase.Navigate to Footer T&C Links</span>
</div>
</td>
</tr>
<tr class="tag-test-status" status="fail">
<td><span class="badge log fail-bg">Fail</span></td>
<td>12:59:26 PM</td>
<td>
<a href="#" class="linked" test-id='1' id='199'>Search a Product from search bar and add it to Cart</a>
<div class="">
<span class="badge badge-default">BestBuy Purchase.Search a Product from search bar and add it to Cart</span>
</div>
</td>
</tr>
<tr class="tag-test-status" status="fail">
<td><span class="badge log fail-bg">Fail</span></td>
<td>12:59:26 PM</td>
<td>
<a href="#" class="linked" test-id='1' id='212'>Navigate to Shop by Department and add a Product to Cart from Toys, Games & Collectibles and Brand Barbie</a>
<div class="">
<span class="badge badge-default">BestBuy Purchase.Navigate to Shop by Department and add a Product to Cart from Toys, Games & Collectibles and Brand Barbie</span>
</div>
</td>
</tr>
<tr class="tag-test-status" status="fail">
<td><span class="badge log fail-bg">Fail</span></td>
<td>12:59:26 PM</td>
<td>
<a href="#" class="linked" test-id='1' id='226'>Navigate to Select By Brand and add a Product to Cart from Toys, Games & Collectibles and Brand Barbie</a>
<div class="">
<span class="badge badge-default">BestBuy Purchase.Navigate to Select By Brand and add a Product to Cart from Toys, Games & Collectibles and Brand Barbie</span>
</div>
</td>
</tr>
</tbody>
</table>
</div>
</li>
<li class="test-item">
<div class="test-detail">
<span class="meta">
<span class='badge log badge-danger'>1</span>
</span>
<p class="name">@TC_ID_1021</p>
<p class="duration text-sm">1 tests</p>
</div>
<div class="test-contents d-none">
<div class="info">
<h4>@TC_ID_1021</h4>
<span status="fail" class='badge log badge-danger'>1 failed</span>
</div>
<table class='table table-sm mt-4'>
<thead>
<tr>
<th class="status-col">Status</th>
<th class="timestamp-col">Timestamp</th>
<th>TestName</th>
</tr>
</thead>
<tbody>
<tr class="tag-test-status" status="fail">
<td><span class="badge log fail-bg">Fail</span></td>
<td>12:59:25 PM</td>
<td>
<a href="#" class="linked" test-id='1' id='130'>Navigate to Wearable Technology and Validate Menu</a>
<div class="">
<span class="badge badge-default">BestBuy Purchase.Navigate to Wearable Technology and Validate Menu</span>
</div>
</td>
</tr>
</tbody>
</table>
</div>
</li>
<li class="test-item">
<div class="test-detail">
<span class="meta">
<span class='badge log badge-danger'>1</span>
</span>
<p class="name">@TC_ID_1020</p>
<p class="duration text-sm">1 tests</p>
</div>
<div class="test-contents d-none">
<div class="info">
<h4>@TC_ID_1020</h4>
<span status="fail" class='badge log badge-danger'>1 failed</span>
</div>
<table class='table table-sm mt-4'>
<thead>
<tr>
<th class="status-col">Status</th>
<th class="timestamp-col">Timestamp</th>
<th>TestName</th>
</tr>
</thead>
<tbody>
<tr class="tag-test-status" status="fail">
<td><span class="badge log fail-bg">Fail</span></td>
<td>12:59:25 PM</td>
<td>
<a href="#" class="linked" test-id='1' id='122'>Navigate to Car Electronics & GPS and Validate Menu</a>
<div class="">
<span class="badge badge-default">BestBuy Purchase.Navigate to Car Electronics & GPS and Validate Menu</span>
</div>
</td>
</tr>
</tbody>
</table>
</div>
</li>
<li class="test-item">
<div class="test-detail">
<span class="meta">
<span class='badge log badge-danger'>1</span>
</span>
<p class="name">@TC_ID_1013</p>
<p class="duration text-sm">1 tests</p>
</div>
<div class="test-contents d-none">
<div class="info">
<h4>@TC_ID_1013</h4>
<span status="fail" class='badge log badge-danger'>1 failed</span>
</div>
<table class='table table-sm mt-4'>
<thead>
<tr>
<th class="status-col">Status</th>
<th class="timestamp-col">Timestamp</th>
<th>TestName</th>
</tr>
</thead>
<tbody>
<tr class="tag-test-status" status="fail">
<td><span class="badge log fail-bg">Fail</span></td>
<td>12:59:25 PM</td>
<td>
<a href="#" class="linked" test-id='1' id='66'>Navigate to Computers & Tablets Menu and Validate Menu</a>
<div class="">
<span class="badge badge-default">BestBuy Purchase.Navigate to Computers & Tablets Menu and Validate Menu</span>
</div>
</td>
</tr>
</tbody>
</table>
</div>
</li>
<li class="test-item">
<div class="test-detail">
<span class="meta">
<span class='badge log badge-danger'>1</span>
</span>
<p class="name">@TC_ID_1015</p>
<p class="duration text-sm">1 tests</p>
</div>
<div class="test-contents d-none">
<div class="info">
<h4>@TC_ID_1015</h4>
<span status="fail" class='badge log badge-danger'>1 failed</span>
</div>
<table class='table table-sm mt-4'>
<thead>
<tr>
<th class="status-col">Status</th>
<th class="timestamp-col">Timestamp</th>
<th>TestName</th>
</tr>
</thead>
<tbody>
<tr class="tag-test-status" status="fail">
<td><span class="badge log fail-bg">Fail</span></td>
<td>12:59:25 PM</td>
<td>
<a href="#" class="linked" test-id='1' id='82'>Navigate to Audio and Head Phones Menu and Validate Menu</a>
<div class="">
<span class="badge badge-default">BestBuy Purchase.Navigate to Audio and Head Phones Menu and Validate Menu</span>
</div>
</td>
</tr>
</tbody>
</table>
</div>
</li>
<li class="test-item">
<div class="test-detail">
<span class="meta">
<span class='badge log badge-danger'>1</span>
</span>
<p class="name">@TC_ID_1003</p>
<p class="duration text-sm">1 tests</p>
</div>
<div class="test-contents d-none">
<div class="info">
<h4>@TC_ID_1003</h4>
<span status="fail" class='badge log badge-danger'>1 failed</span>
</div>
<table class='table table-sm mt-4'>
<thead>
<tr>
<th class="status-col">Status</th>
<th class="timestamp-col">Timestamp</th>
<th>TestName</th>
</tr>
</thead>
<tbody>
<tr class="tag-test-status" status="fail">
<td><span class="badge log fail-bg">Fail</span></td>
<td>12:59:23 PM</td>
<td>
<a href="#" class="linked" test-id='1' id='8'>Create Account with No Test Data and Invalid Data</a>
<div class="">
<span class="badge badge-default">BestBuy Purchase.Create Account with No Test Data and Invalid Data</span>
</div>
</td>
</tr>
</tbody>
</table>
</div>
</li>
<li class="test-item">
<div class="test-detail">
<span class="meta">
<span class='badge log badge-danger'>1</span>
</span>
<p class="name">@TC_ID_1024</p>
<p class="duration text-sm">1 tests</p>
</div>
<div class="test-contents d-none">
<div class="info">
<h4>@TC_ID_1024</h4>
<span status="fail" class='badge log badge-danger'>1 failed</span>
</div>
<table class='table table-sm mt-4'>
<thead>
<tr>
<th class="status-col">Status</th>
<th class="timestamp-col">Timestamp</th>
<th>TestName</th>
</tr>
</thead>
<tbody>
<tr class="tag-test-status" status="fail">
<td><span class="badge log fail-bg">Fail</span></td>
<td>12:59:25 PM</td>
<td>
<a href="#" class="linked" test-id='1' id='154'>Navigate to Toys, Games & Collectibles and Validate Menu</a>
<div class="">
<span class="badge badge-default">BestBuy Purchase.Navigate to Toys, Games & Collectibles and Validate Menu</span>
</div>
</td>
</tr>
</tbody>
</table>
</div>
</li>
<li class="test-item">
<div class="test-detail">
<span class="meta">
<span class='badge log badge-danger'>1</span>
</span>
<p class="name">@TC_ID_1027</p>
<p class="duration text-sm">1 tests</p>
</div>
<div class="test-contents d-none">
<div class="info">
<h4>@TC_ID_1027</h4>
<span status="fail" class='badge log badge-danger'>1 failed</span>
</div>
<table class='table table-sm mt-4'>
<thead>
<tr>
<th class="status-col">Status</th>
<th class="timestamp-col">Timestamp</th>
<th>TestName</th>
</tr>
</thead>
<tbody>
<tr class="tag-test-status" status="fail">
<td><span class="badge log fail-bg">Fail</span></td>
<td>12:59:26 PM</td>
<td>
<a href="#" class="linked" test-id='1' id='178'>Navigate to Footer Support Links</a>
<div class="">
<span class="badge badge-default">BestBuy Purchase.Navigate to Footer Support Links</span>
</div>
</td>
</tr>
</tbody>
</table>
</div>
</li>
<li class="test-item">
<div class="test-detail">
<span class="meta">
<span class='badge log badge-danger'>1</span>
</span>
<p class="name">@TC_ID_1031</p>
<p class="duration text-sm">1 tests</p>
</div>
<div class="test-contents d-none">
<div class="info">
<h4>@TC_ID_1031</h4>
<span status="fail" class='badge log badge-danger'>1 failed</span>
</div>
<table class='table table-sm mt-4'>
<thead>
<tr>
<th class="status-col">Status</th>
<th class="timestamp-col">Timestamp</th>
<th>TestName</th>
</tr>
</thead>
<tbody>
<tr class="tag-test-status" status="fail">
<td><span class="badge log fail-bg">Fail</span></td>
<td>12:59:26 PM</td>
<td>
<a href="#" class="linked" test-id='1' id='212'>Navigate to Shop by Department and add a Product to Cart from Toys, Games & Collectibles and Brand Barbie</a>
<div class="">
<span class="badge badge-default">BestBuy Purchase.Navigate to Shop by Department and add a Product to Cart from Toys, Games & Collectibles and Brand Barbie</span>
</div>
</td>
</tr>
</tbody>
</table>
</div>
</li>
<li class="test-item">
<div class="test-detail">
<span class="meta">
<span class='badge log badge-danger'>1</span>
</span>
<p class="name">@TC_ID_1028</p>
<p class="duration text-sm">1 tests</p>
</div>
<div class="test-contents d-none">
<div class="info">
<h4>@TC_ID_1028</h4>
<span status="fail" class='badge log badge-danger'>1 failed</span>
</div>
<table class='table table-sm mt-4'>
<thead>
<tr>
<th class="status-col">Status</th>
<th class="timestamp-col">Timestamp</th>
<th>TestName</th>
</tr>
</thead>
<tbody>
<tr class="tag-test-status" status="fail">
<td><span class="badge log fail-bg">Fail</span></td>
<td>12:59:26 PM</td>
<td>
<a href="#" class="linked" test-id='1' id='185'>Navigate to All Footer Links</a>
<div class="">
<span class="badge badge-default">BestBuy Purchase.Navigate to All Footer Links</span>
</div>
</td>
</tr>
</tbody>
</table>
</div>
</li>
<li class="test-item">
<div class="test-detail">
<span class="meta">
<span class='badge log badge-danger'>1</span>
</span>
<p class="name">@TC_ID_1032</p>
<p class="duration text-sm">1 tests</p>
</div>
<div class="test-contents d-none">
<div class="info">
<h4>@TC_ID_1032</h4>
<span status="fail" class='badge log badge-danger'>1 failed</span>
</div>
<table class='table table-sm mt-4'>
<thead>
<tr>
<th class="status-col">Status</th>
<th class="timestamp-col">Timestamp</th>
<th>TestName</th>
</tr>
</thead>
<tbody>
<tr class="tag-test-status" status="fail">
<td><span class="badge log fail-bg">Fail</span></td>
<td>12:59:26 PM</td>
<td>
<a href="#" class="linked" test-id='1' id='226'>Navigate to Select By Brand and add a Product to Cart from Toys, Games & Collectibles and Brand Barbie</a>
<div class="">
<span class="badge badge-default">BestBuy Purchase.Navigate to Select By Brand and add a Product to Cart from Toys, Games & Collectibles and Brand Barbie</span>
</div>
</td>
</tr>
</tbody>
</table>
</div>
</li>
<li class="test-item">
<div class="test-detail">
<span class="meta">
<span class='badge log badge-danger'>1</span>
</span>
<p class="name">@TC_ID_1016</p>
<p class="duration text-sm">1 tests</p>
</div>
<div class="test-contents d-none">
<div class="info">
<h4>@TC_ID_1016</h4>
<span status="fail" class='badge log badge-danger'>1 failed</span>
</div>
<table class='table table-sm mt-4'>
<thead>
<tr>
<th class="status-col">Status</th>
<th class="timestamp-col">Timestamp</th>
<th>TestName</th>
</tr>
</thead>
<tbody>
<tr class="tag-test-status" status="fail">
<td><span class="badge log fail-bg">Fail</span></td>
<td>12:59:25 PM</td>
<td>
<a href="#" class="linked" test-id='1' id='90'>Navigate to Video Games Menu and Validate Menu</a>
<div class="">
<span class="badge badge-default">BestBuy Purchase.Navigate to Video Games Menu and Validate Menu</span>
</div>
</td>
</tr>
</tbody>
</table>
</div>
</li>
<li class="test-item">
<div class="test-detail">
<span class="meta">
<span class='badge log badge-danger'>1</span>
</span>
<p class="name">@TC_ID_1029</p>
<p class="duration text-sm">1 tests</p>
</div>
<div class="test-contents d-none">
<div class="info">
<h4>@TC_ID_1029</h4>
<span status="fail" class='badge log badge-danger'>1 failed</span>
</div>
<table class='table table-sm mt-4'>
<thead>
<tr>
<th class="status-col">Status</th>
<th class="timestamp-col">Timestamp</th>
<th>TestName</th>
</tr>
</thead>
<tbody>
<tr class="tag-test-status" status="fail">
<td><span class="badge log fail-bg">Fail</span></td>
<td>12:59:26 PM</td>
<td>
<a href="#" class="linked" test-id='1' id='192'>Navigate to Footer T&C Links</a>
<div class="">
<span class="badge badge-default">BestBuy Purchase.Navigate to Footer T&C Links</span>
</div>
</td>
</tr>
</tbody>
</table>
</div>
</li>
<li class="test-item">
<div class="test-detail">
<span class="meta">
<span class='badge log badge-danger'>1</span>
</span>
<p class="name">@TC_ID_1018</p>
<p class="duration text-sm">1 tests</p>
</div>
<div class="test-contents d-none">
<div class="info">
<h4>@TC_ID_1018</h4>
<span status="fail" class='badge log badge-danger'>1 failed</span>
</div>
<table class='table table-sm mt-4'>
<thead>
<tr>
<th class="status-col">Status</th>
<th class="timestamp-col">Timestamp</th>
<th>TestName</th>
</tr>
</thead>
<tbody>
<tr class="tag-test-status" status="fail">
<td><span class="badge log fail-bg">Fail</span></td>
<td>12:59:25 PM</td>
<td>
<a href="#" class="linked" test-id='1' id='106'>Navigate to Home,Furniture and Office and Validate Menu</a>
<div class="">
<span class="badge badge-default">BestBuy Purchase.Navigate to Home,Furniture and Office and Validate Menu</span>
</div>
</td>
</tr>
</tbody>
</table>
</div>
</li>
<li class="test-item">
<div class="test-detail">
<span class="meta">
<span class='badge log pass-bg'>1</span>
</span>
<p class="name">@TC_ID_1002</p>
<p class="duration text-sm">1 tests</p>
</div>
<div class="test-contents d-none">
<div class="info">
<h4>@TC_ID_1002</h4>
<span status="pass" class='badge log pass-bg'>1 passed</span>
</div>
<table class='table table-sm mt-4'>
<thead>
<tr>
<th class="status-col">Status</th>
<th class="timestamp-col">Timestamp</th>
<th>TestName</th>
</tr>
</thead>
<tbody>
<tr class="tag-test-status" status="pass">
<td><span class="badge log pass-bg">Pass</span></td>
<td>12:58:58 PM</td>
<td>
<a href="#" class="linked" test-id='1' id='2'>Launch BestBuy Website, Select a Country and Validate URL is valid</a>
<div class="">
<span class="badge badge-default">BestBuy Purchase.Launch BestBuy Website, Select a Country and Validate URL is valid</span>
</div>
</td>
</tr>
</tbody>
</table>
</div>
</li>
<li class="test-item">
<div class="test-detail">
<span class="meta">
<span class='badge log badge-danger'>1</span>
</span>
<p class="name">@TC_ID_1008</p>
<p class="duration text-sm">1 tests</p>
</div>
<div class="test-contents d-none">
<div class="info">
<h4>@TC_ID_1008</h4>
<span status="fail" class='badge log badge-danger'>1 failed</span>
</div>
<table class='table table-sm mt-4'>
<thead>
<tr>
<th class="status-col">Status</th>
<th class="timestamp-col">Timestamp</th>
<th>TestName</th>
</tr>
</thead>
<tbody>
<tr class="tag-test-status" status="fail">
<td><span class="badge log fail-bg">Fail</span></td>
<td>12:59:24 PM</td>
<td>
<a href="#" class="linked" test-id='1' id='26'>Navigate to Deals Menu , Deals and Deals by Category Sub-Menu and its Pages and Validate URL</a>
<div class="">
<span class="badge badge-default">BestBuy Purchase.Navigate to Deals Menu , Deals and Deals by Category Sub-Menu and its Pages and Validate URL</span>
</div>
</td>
</tr>
</tbody>
</table>
</div>
</li>
<li class="test-item">
<div class="test-detail">
<span class="meta">
<span class='badge log badge-danger'>1</span>
</span>
<p class="name">@TC_ID_1026</p>
<p class="duration text-sm">1 tests</p>
</div>
<div class="test-contents d-none">
<div class="info">
<h4>@TC_ID_1026</h4>
<span status="fail" class='badge log badge-danger'>1 failed</span>
</div>
<table class='table table-sm mt-4'>
<thead>
<tr>
<th class="status-col">Status</th>
<th class="timestamp-col">Timestamp</th>
<th>TestName</th>
</tr>
</thead>
<tbody>
<tr class="tag-test-status" status="fail">
<td><span class="badge log fail-bg">Fail</span></td>
<td>12:59:26 PM</td>
<td>
<a href="#" class="linked" test-id='1' id='170'>Navigate to New & Featured and Validate Menu</a>
<div class="">
<span class="badge badge-default">BestBuy Purchase.Navigate to New & Featured and Validate Menu</span>
</div>
</td>
</tr>
</tbody>
</table>
</div>
</li>
</ul>
</div>
</div>
<div class="test-content scrollable">
<div class="test-content-detail">
<div class="detail-body"></div>
</div>
</div>
</div><div class="test-wrapper row view exception-view attributes-view">
<div class="test-list">
<div class="test-list-tools">
<ul class="tools pull-left"><li><a href=""><span class="font-size-14">Exception</span></a></li></ul>
<ul class="tools text-right"><li><a href="#"><span class="badge badge-primary">2</span></a></li></ul>
</div>
<div class="test-list-wrapper scrollable">
<ul class="test-list-item">
<li class="test-item">
<div class="test-detail">
<span class="meta">
<span class='badge log badge-danger'>1</span>
</span>
<p class="name">org.openqa.selenium.NoSuchSessionException</p>
<p class="duration text-sm">1 tests</p>
</div>
<div class="test-contents d-none">
<div class="info">
<h4>org.openqa.selenium.NoSuchSessionException</h4>
<span status="fail" class='badge log badge-danger'>1 failed</span>
</div>
<table class='table table-sm mt-4'>
<thead>
<tr>
<th class="status-col">Status</th>
<th class="timestamp-col">Timestamp</th>
<th>TestName</th>
</tr>
</thead>
<tbody>
<tr class="tag-test-status" status="fail">
<td><span class="badge log fail-bg">Fail</span></td>
<td>12:59:23 PM</td>
<td>
<a href="#" class="linked" test-id='1' id='17'>Happy_Path_Patient_Web_and_MR.DemoPageContainer.afterScenario(io.cucumber.java.Scenario)</a>
<div class="">
<span class="badge badge-default">BestBuy Purchase.Create Account with No Test Data and Invalid Data.Happy_Path_Patient_Web_and_MR.DemoPageContainer.afterScenario(io.cucumber.java.Scenario)</span>
</div>
</td>
</tr>
<tr class="tag-test-status" status="fail">
<td><span class="badge log fail-bg">Fail</span></td>
<td>12:59:24 PM</td>
<td>
<a href="#" class="linked" test-id='1' id='24'>Happy_Path_Patient_Web_and_MR.DemoPageContainer.afterScenario(io.cucumber.java.Scenario)</a>
<div class="">
<span class="badge badge-default">BestBuy Purchase.Login with Existing User.Happy_Path_Patient_Web_and_MR.DemoPageContainer.afterScenario(io.cucumber.java.Scenario)</span>
</div>
</td>
</tr>
<tr class="tag-test-status" status="fail">
<td><span class="badge log fail-bg">Fail</span></td>
<td>12:59:24 PM</td>
<td>
<a href="#" class="linked" test-id='1' id='32'>Happy_Path_Patient_Web_and_MR.DemoPageContainer.afterScenario(io.cucumber.java.Scenario)</a>
<div class="">
<span class="badge badge-default">BestBuy Purchase.Navigate to Deals Menu , Deals and Deals by Category Sub-Menu and its Pages and Validate URL.Happy_Path_Patient_Web_and_MR.DemoPageContainer.afterScenario(io.cucumber.java.Scenario)</span>
</div>
</td>
</tr>
<tr class="tag-test-status" status="fail">
<td><span class="badge log fail-bg">Fail</span></td>
<td>12:59:24 PM</td>
<td>
<a href="#" class="linked" test-id='1' id='40'>Happy_Path_Patient_Web_and_MR.DemoPageContainer.afterScenario(io.cucumber.java.Scenario)</a>
<div class="">
<span class="badge badge-default">BestBuy Purchase.Navigate to Deals Menu , Deals by Category Sub-Menu and its Pages and Validate URL.Happy_Path_Patient_Web_and_MR.DemoPageContainer.afterScenario(io.cucumber.java.Scenario)</span>
</div>
</td>
</tr>
<tr class="tag-test-status" status="fail">
<td><span class="badge log fail-bg">Fail</span></td>
<td>12:59:24 PM</td>
<td>
<a href="#" class="linked" test-id='1' id='48'>Happy_Path_Patient_Web_and_MR.DemoPageContainer.afterScenario(io.cucumber.java.Scenario)</a>
<div class="">
<span class="badge badge-default">BestBuy Purchase.Navigate to Deals Menu , Brands Sub-Menu and its Pages and Validate URL.Happy_Path_Patient_Web_and_MR.DemoPageContainer.afterScenario(io.cucumber.java.Scenario)</span>
</div>
</td>
</tr>
<tr class="tag-test-status" status="fail">
<td><span class="badge log fail-bg">Fail</span></td>
<td>12:59:25 PM</td>
<td>
<a href="#" class="linked" test-id='1' id='56'>Happy_Path_Patient_Web_and_MR.DemoPageContainer.afterScenario(io.cucumber.java.Scenario)</a>
<div class="">
<span class="badge badge-default">BestBuy Purchase.Navigate to Appliances Menu and Validate Menu.Happy_Path_Patient_Web_and_MR.DemoPageContainer.afterScenario(io.cucumber.java.Scenario)</span>
</div>
</td>
</tr>
<tr class="tag-test-status" status="fail">
<td><span class="badge log fail-bg">Fail</span></td>
<td>12:59:25 PM</td>
<td>
<a href="#" class="linked" test-id='1' id='64'>Happy_Path_Patient_Web_and_MR.DemoPageContainer.afterScenario(io.cucumber.java.Scenario)</a>
<div class="">
<span class="badge badge-default">BestBuy Purchase.Navigate to TV & Home Theatre Menu and Validate Menu.Happy_Path_Patient_Web_and_MR.DemoPageContainer.afterScenario(io.cucumber.java.Scenario)</span>
</div>
</td>
</tr>
<tr class="tag-test-status" status="fail">
<td><span class="badge log fail-bg">Fail</span></td>
<td>12:59:25 PM</td>
<td>
<a href="#" class="linked" test-id='1' id='72'>Happy_Path_Patient_Web_and_MR.DemoPageContainer.afterScenario(io.cucumber.java.Scenario)</a>
<div class="">
<span class="badge badge-default">BestBuy Purchase.Navigate to Computers & Tablets Menu and Validate Menu.Happy_Path_Patient_Web_and_MR.DemoPageContainer.afterScenario(io.cucumber.java.Scenario)</span>
</div>
</td>
</tr>
<tr class="tag-test-status" status="fail">
<td><span class="badge log fail-bg">Fail</span></td>
<td>12:59:25 PM</td>
<td>
<a href="#" class="linked" test-id='1' id='80'>Happy_Path_Patient_Web_and_MR.DemoPageContainer.afterScenario(io.cucumber.java.Scenario)</a>
<div class="">
<span class="badge badge-default">BestBuy Purchase.Navigate to Cell Phones Menu and Validate Menu.Happy_Path_Patient_Web_and_MR.DemoPageContainer.afterScenario(io.cucumber.java.Scenario)</span>
</div>
</td>
</tr>
<tr class="tag-test-status" status="fail">
<td><span class="badge log fail-bg">Fail</span></td>
<td>12:59:25 PM</td>
<td>
<a href="#" class="linked" test-id='1' id='88'>Happy_Path_Patient_Web_and_MR.DemoPageContainer.afterScenario(io.cucumber.java.Scenario)</a>
<div class="">
<span class="badge badge-default">BestBuy Purchase.Navigate to Audio and Head Phones Menu and Validate Menu.Happy_Path_Patient_Web_and_MR.DemoPageContainer.afterScenario(io.cucumber.java.Scenario)</span>
</div>
</td>
</tr>
<tr class="tag-test-status" status="fail">
<td><span class="badge log fail-bg">Fail</span></td>
<td>12:59:25 PM</td>
<td>
<a href="#" class="linked" test-id='1' id='96'>Happy_Path_Patient_Web_and_MR.DemoPageContainer.afterScenario(io.cucumber.java.Scenario)</a>
<div class="">
<span class="badge badge-default">BestBuy Purchase.Navigate to Video Games Menu and Validate Menu.Happy_Path_Patient_Web_and_MR.DemoPageContainer.afterScenario(io.cucumber.java.Scenario)</span>
</div>
</td>
</tr>
<tr class="tag-test-status" status="fail">
<td><span class="badge log fail-bg">Fail</span></td>
<td>12:59:25 PM</td>
<td>
<a href="#" class="linked" test-id='1' id='104'>Happy_Path_Patient_Web_and_MR.DemoPageContainer.afterScenario(io.cucumber.java.Scenario)</a>
<div class="">
<span class="badge badge-default">BestBuy Purchase.Navigate to Cameras,Cam recorders and Drones and Validate Menu.Happy_Path_Patient_Web_and_MR.DemoPageContainer.afterScenario(io.cucumber.java.Scenario)</span>
</div>
</td>
</tr>
<tr class="tag-test-status" status="fail">
<td><span class="badge log fail-bg">Fail</span></td>
<td>12:59:25 PM</td>
<td>
<a href="#" class="linked" test-id='1' id='112'>Happy_Path_Patient_Web_and_MR.DemoPageContainer.afterScenario(io.cucumber.java.Scenario)</a>
<div class="">
<span class="badge badge-default">BestBuy Purchase.Navigate to Home,Furniture and Office and Validate Menu.Happy_Path_Patient_Web_and_MR.DemoPageContainer.afterScenario(io.cucumber.java.Scenario)</span>
</div>
</td>
</tr>
<tr class="tag-test-status" status="fail">
<td><span class="badge log fail-bg">Fail</span></td>
<td>12:59:25 PM</td>
<td>
<a href="#" class="linked" test-id='1' id='120'>Happy_Path_Patient_Web_and_MR.DemoPageContainer.afterScenario(io.cucumber.java.Scenario)</a>
<div class="">
<span class="badge badge-default">BestBuy Purchase.Navigate to Smart Home, Security & Wi-Fi and Validate Menu.Happy_Path_Patient_Web_and_MR.DemoPageContainer.afterScenario(io.cucumber.java.Scenario)</span>
</div>
</td>
</tr>
<tr class="tag-test-status" status="fail">
<td><span class="badge log fail-bg">Fail</span></td>
<td>12:59:25 PM</td>
<td>
<a href="#" class="linked" test-id='1' id='128'>Happy_Path_Patient_Web_and_MR.DemoPageContainer.afterScenario(io.cucumber.java.Scenario)</a>
<div class="">
<span class="badge badge-default">BestBuy Purchase.Navigate to Car Electronics & GPS and Validate Menu.Happy_Path_Patient_Web_and_MR.DemoPageContainer.afterScenario(io.cucumber.java.Scenario)</span>
</div>
</td>
</tr>
<tr class="tag-test-status" status="fail">
<td><span class="badge log fail-bg">Fail</span></td>
<td>12:59:25 PM</td>
<td>
<a href="#" class="linked" test-id='1' id='136'>Happy_Path_Patient_Web_and_MR.DemoPageContainer.afterScenario(io.cucumber.java.Scenario)</a>
<div class="">
<span class="badge badge-default">BestBuy Purchase.Navigate to Wearable Technology and Validate Menu.Happy_Path_Patient_Web_and_MR.DemoPageContainer.afterScenario(io.cucumber.java.Scenario)</span>
</div>
</td>
</tr>
<tr class="tag-test-status" status="fail">
<td><span class="badge log fail-bg">Fail</span></td>
<td>12:59:25 PM</td>
<td>
<a href="#" class="linked" test-id='1' id='144'>Happy_Path_Patient_Web_and_MR.DemoPageContainer.afterScenario(io.cucumber.java.Scenario)</a>
<div class="">
<span class="badge badge-default">BestBuy Purchase.Navigate to Health, Wellness & Fitness and Validate Menu.Happy_Path_Patient_Web_and_MR.DemoPageContainer.afterScenario(io.cucumber.java.Scenario)</span>
</div>
</td>
</tr>
<tr class="tag-test-status" status="fail">
<td><span class="badge log fail-bg">Fail</span></td>
<td>12:59:25 PM</td>
<td>
<a href="#" class="linked" test-id='1' id='152'>Happy_Path_Patient_Web_and_MR.DemoPageContainer.afterScenario(io.cucumber.java.Scenario)</a>
<div class="">
<span class="badge badge-default">BestBuy Purchase.Navigate to Outdoor Living and Validate Menu.Happy_Path_Patient_Web_and_MR.DemoPageContainer.afterScenario(io.cucumber.java.Scenario)</span>
</div>
</td>
</tr>
<tr class="tag-test-status" status="fail">
<td><span class="badge log fail-bg">Fail</span></td>
<td>12:59:26 PM</td>
<td>
<a href="#" class="linked" test-id='1' id='160'>Happy_Path_Patient_Web_and_MR.DemoPageContainer.afterScenario(io.cucumber.java.Scenario)</a>
<div class="">
<span class="badge badge-default">BestBuy Purchase.Navigate to Toys, Games & Collectibles and Validate Menu.Happy_Path_Patient_Web_and_MR.DemoPageContainer.afterScenario(io.cucumber.java.Scenario)</span>
</div>
</td>
</tr>
<tr class="tag-test-status" status="fail">
<td><span class="badge log fail-bg">Fail</span></td>
<td>12:59:26 PM</td>
<td>
<a href="#" class="linked" test-id='1' id='168'>Happy_Path_Patient_Web_and_MR.DemoPageContainer.afterScenario(io.cucumber.java.Scenario)</a>
<div class="">
<span class="badge badge-default">BestBuy Purchase.Navigate to Electric Transportation and Validate Menu.Happy_Path_Patient_Web_and_MR.DemoPageContainer.afterScenario(io.cucumber.java.Scenario)</span>
</div>
</td>
</tr>
<tr class="tag-test-status" status="fail">
<td><span class="badge log fail-bg">Fail</span></td>
<td>12:59:26 PM</td>
<td>
<a href="#" class="linked" test-id='1' id='176'>Happy_Path_Patient_Web_and_MR.DemoPageContainer.afterScenario(io.cucumber.java.Scenario)</a>
<div class="">
<span class="badge badge-default">BestBuy Purchase.Navigate to New & Featured and Validate Menu.Happy_Path_Patient_Web_and_MR.DemoPageContainer.afterScenario(io.cucumber.java.Scenario)</span>
</div>
</td>
</tr>
<tr class="tag-test-status" status="fail">
<td><span class="badge log fail-bg">Fail</span></td>
<td>12:59:26 PM</td>
<td>
<a href="#" class="linked" test-id='1' id='183'>Happy_Path_Patient_Web_and_MR.DemoPageContainer.afterScenario(io.cucumber.java.Scenario)</a>
<div class="">
<span class="badge badge-default">BestBuy Purchase.Navigate to Footer Support Links.Happy_Path_Patient_Web_and_MR.DemoPageContainer.afterScenario(io.cucumber.java.Scenario)</span>
</div>
</td>
</tr>
<tr class="tag-test-status" status="fail">
<td><span class="badge log fail-bg">Fail</span></td>
<td>12:59:26 PM</td>
<td>
<a href="#" class="linked" test-id='1' id='190'>Happy_Path_Patient_Web_and_MR.DemoPageContainer.afterScenario(io.cucumber.java.Scenario)</a>
<div class="">
<span class="badge badge-default">BestBuy Purchase.Navigate to All Footer Links.Happy_Path_Patient_Web_and_MR.DemoPageContainer.afterScenario(io.cucumber.java.Scenario)</span>
</div>
</td>
</tr>
<tr class="tag-test-status" status="fail">
<td><span class="badge log fail-bg">Fail</span></td>
<td>12:59:26 PM</td>
<td>
<a href="#" class="linked" test-id='1' id='197'>Happy_Path_Patient_Web_and_MR.DemoPageContainer.afterScenario(io.cucumber.java.Scenario)</a>
<div class="">
<span class="badge badge-default">BestBuy Purchase.Navigate to Footer T&C Links.Happy_Path_Patient_Web_and_MR.DemoPageContainer.afterScenario(io.cucumber.java.Scenario)</span>
</div>
</td>
</tr>
<tr class="tag-test-status" status="fail">
<td><span class="badge log fail-bg">Fail</span></td>
<td>12:59:26 PM</td>
<td>
<a href="#" class="linked" test-id='1' id='210'>Happy_Path_Patient_Web_and_MR.DemoPageContainer.afterScenario(io.cucumber.java.Scenario)</a>
<div class="">
<span class="badge badge-default">BestBuy Purchase.Search a Product from search bar and add it to Cart.Happy_Path_Patient_Web_and_MR.DemoPageContainer.afterScenario(io.cucumber.java.Scenario)</span>
</div>
</td>
</tr>
<tr class="tag-test-status" status="fail">
<td><span class="badge log fail-bg">Fail</span></td>
<td>12:59:26 PM</td>
<td>
<a href="#" class="linked" test-id='1' id='224'>Happy_Path_Patient_Web_and_MR.DemoPageContainer.afterScenario(io.cucumber.java.Scenario)</a>
<div class="">
<span class="badge badge-default">BestBuy Purchase.Navigate to Shop by Department and add a Product to Cart from Toys, Games & Collectibles and Brand Barbie.Happy_Path_Patient_Web_and_MR.DemoPageContainer.afterScenario(io.cucumber.java.Scenario)</span>
</div>
</td>
</tr>
<tr class="tag-test-status" status="fail">
<td><span class="badge log fail-bg">Fail</span></td>
<td>12:59:26 PM</td>
<td>
<a href="#" class="linked" test-id='1' id='238'>Happy_Path_Patient_Web_and_MR.DemoPageContainer.afterScenario(io.cucumber.java.Scenario)</a>
<div class="">
<span class="badge badge-default">BestBuy Purchase.Navigate to Select By Brand and add a Product to Cart from Toys, Games & Collectibles and Brand Barbie.Happy_Path_Patient_Web_and_MR.DemoPageContainer.afterScenario(io.cucumber.java.Scenario)</span>
</div>
</td>
</tr>
</tbody>
</table>
</div>
</li>
<li class="test-item">
<div class="test-detail">
<span class="meta">
<span class='badge log badge-danger'>1</span>
</span>
<p class="name">java.lang.AssertionError</p>
<p class="duration text-sm">1 tests</p>
</div>
<div class="test-contents d-none">
<div class="info">
<h4>java.lang.AssertionError</h4>
<span status="fail" class='badge log badge-danger'>1 failed</span>
</div>
<table class='table table-sm mt-4'>
<thead>
<tr>
<th class="status-col">Status</th>
<th class="timestamp-col">Timestamp</th>
<th>TestName</th>
</tr>
</thead>
<tbody>
<tr class="tag-test-status" status="fail">
<td><span class="badge log fail-bg">Fail</span></td>
<td>12:59:23 PM</td>
<td>
<a href="#" class="linked" test-id='1' id='10'>Given As a user i should navigate to Create Account page</a>
<div class="">
<span class="badge badge-default">BestBuy Purchase.Create Account with No Test Data and Invalid Data.Given As a user i should navigate to Create Account page</span>
</div>
</td>
</tr>
<tr class="tag-test-status" status="fail">
<td><span class="badge log fail-bg">Fail</span></td>
<td>12:59:24 PM</td>
<td>
<a href="#" class="linked" test-id='1' id='20'>Given As a user i should navigate to Sign In button</a>
<div class="">
<span class="badge badge-default">BestBuy Purchase.Login with Existing User.Given As a user i should navigate to Sign In button</span>
</div>
</td>
</tr>
<tr class="tag-test-status" status="fail">
<td><span class="badge log fail-bg">Fail</span></td>
<td>12:59:24 PM</td>
<td>
<a href="#" class="linked" test-id='1' id='28'>Given As a user i should click on Menu Button</a>
<div class="">
<span class="badge badge-default">BestBuy Purchase.Navigate to Deals Menu , Deals and Deals by Category Sub-Menu and its Pages and Validate URL.Given As a user i should click on Menu Button</span>
</div>
</td>
</tr>
<tr class="tag-test-status" status="fail">
<td><span class="badge log fail-bg">Fail</span></td>
<td>12:59:24 PM</td>
<td>
<a href="#" class="linked" test-id='1' id='36'>Given As a user i should click on Menu Button</a>
<div class="">
<span class="badge badge-default">BestBuy Purchase.Navigate to Deals Menu , Deals by Category Sub-Menu and its Pages and Validate URL.Given As a user i should click on Menu Button</span>
</div>
</td>
</tr>
<tr class="tag-test-status" status="fail">
<td><span class="badge log fail-bg">Fail</span></td>
<td>12:59:24 PM</td>
<td>
<a href="#" class="linked" test-id='1' id='44'>Given As a user i should click on Menu Button</a>
<div class="">
<span class="badge badge-default">BestBuy Purchase.Navigate to Deals Menu , Brands Sub-Menu and its Pages and Validate URL.Given As a user i should click on Menu Button</span>
</div>
</td>
</tr>
<tr class="tag-test-status" status="fail">
<td><span class="badge log fail-bg">Fail</span></td>
<td>12:59:24 PM</td>
<td>
<a href="#" class="linked" test-id='1' id='52'>Given As a user i should click on Menu Button</a>
<div class="">
<span class="badge badge-default">BestBuy Purchase.Navigate to Appliances Menu and Validate Menu.Given As a user i should click on Menu Button</span>
</div>
</td>
</tr>
<tr class="tag-test-status" status="fail">
<td><span class="badge log fail-bg">Fail</span></td>
<td>12:59:25 PM</td>
<td>
<a href="#" class="linked" test-id='1' id='60'>Given As a user i should click on Menu Button</a>
<div class="">
<span class="badge badge-default">BestBuy Purchase.Navigate to TV & Home Theatre Menu and Validate Menu.Given As a user i should click on Menu Button</span>
</div>
</td>
</tr>
<tr class="tag-test-status" status="fail">
<td><span class="badge log fail-bg">Fail</span></td>
<td>12:59:25 PM</td>
<td>
<a href="#" class="linked" test-id='1' id='68'>Given As a user i should click on Menu Button</a>
<div class="">
<span class="badge badge-default">BestBuy Purchase.Navigate to Computers & Tablets Menu and Validate Menu.Given As a user i should click on Menu Button</span>
</div>
</td>
</tr>
<tr class="tag-test-status" status="fail">
<td><span class="badge log fail-bg">Fail</span></td>
<td>12:59:25 PM</td>
<td>
<a href="#" class="linked" test-id='1' id='76'>Given As a user i should click on Menu Button</a>
<div class="">
<span class="badge badge-default">BestBuy Purchase.Navigate to Cell Phones Menu and Validate Menu.Given As a user i should click on Menu Button</span>
</div>
</td>
</tr>
<tr class="tag-test-status" status="fail">
<td><span class="badge log fail-bg">Fail</span></td>
<td>12:59:25 PM</td>
<td>
<a href="#" class="linked" test-id='1' id='84'>Given As a user i should click on Menu Button</a>
<div class="">
<span class="badge badge-default">BestBuy Purchase.Navigate to Audio and Head Phones Menu and Validate Menu.Given As a user i should click on Menu Button</span>
</div>
</td>
</tr>
<tr class="tag-test-status" status="fail">
<td><span class="badge log fail-bg">Fail</span></td>
<td>12:59:25 PM</td>
<td>
<a href="#" class="linked" test-id='1' id='92'>Given As a user i should click on Menu Button</a>
<div class="">
<span class="badge badge-default">BestBuy Purchase.Navigate to Video Games Menu and Validate Menu.Given As a user i should click on Menu Button</span>
</div>
</td>
</tr>
<tr class="tag-test-status" status="fail">
<td><span class="badge log fail-bg">Fail</span></td>
<td>12:59:25 PM</td>
<td>
<a href="#" class="linked" test-id='1' id='100'>Given As a user i should click on Menu Button</a>
<div class="">
<span class="badge badge-default">BestBuy Purchase.Navigate to Cameras,Cam recorders and Drones and Validate Menu.Given As a user i should click on Menu Button</span>
</div>
</td>
</tr>
<tr class="tag-test-status" status="fail">
<td><span class="badge log fail-bg">Fail</span></td>
<td>12:59:25 PM</td>
<td>
<a href="#" class="linked" test-id='1' id='108'>Given As a user i should click on Menu Button</a>
<div class="">
<span class="badge badge-default">BestBuy Purchase.Navigate to Home,Furniture and Office and Validate Menu.Given As a user i should click on Menu Button</span>
</div>
</td>
</tr>
<tr class="tag-test-status" status="fail">
<td><span class="badge log fail-bg">Fail</span></td>
<td>12:59:25 PM</td>
<td>
<a href="#" class="linked" test-id='1' id='116'>Given As a user i should click on Menu Button</a>
<div class="">
<span class="badge badge-default">BestBuy Purchase.Navigate to Smart Home, Security & Wi-Fi and Validate Menu.Given As a user i should click on Menu Button</span>
</div>
</td>
</tr>
<tr class="tag-test-status" status="fail">
<td><span class="badge log fail-bg">Fail</span></td>
<td>12:59:25 PM</td>
<td>
<a href="#" class="linked" test-id='1' id='124'>Given As a user i should click on Menu Button</a>
<div class="">
<span class="badge badge-default">BestBuy Purchase.Navigate to Car Electronics & GPS and Validate Menu.Given As a user i should click on Menu Button</span>
</div>
</td>
</tr>
<tr class="tag-test-status" status="fail">
<td><span class="badge log fail-bg">Fail</span></td>
<td>12:59:25 PM</td>
<td>
<a href="#" class="linked" test-id='1' id='132'>Given As a user i should click on Menu Button</a>
<div class="">
<span class="badge badge-default">BestBuy Purchase.Navigate to Wearable Technology and Validate Menu.Given As a user i should click on Menu Button</span>
</div>
</td>
</tr>
<tr class="tag-test-status" status="fail">
<td><span class="badge log fail-bg">Fail</span></td>
<td>12:59:25 PM</td>
<td>
<a href="#" class="linked" test-id='1' id='140'>Given As a user i should click on Menu Button</a>
<div class="">
<span class="badge badge-default">BestBuy Purchase.Navigate to Health, Wellness & Fitness and Validate Menu.Given As a user i should click on Menu Button</span>
</div>
</td>
</tr>
<tr class="tag-test-status" status="fail">
<td><span class="badge log fail-bg">Fail</span></td>
<td>12:59:25 PM</td>
<td>
<a href="#" class="linked" test-id='1' id='148'>Given As a user i should click on Menu Button</a>
<div class="">
<span class="badge badge-default">BestBuy Purchase.Navigate to Outdoor Living and Validate Menu.Given As a user i should click on Menu Button</span>
</div>
</td>
</tr>
<tr class="tag-test-status" status="fail">
<td><span class="badge log fail-bg">Fail</span></td>
<td>12:59:25 PM</td>
<td>
<a href="#" class="linked" test-id='1' id='156'>Given As a user i should click on Menu Button</a>
<div class="">
<span class="badge badge-default">BestBuy Purchase.Navigate to Toys, Games & Collectibles and Validate Menu.Given As a user i should click on Menu Button</span>
</div>
</td>
</tr>
<tr class="tag-test-status" status="fail">
<td><span class="badge log fail-bg">Fail</span></td>
<td>12:59:26 PM</td>
<td>
<a href="#" class="linked" test-id='1' id='164'>Given As a user i should click on Menu Button</a>
<div class="">
<span class="badge badge-default">BestBuy Purchase.Navigate to Electric Transportation and Validate Menu.Given As a user i should click on Menu Button</span>
</div>
</td>
</tr>
<tr class="tag-test-status" status="fail">
<td><span class="badge log fail-bg">Fail</span></td>
<td>12:59:26 PM</td>
<td>
<a href="#" class="linked" test-id='1' id='172'>Given As a user i should click on Menu Button</a>
<div class="">
<span class="badge badge-default">BestBuy Purchase.Navigate to New & Featured and Validate Menu.Given As a user i should click on Menu Button</span>
</div>
</td>
</tr>
<tr class="tag-test-status" status="fail">
<td><span class="badge log fail-bg">Fail</span></td>
<td>12:59:26 PM</td>
<td>
<a href="#" class="linked" test-id='1' id='180'>Given As a user i should click on BestBuy Button</a>
<div class="">
<span class="badge badge-default">BestBuy Purchase.Navigate to Footer Support Links.Given As a user i should click on BestBuy Button</span>
</div>
</td>
</tr>
<tr class="tag-test-status" status="fail">
<td><span class="badge log fail-bg">Fail</span></td>
<td>12:59:26 PM</td>
<td>
<a href="#" class="linked" test-id='1' id='187'>Given As a user i should click on BestBuy Button</a>
<div class="">
<span class="badge badge-default">BestBuy Purchase.Navigate to All Footer Links.Given As a user i should click on BestBuy Button</span>
</div>
</td>
</tr>
<tr class="tag-test-status" status="fail">
<td><span class="badge log fail-bg">Fail</span></td>
<td>12:59:26 PM</td>
<td>
<a href="#" class="linked" test-id='1' id='194'>Given As a user i should click on BestBuy Button</a>
<div class="">
<span class="badge badge-default">BestBuy Purchase.Navigate to Footer T&C Links.Given As a user i should click on BestBuy Button</span>
</div>
</td>
</tr>
<tr class="tag-test-status" status="fail">
<td><span class="badge log fail-bg">Fail</span></td>
<td>12:59:26 PM</td>
<td>
<a href="#" class="linked" test-id='1' id='201'>Given As a user i should click on BestBuy Button</a>
<div class="">
<span class="badge badge-default">BestBuy Purchase.Search a Product from search bar and add it to Cart.Given As a user i should click on BestBuy Button</span>
</div>
</td>
</tr>
<tr class="tag-test-status" status="fail">
<td><span class="badge log fail-bg">Fail</span></td>
<td>12:59:26 PM</td>
<td>
<a href="#" class="linked" test-id='1' id='214'>Given As a user i should click on BestBuy Button</a>
<div class="">
<span class="badge badge-default">BestBuy Purchase.Navigate to Shop by Department and add a Product to Cart from Toys, Games & Collectibles and Brand Barbie.Given As a user i should click on BestBuy Button</span>
</div>
</td>
</tr>
<tr class="tag-test-status" status="fail">
<td><span class="badge log fail-bg">Fail</span></td>
<td>12:59:26 PM</td>
<td>
<a href="#" class="linked" test-id='1' id='228'>Given As a user i should click on BestBuy Button</a>
<div class="">
<span class="badge badge-default">BestBuy Purchase.Navigate to Select By Brand and add a Product to Cart from Toys, Games & Collectibles and Brand Barbie.Given As a user i should click on BestBuy Button</span>
</div>
</td>
</tr>
</tbody>
</table>
</div>
</li>
</ul>
</div>
</div>
<div class="test-content scrollable">
<div class="test-content-detail">
<div class="detail-body"></div>
</div>
</div>
</div>        </div>
      </div>
    </div>
  </div>
<script src="https://cdn.jsdelivr.net/gh/extent-framework/extent-github-cdn@14e9bb345ef7e2ed3a102f271d84e9f0267c88e7/spark/js/spark-script.js"></script>
<script type="text/javascript"></script></body>
</html>